2025/11/26 22:17:12.992087 [Main] Storing Slips logs in output/router_2025-11-26_22-16-04.pcap_2025-11-26_22:17:12/
2025/11/26 22:17:14.032502 [Main] Using redis server on port: 6379
2025/11/26 22:17:14.032623 [Main] Started Main process [PID 5192]
2025/11/26 22:17:14.366057 [Main] Starting modules
2025/11/26 22:17:17.302332 [Main] 		Starting the module ARP (Detect ARP attacks) [PID 5213]
2025/11/26 22:17:17.656924 [Main] 		Starting the module Flow Alerts (Alerts about flows: long connection, successful ssh, password guessing, self-signed certificate, data exfiltration, etc.) [PID 5215]
2025/11/26 22:17:17.696825 [Main] 		Starting the module Flow ML Detection (Train or test a Machine Learning model to detect malicious flows) [PID 5217]
2025/11/26 22:17:17.736997 [Main] 		Starting the module HTTP Analyzer (Analyze HTTP flows) [PID 5218]
2025/11/26 22:17:17.999145 [Main] 		Starting the module IP Info (Get different info about an IP/MAC address) [PID 5219]
2025/11/26 22:17:18.016955 [Main] 		Starting the module Network Discovery (Detect Horizonal, Vertical, ICMP and DHCP Scans.) [PID 5220]
2025/11/26 22:17:18.057778 [Main] 		Starting the module Risk IQ (Module to get passive DNS info about IPs from RiskIQ) [PID 5221]
2025/11/26 22:17:18.099186 [Main] 		Starting the module RNN C&C Detection (Detect C&C channels based on behavioral letters) [PID 5222]
2025/11/26 22:17:18.142882 [Main] 		Starting the module Threat Intelligence (Check if the source IP or destination IP are in a malicious list of IPs) [PID 5232]
2025/11/26 22:17:18.183569 [Main] 		Starting the module Timeline (Creates kalipso timeline of what happened in the network based on flows and available data) [PID 5234]
2025/11/26 22:17:18.487269 [Main] 		Starting the module Update Manager (Update Threat Intelligence files) [PID 5235]
2025/11/26 22:17:18.494827 [Update Manager] Checking if we need to download TI files.
2025/11/26 22:17:18.530127 [Main] 		Starting the module Virustotal (IP, domain and file hash lookup on Virustotal) [PID 5236]
2025/11/26 22:17:19.031004 [Main] Disabled Modules: ['template', 'exporting_alerts', 'p2ptrust', 'fidesModule', 'irisModule', 'cesnet', 'blocking', 'arp_poisoner', 'leak_detector', 'cyst']
2025/11/26 22:17:19.310819 [Main] Started Evidence Process [PID 5237]
2025/11/26 22:17:19.317800 [EvidenceHandler] Using threshold: 0.25
2025/11/26 22:17:19.595484 [Main] Started Profiler Process [PID 5238]
2025/11/26 22:17:19.601235 [Main] Metadata added to output/router_2025-11-26_22-16-04.pcap_2025-11-26_22:17:12/metadata
2025/11/26 22:17:19.640815 [Main] Started Input Process [PID 5242]
2025/11/26 22:17:19.653853 [Input] Storing zeek log files in output/router_2025-11-26_22-16-04.pcap_2025-11-26_22:17:12/zeek_files
2025/11/26 22:17:19.656772 [Main] Warning: Slips may generate a large amount of traffic by querying TI sites.
2025/11/26 22:17:22.709747 [Profiler] Used local network: 172.16.0.0/12
2025/11/26 22:17:52.664353 [Input] Done reading all flows. Stopping the input process. Sent 223 lines for the profiler process.
2025/11/26 22:17:52.664656 [Input] Telling Profiler to stop because no more input is arriving.
2025/11/26 22:17:52.664747 [Input] Waiting for Profiler to stop.
2025/11/26 22:17:52.666311 [Profiler] Stopping. Total lines read: 223
2025/11/26 22:17:52.666452 [Profiler] Marking Profiler as done processing.
2025/11/26 22:17:52.666502 [Profiler] Profiler is done processing.
2025/11/26 22:17:52.666590 [Profiler] Profiler is done telling input.py that it's done processing.
2025/11/26 22:17:52.667924 [Input] Input is done processing.
2025/11/26 22:17:52.672853 [Input] Stopping. Total lines read: 223
2025/11/26 22:17:54.765166 [Main] 
---------------------------
2025/11/26 22:17:54.765325 [Main] Stopping Slips
2025/11/26 22:17:54.769963 [Main] Total flows read (without altflows): 8
2025/11/26 22:17:54.770664 [Main] Killing modules that took more than 0.0 mins to finish.
2025/11/26 22:17:57.777558 [Main] 	EvidenceHandler      	Stopped. 12 left.
2025/11/26 22:17:57.781230 [Main] 	Flow Alerts          	Stopped. 11 left.
2025/11/26 22:17:57.784638 [Main] 	Network Discovery    	Stopped. 10 left.
2025/11/26 22:17:57.788113 [Main] 	Timeline             	Stopped. 9 left.
2025/11/26 22:17:57.791357 [Main] 	HTTP Analyzer        	Stopped. 8 left.
2025/11/26 22:18:00.798302 [Main] 	Update Manager       	Stopped. 7 left.
2025/11/26 22:18:00.802106 [Main] 	Flow ML Detection    	Stopped. 6 left.
2025/11/26 22:18:03.808439 [Main] 	IP Info              	Stopped. 5 left.
2025/11/26 22:18:03.812043 [Main] 	Profiler             	Stopped. 4 left.
2025/11/26 22:18:03.815619 [Main] 	RNN C&C Detection    	Stopped. 3 left.
2025/11/26 22:18:03.819121 [Main] 	Threat Intelligence  	Stopped. 2 left.
2025/11/26 22:18:03.822391 [Main] 	ARP                  	Stopped. 1 left.
2025/11/26 22:18:03.825540 [Main] 	Input                	Stopped. 0 left.
2025/11/26 22:18:03.826509 [Main] Analysis of dataset/router_2025-11-26_22-16-04.pcap finished in 27.84 minutes
2025/11/26 22:18:03.828220 [Main] [Process Manager] Slips didn't shutdown gracefully - Killing modules that took more than 0.0 mins to finish.

