2025/11/26 22:08:29.378592 [Main] Storing Slips logs in output/router_2025-11-26_22-07-35.pcap_2025-11-26_22:08:29/
2025/11/26 22:08:30.419127 [Main] Using redis server on port: 6379
2025/11/26 22:08:30.419251 [Main] Started Main process [PID 3588]
2025/11/26 22:08:30.750053 [Main] Starting modules
2025/11/26 22:08:33.683864 [Main] 		Starting the module ARP (Detect ARP attacks) [PID 3609]
2025/11/26 22:08:34.037839 [Main] 		Starting the module Flow Alerts (Alerts about flows: long connection, successful ssh, password guessing, self-signed certificate, data exfiltration, etc.) [PID 3611]
2025/11/26 22:08:34.077194 [Main] 		Starting the module Flow ML Detection (Train or test a Machine Learning model to detect malicious flows) [PID 3613]
2025/11/26 22:08:34.118091 [Main] 		Starting the module HTTP Analyzer (Analyze HTTP flows) [PID 3614]
2025/11/26 22:08:34.378918 [Main] 		Starting the module IP Info (Get different info about an IP/MAC address) [PID 3615]
2025/11/26 22:08:34.395001 [Main] 		Starting the module Network Discovery (Detect Horizonal, Vertical, ICMP and DHCP Scans.) [PID 3616]
2025/11/26 22:08:34.434518 [Main] 		Starting the module Risk IQ (Module to get passive DNS info about IPs from RiskIQ) [PID 3617]
2025/11/26 22:08:34.474988 [Main] 		Starting the module RNN C&C Detection (Detect C&C channels based on behavioral letters) [PID 3618]
2025/11/26 22:08:34.518305 [Main] 		Starting the module Threat Intelligence (Check if the source IP or destination IP are in a malicious list of IPs) [PID 3628]
2025/11/26 22:08:34.557616 [Main] 		Starting the module Timeline (Creates kalipso timeline of what happened in the network based on flows and available data) [PID 3630]
2025/11/26 22:08:34.858544 [Main] 		Starting the module Update Manager (Update Threat Intelligence files) [PID 3631]
2025/11/26 22:08:34.865440 [Update Manager] Checking if we need to download TI files.
2025/11/26 22:08:34.899654 [Main] 		Starting the module Virustotal (IP, domain and file hash lookup on Virustotal) [PID 3632]
2025/11/26 22:08:35.400523 [Main] Disabled Modules: ['template', 'exporting_alerts', 'p2ptrust', 'fidesModule', 'irisModule', 'cesnet', 'blocking', 'arp_poisoner', 'leak_detector', 'cyst']
2025/11/26 22:08:35.677369 [Main] Started Evidence Process [PID 3633]
2025/11/26 22:08:35.684279 [EvidenceHandler] Using threshold: 0.25
2025/11/26 22:08:35.957321 [Main] Started Profiler Process [PID 3634]
2025/11/26 22:08:35.962857 [Main] Metadata added to output/router_2025-11-26_22-07-35.pcap_2025-11-26_22:08:29/metadata
2025/11/26 22:08:36.000943 [Main] Started Input Process [PID 3638]
2025/11/26 22:08:36.009284 [Input] Storing zeek log files in output/router_2025-11-26_22-07-35.pcap_2025-11-26_22:08:29/zeek_files
2025/11/26 22:08:36.014979 [Main] Warning: Slips may generate a large amount of traffic by querying TI sites.
2025/11/26 22:08:39.068355 [Profiler] Used local network: 172.16.0.0/12
2025/11/26 22:09:09.019459 [Input] Done reading all flows. Stopping the input process. Sent 171 lines for the profiler process.
2025/11/26 22:09:09.020003 [Input] Telling Profiler to stop because no more input is arriving.
2025/11/26 22:09:09.020641 [Input] Waiting for Profiler to stop.
2025/11/26 22:09:09.022727 [Profiler] Stopping. Total lines read: 171
2025/11/26 22:09:09.022863 [Profiler] Marking Profiler as done processing.
2025/11/26 22:09:09.022910 [Profiler] Profiler is done processing.
2025/11/26 22:09:09.023159 [Input] Input is done processing.
2025/11/26 22:09:09.023156 [Profiler] Profiler is done telling input.py that it's done processing.
2025/11/26 22:09:09.028973 [Input] Stopping. Total lines read: 171
2025/11/26 22:09:11.119677 [Main] 
---------------------------
2025/11/26 22:09:11.119853 [Main] Stopping Slips
2025/11/26 22:09:11.124149 [Main] Total flows read (without altflows): 7
2025/11/26 22:09:11.124840 [Main] Killing modules that took more than 0.0 mins to finish.
2025/11/26 22:09:14.131863 [Main] 	EvidenceHandler      	Stopped. 12 left.
2025/11/26 22:09:14.135693 [Main] 	Flow Alerts          	Stopped. 11 left.
2025/11/26 22:09:14.139110 [Main] 	Network Discovery    	Stopped. 10 left.
2025/11/26 22:09:14.142624 [Main] 	Timeline             	Stopped. 9 left.
2025/11/26 22:09:17.149521 [Main] 	Update Manager       	Stopped. 8 left.
2025/11/26 22:09:17.153204 [Main] 	HTTP Analyzer        	Stopped. 7 left.
2025/11/26 22:09:17.156665 [Main] 	Flow ML Detection    	Stopped. 6 left.
2025/11/26 22:09:20.163281 [Main] 	IP Info              	Stopped. 5 left.
2025/11/26 22:09:20.166799 [Main] 	Profiler             	Stopped. 4 left.
2025/11/26 22:09:20.170221 [Main] 	RNN C&C Detection    	Stopped. 3 left.
2025/11/26 22:09:20.173568 [Main] 	Threat Intelligence  	Stopped. 2 left.
2025/11/26 22:09:20.176822 [Main] 	ARP                  	Stopped. 1 left.
2025/11/26 22:09:20.179954 [Main] 	Input                	Stopped. 0 left.
2025/11/26 22:09:20.180993 [Main] Analysis of dataset/router_2025-11-26_22-07-35.pcap finished in 19.11 minutes
2025/11/26 22:09:20.182691 [Main] [Process Manager] Slips didn't shutdown gracefully - Killing modules that took more than 0.0 mins to finish.

