2025/11/27 16:19:45.851802 [Main] Storing Slips logs in output/router_2025-11-27_16-18-11.pcap_2025-11-27_16:19:45/
2025/11/27 16:19:46.895497 [Main] Using redis server on port: 6379
2025/11/27 16:19:46.895617 [Main] Started Main process [PID 7779]
2025/11/27 16:19:47.226691 [Main] Starting modules
2025/11/27 16:19:50.184494 [Main] 		Starting the module ARP (Detect ARP attacks) [PID 7812]
2025/11/27 16:19:50.538401 [Main] 		Starting the module Flow Alerts (Alerts about flows: long connection, successful ssh, password guessing, self-signed certificate, data exfiltration, etc.) [PID 7815]
2025/11/27 16:19:50.579135 [Main] 		Starting the module Flow ML Detection (Train or test a Machine Learning model to detect malicious flows) [PID 7817]
2025/11/27 16:19:50.621050 [Main] 		Starting the module HTTP Analyzer (Analyze HTTP flows) [PID 7818]
2025/11/27 16:19:50.883167 [Main] 		Starting the module IP Info (Get different info about an IP/MAC address) [PID 7819]
2025/11/27 16:19:50.902287 [Main] 		Starting the module Network Discovery (Detect Horizonal, Vertical, ICMP and DHCP Scans.) [PID 7820]
2025/11/27 16:19:50.944187 [Main] 		Starting the module Risk IQ (Module to get passive DNS info about IPs from RiskIQ) [PID 7821]
2025/11/27 16:19:50.987524 [Main] 		Starting the module RNN C&C Detection (Detect C&C channels based on behavioral letters) [PID 7822]
2025/11/27 16:19:51.033563 [Main] 		Starting the module Threat Intelligence (Check if the source IP or destination IP are in a malicious list of IPs) [PID 7832]
2025/11/27 16:19:51.077051 [Main] 		Starting the module Timeline (Creates kalipso timeline of what happened in the network based on flows and available data) [PID 7834]
2025/11/27 16:19:51.381740 [Main] 		Starting the module Update Manager (Update Threat Intelligence files) [PID 7835]
2025/11/27 16:19:51.389061 [Update Manager] Checking if we need to download TI files.
2025/11/27 16:19:51.425172 [Main] 		Starting the module Virustotal (IP, domain and file hash lookup on Virustotal) [PID 7836]
2025/11/27 16:19:51.925894 [Main] Disabled Modules: ['template', 'exporting_alerts', 'p2ptrust', 'fidesModule', 'irisModule', 'cesnet', 'blocking', 'arp_poisoner', 'leak_detector', 'cyst']
2025/11/27 16:19:52.205136 [Main] Started Evidence Process [PID 7845]
2025/11/27 16:19:52.211698 [EvidenceHandler] Using threshold: 0.25
2025/11/27 16:19:52.486860 [Main] Started Profiler Process [PID 7846]
2025/11/27 16:19:52.492829 [Main] Metadata added to output/router_2025-11-27_16-18-11.pcap_2025-11-27_16:19:45/metadata
2025/11/27 16:19:52.537115 [Main] Started Input Process [PID 7850]
2025/11/27 16:19:52.549047 [Input] Storing zeek log files in output/router_2025-11-27_16-18-11.pcap_2025-11-27_16:19:45/zeek_files
2025/11/27 16:19:52.554921 [Main] Warning: Slips may generate a large amount of traffic by querying TI sites.
2025/11/27 16:19:53.070362 [Input] Zeek error. return code: 0 error:b"1764260350.220572 warning in /opt/zeek/share/zeek/base/misc/find-filtered-trace.zeek, line 69: The analyzed trace file was determined to contain only TCP control packets, which may indicate it's been pre-filtered.  By default, Zeek reports the missing segments for this type of trace, but the 'detect_filtered_trace' option may be toggled if that's not desired."
2025/11/27 16:19:55.617646 [Profiler] Used local network: 172.16.0.0/12
2025/11/27 16:19:55.619265 [Profiler] Used local network: 172.16.0.0/12
2025/11/27 16:20:25.561096 [Input] Done reading all flows. Stopping the input process. Sent 268 lines for the profiler process.
2025/11/27 16:20:25.561613 [Input] Telling Profiler to stop because no more input is arriving.
2025/11/27 16:20:25.561708 [Input] Waiting for Profiler to stop.
2025/11/27 16:20:25.562942 [Profiler] Stopping. Total lines read: 268
2025/11/27 16:20:25.563065 [Profiler] Marking Profiler as done processing.
2025/11/27 16:20:25.563109 [Profiler] Profiler is done processing.
2025/11/27 16:20:25.563190 [Profiler] Profiler is done telling input.py that it's done processing.
2025/11/27 16:20:25.563915 [Input] Input is done processing.
2025/11/27 16:20:25.567671 [Input] Stopping. Total lines read: 268
2025/11/27 16:20:27.661472 [Main] 
---------------------------
2025/11/27 16:20:27.661696 [Main] Stopping Slips
2025/11/27 16:20:27.667489 [Main] Total flows read (without altflows): 11
2025/11/27 16:20:27.668301 [Main] Killing modules that took more than 0.0 mins to finish.
2025/11/27 16:20:27.696604 [Main] 	Flow ML Detection    	Stopped. 12 left.
2025/11/27 16:20:27.700569 [Main] 	Timeline             	Stopped. 11 left.
2025/11/27 16:20:30.707573 [Main] 	Update Manager       	Stopped. 10 left.
2025/11/27 16:20:33.714240 [Main] 	EvidenceHandler      	Stopped. 9 left.
2025/11/27 16:20:33.718000 [Main] 	Network Discovery    	Stopped. 8 left.
2025/11/27 16:20:33.721574 [Main] 	ARP                  	Stopped. 7 left.
2025/11/27 16:20:33.725213 [Main] 	RNN C&C Detection    	Stopped. 6 left.
2025/11/27 16:20:33.728887 [Main] 	HTTP Analyzer        	Stopped. 5 left.
2025/11/27 16:20:33.732490 [Main] 	Flow Alerts          	Stopped. 4 left.
2025/11/27 16:20:36.739359 [Main] 	IP Info              	Stopped. 3 left.
2025/11/27 16:20:36.743058 [Main] 	Threat Intelligence  	Stopped. 2 left.
2025/11/27 16:20:36.746539 [Main] 	Input                	Stopped. 1 left.
2025/11/27 16:20:36.749920 [Main] 	Profiler             	Stopped. 0 left.
2025/11/27 16:20:36.750897 [Main] Analysis of dataset/router_2025-11-27_16-18-11.pcap finished in 32.25 minutes
2025/11/27 16:20:36.752612 [Main] [Process Manager] Slips didn't shutdown gracefully - Killing modules that took more than 0.0 mins to finish.

