2025/11/27 16:21:38.432808 [Main] Storing Slips logs in output/router_2025-11-27_16-20-11.pcap_2025-11-27_16:21:38/
2025/11/27 16:21:39.476116 [Main] Using redis server on port: 6379
2025/11/27 16:21:39.476240 [Main] Started Main process [PID 8265]
2025/11/27 16:21:39.808505 [Main] Starting modules
2025/11/27 16:21:42.755035 [Main] 		Starting the module ARP (Detect ARP attacks) [PID 8287]
2025/11/27 16:21:43.110991 [Main] 		Starting the module Flow Alerts (Alerts about flows: long connection, successful ssh, password guessing, self-signed certificate, data exfiltration, etc.) [PID 8296]
2025/11/27 16:21:43.151119 [Main] 		Starting the module Flow ML Detection (Train or test a Machine Learning model to detect malicious flows) [PID 8298]
2025/11/27 16:21:43.193030 [Main] 		Starting the module HTTP Analyzer (Analyze HTTP flows) [PID 8299]
2025/11/27 16:21:43.458451 [Main] 		Starting the module IP Info (Get different info about an IP/MAC address) [PID 8300]
2025/11/27 16:21:43.476970 [Main] 		Starting the module Network Discovery (Detect Horizonal, Vertical, ICMP and DHCP Scans.) [PID 8301]
2025/11/27 16:21:43.517741 [Main] 		Starting the module Risk IQ (Module to get passive DNS info about IPs from RiskIQ) [PID 8302]
2025/11/27 16:21:43.557613 [Main] 		Starting the module RNN C&C Detection (Detect C&C channels based on behavioral letters) [PID 8303]
2025/11/27 16:21:43.600916 [Main] 		Starting the module Threat Intelligence (Check if the source IP or destination IP are in a malicious list of IPs) [PID 8313]
2025/11/27 16:21:43.641872 [Main] 		Starting the module Timeline (Creates kalipso timeline of what happened in the network based on flows and available data) [PID 8315]
2025/11/27 16:21:43.945587 [Main] 		Starting the module Update Manager (Update Threat Intelligence files) [PID 8316]
2025/11/27 16:21:43.953290 [Update Manager] Checking if we need to download TI files.
2025/11/27 16:21:43.988157 [Main] 		Starting the module Virustotal (IP, domain and file hash lookup on Virustotal) [PID 8317]
2025/11/27 16:21:44.489107 [Main] Disabled Modules: ['template', 'exporting_alerts', 'p2ptrust', 'fidesModule', 'irisModule', 'cesnet', 'blocking', 'arp_poisoner', 'leak_detector', 'cyst']
2025/11/27 16:21:44.767360 [Main] Started Evidence Process [PID 8318]
2025/11/27 16:21:44.773740 [EvidenceHandler] Using threshold: 0.25
2025/11/27 16:21:45.050004 [Main] Started Profiler Process [PID 8319]
2025/11/27 16:21:45.055031 [Main] Metadata added to output/router_2025-11-27_16-20-11.pcap_2025-11-27_16:21:38/metadata
2025/11/27 16:21:45.094728 [Main] Started Input Process [PID 8323]
2025/11/27 16:21:45.103451 [Input] Storing zeek log files in output/router_2025-11-27_16-20-11.pcap_2025-11-27_16:21:38/zeek_files
2025/11/27 16:21:45.111931 [Main] Warning: Slips may generate a large amount of traffic by querying TI sites.
2025/11/27 16:21:48.171277 [Profiler] Used local network: 172.16.0.0/12
2025/11/27 16:22:18.115289 [Input] Done reading all flows. Stopping the input process. Sent 263 lines for the profiler process.
2025/11/27 16:22:18.115785 [Input] Telling Profiler to stop because no more input is arriving.
2025/11/27 16:22:18.115875 [Input] Waiting for Profiler to stop.
2025/11/27 16:22:18.117092 [Profiler] Stopping. Total lines read: 263
2025/11/27 16:22:18.117327 [Profiler] Marking Profiler as done processing.
2025/11/27 16:22:18.117424 [Profiler] Profiler is done processing.
2025/11/27 16:22:18.117603 [Profiler] Profiler is done telling input.py that it's done processing.
2025/11/27 16:22:18.117609 [Input] Input is done processing.
2025/11/27 16:22:18.121838 [Input] Stopping. Total lines read: 263
2025/11/27 16:22:20.222459 [Main] 
---------------------------
2025/11/27 16:22:20.222615 [Main] Stopping Slips
2025/11/27 16:22:20.227117 [Main] Total flows read (without altflows): 12
2025/11/27 16:22:20.227893 [Main] Killing modules that took more than 0.0 mins to finish.
2025/11/27 16:22:20.231904 [Main] 	Input                	Stopped. 12 left.
2025/11/27 16:22:23.237034 [Main] 	EvidenceHandler      	Stopped. 11 left.
2025/11/27 16:22:23.240931 [Main] 	Flow Alerts          	Stopped. 10 left.
2025/11/27 16:22:23.244511 [Main] 	Network Discovery    	Stopped. 9 left.
2025/11/27 16:22:23.247994 [Main] 	Timeline             	Stopped. 8 left.
2025/11/27 16:22:23.251487 [Main] 	RNN C&C Detection    	Stopped. 7 left.
2025/11/27 16:22:23.254989 [Main] 	HTTP Analyzer        	Stopped. 6 left.
2025/11/27 16:22:23.258362 [Main] 	Flow ML Detection    	Stopped. 5 left.
2025/11/27 16:22:26.265281 [Main] 	Update Manager       	Stopped. 4 left.
2025/11/27 16:22:26.269066 [Main] 	ARP                  	Stopped. 3 left.
2025/11/27 16:22:29.276100 [Main] 	IP Info              	Stopped. 2 left.
2025/11/27 16:22:29.279605 [Main] 	Profiler             	Stopped. 1 left.
2025/11/27 16:22:29.282783 [Main] 	Threat Intelligence  	Stopped. 0 left.
2025/11/27 16:22:29.283948 [Main] Analysis of dataset/router_2025-11-27_16-20-11.pcap finished in 34.13 minutes
2025/11/27 16:22:29.285663 [Main] [Process Manager] Slips didn't shutdown gracefully - Killing modules that took more than 0.0 mins to finish.

