2025/11/26 22:14:26.086005 [Main] Storing Slips logs in output/router_2025-11-26_22-12-49.pcap_2025-11-26_22:14:26/
2025/11/26 22:14:27.126903 [Main] Using redis server on port: 6379
2025/11/26 22:14:27.127025 [Main] Started Main process [PID 4665]
2025/11/26 22:14:27.456947 [Main] Starting modules
2025/11/26 22:14:30.388260 [Main] 		Starting the module ARP (Detect ARP attacks) [PID 4686]
2025/11/26 22:14:30.741012 [Main] 		Starting the module Flow Alerts (Alerts about flows: long connection, successful ssh, password guessing, self-signed certificate, data exfiltration, etc.) [PID 4688]
2025/11/26 22:14:30.780099 [Main] 		Starting the module Flow ML Detection (Train or test a Machine Learning model to detect malicious flows) [PID 4690]
2025/11/26 22:14:30.820451 [Main] 		Starting the module HTTP Analyzer (Analyze HTTP flows) [PID 4697]
2025/11/26 22:14:31.082845 [Main] 		Starting the module IP Info (Get different info about an IP/MAC address) [PID 4699]
2025/11/26 22:14:31.099984 [Main] 		Starting the module Network Discovery (Detect Horizonal, Vertical, ICMP and DHCP Scans.) [PID 4700]
2025/11/26 22:14:31.140276 [Main] 		Starting the module Risk IQ (Module to get passive DNS info about IPs from RiskIQ) [PID 4701]
2025/11/26 22:14:31.181357 [Main] 		Starting the module RNN C&C Detection (Detect C&C channels based on behavioral letters) [PID 4702]
2025/11/26 22:14:31.223501 [Main] 		Starting the module Threat Intelligence (Check if the source IP or destination IP are in a malicious list of IPs) [PID 4712]
2025/11/26 22:14:31.263509 [Main] 		Starting the module Timeline (Creates kalipso timeline of what happened in the network based on flows and available data) [PID 4714]
2025/11/26 22:14:31.566181 [Main] 		Starting the module Update Manager (Update Threat Intelligence files) [PID 4715]
2025/11/26 22:14:31.574082 [Update Manager] Checking if we need to download TI files.
2025/11/26 22:14:31.607711 [Main] 		Starting the module Virustotal (IP, domain and file hash lookup on Virustotal) [PID 4716]
2025/11/26 22:14:32.108616 [Main] Disabled Modules: ['template', 'exporting_alerts', 'p2ptrust', 'fidesModule', 'irisModule', 'cesnet', 'blocking', 'arp_poisoner', 'leak_detector', 'cyst']
2025/11/26 22:14:32.388331 [Main] Started Evidence Process [PID 4717]
2025/11/26 22:14:32.394963 [EvidenceHandler] Using threshold: 0.25
2025/11/26 22:14:32.671827 [Main] Started Profiler Process [PID 4718]
2025/11/26 22:14:32.677150 [Main] Metadata added to output/router_2025-11-26_22-12-49.pcap_2025-11-26_22:14:26/metadata
2025/11/26 22:14:32.715265 [Main] Started Input Process [PID 4722]
2025/11/26 22:14:32.723103 [Input] Storing zeek log files in output/router_2025-11-26_22-12-49.pcap_2025-11-26_22:14:26/zeek_files
2025/11/26 22:14:32.731143 [Main] Warning: Slips may generate a large amount of traffic by querying TI sites.
2025/11/26 22:14:35.776402 [Profiler] Used local network: 172.16.0.0/12
2025/11/26 22:15:05.731605 [Input] Done reading all flows. Stopping the input process. Sent 231 lines for the profiler process.
2025/11/26 22:15:05.731896 [Input] Telling Profiler to stop because no more input is arriving.
2025/11/26 22:15:05.732437 [Input] Waiting for Profiler to stop.
2025/11/26 22:15:05.733829 [Profiler] Stopping. Total lines read: 231
2025/11/26 22:15:05.733943 [Profiler] Marking Profiler as done processing.
2025/11/26 22:15:05.733988 [Profiler] Profiler is done processing.
2025/11/26 22:15:05.734069 [Profiler] Profiler is done telling input.py that it's done processing.
2025/11/26 22:15:05.735280 [Input] Input is done processing.
2025/11/26 22:15:05.736436 [Input] Stopping. Total lines read: 231
2025/11/26 22:15:07.840433 [Main] 
---------------------------
2025/11/26 22:15:07.840591 [Main] Stopping Slips
2025/11/26 22:15:07.845664 [Main] Total flows read (without altflows): 7
2025/11/26 22:15:07.846800 [Main] Killing modules that took more than 0.0 mins to finish.
2025/11/26 22:15:07.881078 [Main] 	Network Discovery    	Stopped. 12 left.
2025/11/26 22:15:10.887797 [Main] 	IP Info              	Stopped. 11 left.
2025/11/26 22:15:10.891822 [Main] 	Profiler             	Stopped. 10 left.
2025/11/26 22:15:13.897959 [Main] 	Update Manager       	Stopped. 9 left.
2025/11/26 22:15:16.904586 [Main] 	EvidenceHandler      	Stopped. 8 left.
2025/11/26 22:15:16.908321 [Main] 	Input                	Stopped. 7 left.
2025/11/26 22:15:16.911641 [Main] 	ARP                  	Stopped. 6 left.
2025/11/26 22:15:16.914778 [Main] 	Flow ML Detection    	Stopped. 5 left.
2025/11/26 22:15:16.918020 [Main] 	Threat Intelligence  	Stopped. 4 left.
2025/11/26 22:15:16.921136 [Main] 	RNN C&C Detection    	Stopped. 3 left.
2025/11/26 22:15:16.924217 [Main] 	Timeline             	Stopped. 2 left.
2025/11/26 22:15:16.927294 [Main] 	Flow Alerts          	Stopped. 1 left.
2025/11/26 22:15:16.930294 [Main] 	HTTP Analyzer        	Stopped. 0 left.
2025/11/26 22:15:16.931290 [Main] Analysis of dataset/router_2025-11-26_22-12-49.pcap finished in 25.06 minutes
2025/11/26 22:15:16.932912 [Main] [Process Manager] Slips didn't shutdown gracefully - Killing modules that took more than 0.0 mins to finish.

