2025/11/26 21:53:46.955496 [Main] Storing Slips logs in output/router_2025-11-26_21-52-09.pcap_2025-11-26_21:53:46/
2025/11/26 21:53:47.995226 [Main] Using redis server on port: 6379
2025/11/26 21:53:47.995355 [Main] Started Main process [PID 800]
2025/11/26 21:53:48.328001 [Main] Starting modules
2025/11/26 21:53:51.291481 [Main] 		Starting the module ARP (Detect ARP attacks) [PID 821]
2025/11/26 21:53:51.644801 [Main] 		Starting the module Flow Alerts (Alerts about flows: long connection, successful ssh, password guessing, self-signed certificate, data exfiltration, etc.) [PID 823]
2025/11/26 21:53:51.684346 [Main] 		Starting the module Flow ML Detection (Train or test a Machine Learning model to detect malicious flows) [PID 825]
2025/11/26 21:53:51.724923 [Main] 		Starting the module HTTP Analyzer (Analyze HTTP flows) [PID 826]
2025/11/26 21:53:51.986073 [Main] 		Starting the module IP Info (Get different info about an IP/MAC address) [PID 827]
2025/11/26 21:53:52.004515 [Main] 		Starting the module Network Discovery (Detect Horizonal, Vertical, ICMP and DHCP Scans.) [PID 828]
2025/11/26 21:53:52.043782 [Main] 		Starting the module Risk IQ (Module to get passive DNS info about IPs from RiskIQ) [PID 829]
2025/11/26 21:53:52.083785 [Main] 		Starting the module RNN C&C Detection (Detect C&C channels based on behavioral letters) [PID 830]
2025/11/26 21:53:52.125842 [Main] 		Starting the module Threat Intelligence (Check if the source IP or destination IP are in a malicious list of IPs) [PID 840]
2025/11/26 21:53:52.165699 [Main] 		Starting the module Timeline (Creates kalipso timeline of what happened in the network based on flows and available data) [PID 842]
2025/11/26 21:53:52.467727 [Main] 		Starting the module Update Manager (Update Threat Intelligence files) [PID 843]
2025/11/26 21:53:52.475016 [Update Manager] Checking if we need to download TI files.
2025/11/26 21:53:52.510445 [Main] 		Starting the module Virustotal (IP, domain and file hash lookup on Virustotal) [PID 844]
2025/11/26 21:53:53.011267 [Main] Disabled Modules: ['template', 'exporting_alerts', 'p2ptrust', 'fidesModule', 'irisModule', 'cesnet', 'blocking', 'arp_poisoner', 'leak_detector', 'cyst']
2025/11/26 21:53:53.289890 [Main] Started Evidence Process [PID 845]
2025/11/26 21:53:53.296297 [EvidenceHandler] Using threshold: 0.25
2025/11/26 21:53:53.571582 [Main] Started Profiler Process [PID 846]
2025/11/26 21:53:53.576608 [Main] Metadata added to output/router_2025-11-26_21-52-09.pcap_2025-11-26_21:53:46/metadata
2025/11/26 21:53:53.615309 [Main] Started Input Process [PID 850]
2025/11/26 21:53:53.627979 [Input] Storing zeek log files in output/router_2025-11-26_21-52-09.pcap_2025-11-26_21:53:46/zeek_files
2025/11/26 21:53:53.634351 [Main] Warning: Slips may generate a large amount of traffic by querying TI sites.
2025/11/26 21:53:56.687868 [Profiler] Used local network: 172.16.0.0/12
2025/11/26 21:54:26.635664 [Input] Done reading all flows. Stopping the input process. Sent 115 lines for the profiler process.
2025/11/26 21:54:26.636217 [Input] Telling Profiler to stop because no more input is arriving.
2025/11/26 21:54:26.636297 [Input] Waiting for Profiler to stop.
2025/11/26 21:54:26.638122 [Profiler] Stopping. Total lines read: 115
2025/11/26 21:54:26.638370 [Profiler] Marking Profiler as done processing.
2025/11/26 21:54:26.638465 [Profiler] Profiler is done processing.
2025/11/26 21:54:26.638670 [Profiler] Profiler is done telling input.py that it's done processing.
2025/11/26 21:54:26.638682 [Input] Input is done processing.
2025/11/26 21:54:26.640231 [Input] Stopping. Total lines read: 115
2025/11/26 21:54:28.742895 [Main] 
---------------------------
2025/11/26 21:54:28.743062 [Main] Stopping Slips
2025/11/26 21:54:28.747355 [Main] Total flows read (without altflows): 5
2025/11/26 21:54:28.748022 [Main] Killing modules that took more than 0.0 mins to finish.
2025/11/26 21:54:28.777219 [Main] 	HTTP Analyzer        	Stopped. 12 left.
2025/11/26 21:54:28.780867 [Main] 	Timeline             	Stopped. 11 left.
2025/11/26 21:54:28.784240 [Main] 	Input                	Stopped. 10 left.
2025/11/26 21:54:29.248245 [Main] 	IP Info              	Stopped. 9 left.
2025/11/26 21:54:32.254415 [Main] 	EvidenceHandler      	Stopped. 8 left.
2025/11/26 21:54:32.257911 [Main] 	RNN C&C Detection    	Stopped. 7 left.
2025/11/26 21:54:35.264690 [Main] 	Update Manager       	Stopped. 6 left.
2025/11/26 21:54:35.268520 [Main] 	Threat Intelligence  	Stopped. 5 left.
2025/11/26 21:54:35.271981 [Main] 	Flow ML Detection    	Stopped. 4 left.
2025/11/26 21:54:35.275738 [Main] 	Network Discovery    	Stopped. 3 left.
2025/11/26 21:54:35.279666 [Main] 	ARP                  	Stopped. 2 left.
2025/11/26 21:54:35.282902 [Main] 	Profiler             	Stopped. 1 left.
2025/11/26 21:54:35.286068 [Main] 	Flow Alerts          	Stopped. 0 left.
2025/11/26 21:54:35.287020 [Main] Analysis of dataset/router_2025-11-26_21-52-09.pcap finished in 4.36 minutes
2025/11/26 21:54:35.288439 [Main] [Process Manager] Slips didn't shutdown gracefully - Killing modules that took more than 0.0 mins to finish.

