2025/11/27 16:03:57.365628 [Main] Storing Slips logs in output/router_2025-11-27_16-03-00.pcap_2025-11-27_16:03:57/
2025/11/27 16:03:58.406320 [Main] Using redis server on port: 6379
2025/11/27 16:03:58.406463 [Main] Started Main process [PID 3732]
2025/11/27 16:03:58.736984 [Main] Starting modules
2025/11/27 16:04:01.648082 [Main] 		Starting the module ARP (Detect ARP attacks) [PID 3753]
2025/11/27 16:04:02.001855 [Main] 		Starting the module Flow Alerts (Alerts about flows: long connection, successful ssh, password guessing, self-signed certificate, data exfiltration, etc.) [PID 3760]
2025/11/27 16:04:02.041034 [Main] 		Starting the module Flow ML Detection (Train or test a Machine Learning model to detect malicious flows) [PID 3762]
2025/11/27 16:04:02.080819 [Main] 		Starting the module HTTP Analyzer (Analyze HTTP flows) [PID 3763]
2025/11/27 16:04:02.342636 [Main] 		Starting the module IP Info (Get different info about an IP/MAC address) [PID 3764]
2025/11/27 16:04:02.358634 [Main] 		Starting the module Network Discovery (Detect Horizonal, Vertical, ICMP and DHCP Scans.) [PID 3765]
2025/11/27 16:04:02.397518 [Main] 		Starting the module Risk IQ (Module to get passive DNS info about IPs from RiskIQ) [PID 3766]
2025/11/27 16:04:02.437033 [Main] 		Starting the module RNN C&C Detection (Detect C&C channels based on behavioral letters) [PID 3767]
2025/11/27 16:04:02.479490 [Main] 		Starting the module Threat Intelligence (Check if the source IP or destination IP are in a malicious list of IPs) [PID 3777]
2025/11/27 16:04:02.519831 [Main] 		Starting the module Timeline (Creates kalipso timeline of what happened in the network based on flows and available data) [PID 3779]
2025/11/27 16:04:02.821790 [Main] 		Starting the module Update Manager (Update Threat Intelligence files) [PID 3787]
2025/11/27 16:04:02.828700 [Update Manager] Checking if we need to download TI files.
2025/11/27 16:04:02.863037 [Main] 		Starting the module Virustotal (IP, domain and file hash lookup on Virustotal) [PID 3788]
2025/11/27 16:04:03.363783 [Main] Disabled Modules: ['template', 'exporting_alerts', 'p2ptrust', 'fidesModule', 'irisModule', 'cesnet', 'blocking', 'arp_poisoner', 'leak_detector', 'cyst']
2025/11/27 16:04:03.644469 [Main] Started Evidence Process [PID 3796]
2025/11/27 16:04:03.650696 [EvidenceHandler] Using threshold: 0.25
2025/11/27 16:04:03.926460 [Main] Started Profiler Process [PID 3798]
2025/11/27 16:04:03.932136 [Main] Metadata added to output/router_2025-11-27_16-03-00.pcap_2025-11-27_16:03:57/metadata
2025/11/27 16:04:03.971058 [Main] Started Input Process [PID 3802]
2025/11/27 16:04:03.983748 [Input] Storing zeek log files in output/router_2025-11-27_16-03-00.pcap_2025-11-27_16:03:57/zeek_files
2025/11/27 16:04:03.985987 [Main] Warning: Slips may generate a large amount of traffic by querying TI sites.
2025/11/27 16:04:07.039236 [Profiler] Used local network: 172.16.0.0/12
2025/11/27 16:04:36.995190 [Input] Done reading all flows. Stopping the input process. Sent 188 lines for the profiler process.
2025/11/27 16:04:36.995779 [Input] Telling Profiler to stop because no more input is arriving.
2025/11/27 16:04:36.996241 [Input] Waiting for Profiler to stop.
2025/11/27 16:04:36.998664 [Profiler] Stopping. Total lines read: 188
2025/11/27 16:04:36.998883 [Profiler] Marking Profiler as done processing.
2025/11/27 16:04:36.999052 [Profiler] Profiler is done processing.
2025/11/27 16:04:36.999250 [Profiler] Profiler is done telling input.py that it's done processing.
2025/11/27 16:04:36.999496 [Input] Input is done processing.
2025/11/27 16:04:37.005040 [Input] Stopping. Total lines read: 188
2025/11/27 16:04:39.095845 [Main] 
---------------------------
2025/11/27 16:04:39.096022 [Main] Stopping Slips
2025/11/27 16:04:39.100889 [Main] Total flows read (without altflows): 9
2025/11/27 16:04:39.101576 [Main] Killing modules that took more than 0.0 mins to finish.
2025/11/27 16:04:39.105514 [Main] 	Input                	Stopped. 12 left.
2025/11/27 16:04:42.110553 [Main] 	EvidenceHandler      	Stopped. 11 left.
2025/11/27 16:04:42.114479 [Main] 	Flow Alerts          	Stopped. 10 left.
2025/11/27 16:04:42.118143 [Main] 	Network Discovery    	Stopped. 9 left.
2025/11/27 16:04:42.121617 [Main] 	Timeline             	Stopped. 8 left.
2025/11/27 16:04:45.127663 [Main] 	Update Manager       	Stopped. 7 left.
2025/11/27 16:04:45.131152 [Main] 	RNN C&C Detection    	Stopped. 6 left.
2025/11/27 16:04:45.134500 [Main] 	HTTP Analyzer        	Stopped. 5 left.
2025/11/27 16:04:45.137847 [Main] 	Flow ML Detection    	Stopped. 4 left.
2025/11/27 16:04:45.141357 [Main] 	ARP                  	Stopped. 3 left.
2025/11/27 16:04:48.147814 [Main] 	IP Info              	Stopped. 2 left.
2025/11/27 16:04:48.151475 [Main] 	Profiler             	Stopped. 1 left.
2025/11/27 16:04:48.154913 [Main] 	Threat Intelligence  	Stopped. 0 left.
2025/11/27 16:04:48.156096 [Main] Analysis of dataset/router_2025-11-27_16-03-00.pcap finished in 16.44 minutes
2025/11/27 16:04:48.158124 [Main] [Process Manager] Slips didn't shutdown gracefully - Killing modules that took more than 0.0 mins to finish.

