2025/11/26 21:57:18.323642 [Main] Storing Slips logs in output/router_2025-11-26_21-56-11.pcap_2025-11-26_21:57:18/
2025/11/26 21:57:19.367144 [Main] Using redis server on port: 6379
2025/11/26 21:57:19.367299 [Main] Started Main process [PID 1482]
2025/11/26 21:57:19.700043 [Main] Starting modules
2025/11/26 21:57:22.637563 [Main] 		Starting the module ARP (Detect ARP attacks) [PID 1503]
2025/11/26 21:57:22.991606 [Main] 		Starting the module Flow Alerts (Alerts about flows: long connection, successful ssh, password guessing, self-signed certificate, data exfiltration, etc.) [PID 1505]
2025/11/26 21:57:23.031814 [Main] 		Starting the module Flow ML Detection (Train or test a Machine Learning model to detect malicious flows) [PID 1507]
2025/11/26 21:57:23.073988 [Main] 		Starting the module HTTP Analyzer (Analyze HTTP flows) [PID 1508]
2025/11/26 21:57:23.338090 [Main] 		Starting the module IP Info (Get different info about an IP/MAC address) [PID 1509]
2025/11/26 21:57:23.356755 [Main] 		Starting the module Network Discovery (Detect Horizonal, Vertical, ICMP and DHCP Scans.) [PID 1510]
2025/11/26 21:57:23.399677 [Main] 		Starting the module Risk IQ (Module to get passive DNS info about IPs from RiskIQ) [PID 1511]
2025/11/26 21:57:23.441242 [Main] 		Starting the module RNN C&C Detection (Detect C&C channels based on behavioral letters) [PID 1512]
2025/11/26 21:57:23.485088 [Main] 		Starting the module Threat Intelligence (Check if the source IP or destination IP are in a malicious list of IPs) [PID 1522]
2025/11/26 21:57:23.526291 [Main] 		Starting the module Timeline (Creates kalipso timeline of what happened in the network based on flows and available data) [PID 1524]
2025/11/26 21:57:23.831016 [Main] 		Starting the module Update Manager (Update Threat Intelligence files) [PID 1525]
2025/11/26 21:57:23.838699 [Update Manager] Checking if we need to download TI files.
2025/11/26 21:57:23.873557 [Main] 		Starting the module Virustotal (IP, domain and file hash lookup on Virustotal) [PID 1526]
2025/11/26 21:57:24.374043 [Main] Disabled Modules: ['template', 'exporting_alerts', 'p2ptrust', 'fidesModule', 'irisModule', 'cesnet', 'blocking', 'arp_poisoner', 'leak_detector', 'cyst']
2025/11/26 21:57:24.656532 [Main] Started Evidence Process [PID 1527]
2025/11/26 21:57:24.663256 [EvidenceHandler] Using threshold: 0.25
2025/11/26 21:57:24.939803 [Main] Started Profiler Process [PID 1528]
2025/11/26 21:57:24.944516 [Main] Metadata added to output/router_2025-11-26_21-56-11.pcap_2025-11-26_21:57:18/metadata
2025/11/26 21:57:24.986494 [Main] Started Input Process [PID 1532]
2025/11/26 21:57:24.994798 [Input] Storing zeek log files in output/router_2025-11-26_21-56-11.pcap_2025-11-26_21:57:18/zeek_files
2025/11/26 21:57:25.000666 [Main] Warning: Slips may generate a large amount of traffic by querying TI sites.
2025/11/26 21:57:28.058854 [Profiler] Used local network: 172.16.0.0/12
2025/11/26 21:57:58.005229 [Input] Done reading all flows. Stopping the input process. Sent 116 lines for the profiler process.
2025/11/26 21:57:58.005926 [Input] Telling Profiler to stop because no more input is arriving.
2025/11/26 21:57:58.006318 [Input] Waiting for Profiler to stop.
2025/11/26 21:57:58.008201 [Profiler] Stopping. Total lines read: 116
2025/11/26 21:57:58.008402 [Profiler] Marking Profiler as done processing.
2025/11/26 21:57:58.008480 [Profiler] Profiler is done processing.
2025/11/26 21:57:58.008913 [Profiler] Profiler is done telling input.py that it's done processing.
2025/11/26 21:57:58.008921 [Input] Input is done processing.
2025/11/26 21:57:58.010551 [Input] Stopping. Total lines read: 116
2025/11/26 21:58:00.113938 [Main] 
---------------------------
2025/11/26 21:58:00.114103 [Main] Stopping Slips
2025/11/26 21:58:00.118127 [Main] Total flows read (without altflows): 5
2025/11/26 21:58:00.118888 [Main] Killing modules that took more than 0.0 mins to finish.
2025/11/26 21:58:03.124783 [Main] 	EvidenceHandler      	Stopped. 12 left.
2025/11/26 21:58:03.128524 [Main] 	Flow Alerts          	Stopped. 11 left.
2025/11/26 21:58:03.132157 [Main] 	Network Discovery    	Stopped. 10 left.
2025/11/26 21:58:03.135796 [Main] 	Timeline             	Stopped. 9 left.
2025/11/26 21:58:03.139084 [Main] 	HTTP Analyzer        	Stopped. 8 left.
2025/11/26 21:58:03.142187 [Main] 	Flow ML Detection    	Stopped. 7 left.
2025/11/26 21:58:03.145364 [Main] 	IP Info              	Stopped. 6 left.
2025/11/26 21:58:03.148437 [Main] 	Profiler             	Stopped. 5 left.
2025/11/26 21:58:03.151540 [Main] 	RNN C&C Detection    	Stopped. 4 left.
2025/11/26 21:58:06.158315 [Main] 	Update Manager       	Stopped. 3 left.
2025/11/26 21:58:06.162069 [Main] 	Threat Intelligence  	Stopped. 2 left.
2025/11/26 21:58:06.165650 [Main] 	ARP                  	Stopped. 1 left.
2025/11/26 21:58:06.169844 [Main] 	Input                	Stopped. 0 left.
2025/11/26 21:58:06.170950 [Main] Analysis of dataset/router_2025-11-26_21-56-11.pcap finished in 7.88 minutes
2025/11/26 21:58:06.173095 [Main] [Process Manager] Slips didn't shutdown gracefully - Killing modules that took more than 0.0 mins to finish.

