2025/11/27 16:15:03.429605 [Main] Storing Slips logs in output/router_2025-11-27_16-14-07.pcap_2025-11-27_16:15:03/
2025/11/27 16:15:04.471027 [Main] Using redis server on port: 6379
2025/11/27 16:15:04.471146 [Main] Started Main process [PID 6578]
2025/11/27 16:15:04.806274 [Main] Starting modules
2025/11/27 16:15:07.734467 [Main] 		Starting the module ARP (Detect ARP attacks) [PID 6599]
2025/11/27 16:15:08.091639 [Main] 		Starting the module Flow Alerts (Alerts about flows: long connection, successful ssh, password guessing, self-signed certificate, data exfiltration, etc.) [PID 6601]
2025/11/27 16:15:08.132212 [Main] 		Starting the module Flow ML Detection (Train or test a Machine Learning model to detect malicious flows) [PID 6603]
2025/11/27 16:15:08.174618 [Main] 		Starting the module HTTP Analyzer (Analyze HTTP flows) [PID 6604]
2025/11/27 16:15:08.440317 [Main] 		Starting the module IP Info (Get different info about an IP/MAC address) [PID 6605]
2025/11/27 16:15:08.458414 [Main] 		Starting the module Network Discovery (Detect Horizonal, Vertical, ICMP and DHCP Scans.) [PID 6606]
2025/11/27 16:15:08.498903 [Main] 		Starting the module Risk IQ (Module to get passive DNS info about IPs from RiskIQ) [PID 6607]
2025/11/27 16:15:08.539046 [Main] 		Starting the module RNN C&C Detection (Detect C&C channels based on behavioral letters) [PID 6608]
2025/11/27 16:15:08.583989 [Main] 		Starting the module Threat Intelligence (Check if the source IP or destination IP are in a malicious list of IPs) [PID 6618]
2025/11/27 16:15:08.626648 [Main] 		Starting the module Timeline (Creates kalipso timeline of what happened in the network based on flows and available data) [PID 6620]
2025/11/27 16:15:08.932668 [Main] 		Starting the module Update Manager (Update Threat Intelligence files) [PID 6621]
2025/11/27 16:15:08.939623 [Update Manager] Checking if we need to download TI files.
2025/11/27 16:15:08.975041 [Main] 		Starting the module Virustotal (IP, domain and file hash lookup on Virustotal) [PID 6622]
2025/11/27 16:15:09.475697 [Main] Disabled Modules: ['template', 'exporting_alerts', 'p2ptrust', 'fidesModule', 'irisModule', 'cesnet', 'blocking', 'arp_poisoner', 'leak_detector', 'cyst']
2025/11/27 16:15:09.758404 [Main] Started Evidence Process [PID 6630]
2025/11/27 16:15:09.764737 [EvidenceHandler] Using threshold: 0.25
2025/11/27 16:15:10.041129 [Main] Started Profiler Process [PID 6631]
2025/11/27 16:15:10.045764 [Main] Metadata added to output/router_2025-11-27_16-14-07.pcap_2025-11-27_16:15:03/metadata
2025/11/27 16:15:10.084662 [Main] Started Input Process [PID 6635]
2025/11/27 16:15:10.093710 [Input] Storing zeek log files in output/router_2025-11-27_16-14-07.pcap_2025-11-27_16:15:03/zeek_files
2025/11/27 16:15:10.102845 [Main] Warning: Slips may generate a large amount of traffic by querying TI sites.
2025/11/27 16:15:10.549220 [Input] Zeek error. return code: 0 error:b"1764260103.481414 warning in /opt/zeek/share/zeek/base/misc/find-filtered-trace.zeek, line 69: The analyzed trace file was determined to contain only TCP control packets, which may indicate it's been pre-filtered.  By default, Zeek reports the missing segments for this type of trace, but the 'detect_filtered_trace' option may be toggled if that's not desired."
2025/11/27 16:15:13.153874 [Profiler] Used local network: 172.16.0.0/12
2025/11/27 16:15:43.105148 [Input] Done reading all flows. Stopping the input process. Sent 229 lines for the profiler process.
2025/11/27 16:15:43.105434 [Input] Telling Profiler to stop because no more input is arriving.
2025/11/27 16:15:43.105935 [Input] Waiting for Profiler to stop.
2025/11/27 16:15:43.107322 [Profiler] Stopping. Total lines read: 229
2025/11/27 16:15:43.107575 [Profiler] Marking Profiler as done processing.
2025/11/27 16:15:43.107651 [Profiler] Profiler is done processing.
2025/11/27 16:15:43.107828 [Profiler] Profiler is done telling input.py that it's done processing.
2025/11/27 16:15:43.107833 [Input] Input is done processing.
2025/11/27 16:15:43.112959 [Input] Stopping. Total lines read: 229
2025/11/27 16:15:45.217791 [Main] 
---------------------------
2025/11/27 16:15:45.217958 [Main] Stopping Slips
2025/11/27 16:15:45.223009 [Main] Total flows read (without altflows): 10
2025/11/27 16:15:45.223827 [Main] Killing modules that took more than 0.0 mins to finish.
2025/11/27 16:15:45.241455 [Main] 	Network Discovery    	Stopped. 12 left.
2025/11/27 16:15:48.249232 [Main] 	IP Info              	Stopped. 11 left.
2025/11/27 16:15:48.252877 [Main] 	Profiler             	Stopped. 10 left.
2025/11/27 16:15:51.259814 [Main] 	EvidenceHandler      	Stopped. 9 left.
2025/11/27 16:15:51.263298 [Main] 	Input                	Stopped. 8 left.
2025/11/27 16:15:51.266664 [Main] 	ARP                  	Stopped. 7 left.
2025/11/27 16:15:51.270079 [Main] 	Flow ML Detection    	Stopped. 6 left.
2025/11/27 16:15:51.273329 [Main] 	Threat Intelligence  	Stopped. 5 left.
2025/11/27 16:15:51.276348 [Main] 	RNN C&C Detection    	Stopped. 4 left.
2025/11/27 16:15:51.279294 [Main] 	Timeline             	Stopped. 3 left.
2025/11/27 16:15:54.285087 [Main] 	Update Manager       	Stopped. 2 left.
2025/11/27 16:15:54.288604 [Main] 	Flow Alerts          	Stopped. 1 left.
2025/11/27 16:15:54.292330 [Main] 	HTTP Analyzer        	Stopped. 0 left.
2025/11/27 16:15:54.293448 [Main] Analysis of dataset/router_2025-11-27_16-14-07.pcap finished in 27.55 minutes
2025/11/27 16:15:54.294928 [Main] [Process Manager] Slips didn't shutdown gracefully - Killing modules that took more than 0.0 mins to finish.

