2025/11/26 22:18:15.300256 [Main] Storing Slips logs in output/router_2025-11-26_22-18-11.pcap_2025-11-26_22:18:15/
2025/11/26 22:18:16.341318 [Main] Using redis server on port: 6379
2025/11/26 22:18:16.341450 [Main] Started Main process [PID 5372]
2025/11/26 22:18:16.672516 [Main] Starting modules
2025/11/26 22:18:19.596981 [Main] 		Starting the module ARP (Detect ARP attacks) [PID 5393]
2025/11/26 22:18:19.950676 [Main] 		Starting the module Flow Alerts (Alerts about flows: long connection, successful ssh, password guessing, self-signed certificate, data exfiltration, etc.) [PID 5395]
2025/11/26 22:18:19.989547 [Main] 		Starting the module Flow ML Detection (Train or test a Machine Learning model to detect malicious flows) [PID 5397]
2025/11/26 22:18:20.029433 [Main] 		Starting the module HTTP Analyzer (Analyze HTTP flows) [PID 5398]
2025/11/26 22:18:20.290565 [Main] 		Starting the module IP Info (Get different info about an IP/MAC address) [PID 5399]
2025/11/26 22:18:20.306603 [Main] 		Starting the module Network Discovery (Detect Horizonal, Vertical, ICMP and DHCP Scans.) [PID 5400]
2025/11/26 22:18:20.345535 [Main] 		Starting the module Risk IQ (Module to get passive DNS info about IPs from RiskIQ) [PID 5401]
2025/11/26 22:18:20.384367 [Main] 		Starting the module RNN C&C Detection (Detect C&C channels based on behavioral letters) [PID 5402]
2025/11/26 22:18:20.427453 [Main] 		Starting the module Threat Intelligence (Check if the source IP or destination IP are in a malicious list of IPs) [PID 5412]
2025/11/26 22:18:20.467173 [Main] 		Starting the module Timeline (Creates kalipso timeline of what happened in the network based on flows and available data) [PID 5414]
2025/11/26 22:18:20.769323 [Main] 		Starting the module Update Manager (Update Threat Intelligence files) [PID 5415]
2025/11/26 22:18:20.776459 [Update Manager] Checking if we need to download TI files.
2025/11/26 22:18:20.811623 [Main] 		Starting the module Virustotal (IP, domain and file hash lookup on Virustotal) [PID 5416]
2025/11/26 22:18:21.312342 [Main] Disabled Modules: ['template', 'exporting_alerts', 'p2ptrust', 'fidesModule', 'irisModule', 'cesnet', 'blocking', 'arp_poisoner', 'leak_detector', 'cyst']
2025/11/26 22:18:21.589279 [Main] Started Evidence Process [PID 5417]
2025/11/26 22:18:21.595848 [EvidenceHandler] Using threshold: 0.25
2025/11/26 22:18:21.868840 [Main] Started Profiler Process [PID 5418]
2025/11/26 22:18:21.873266 [Main] Metadata added to output/router_2025-11-26_22-18-11.pcap_2025-11-26_22:18:15/metadata
2025/11/26 22:18:21.910882 [Main] Started Input Process [PID 5422]
2025/11/26 22:18:21.919713 [Input] Storing zeek log files in output/router_2025-11-26_22-18-11.pcap_2025-11-26_22:18:15/zeek_files
2025/11/26 22:18:21.929473 [Main] Warning: Slips may generate a large amount of traffic by querying TI sites.
2025/11/26 22:18:24.976152 [Profiler] Used local network: 172.16.0.0/12
2025/11/26 22:18:54.935868 [Input] Done reading all flows. Stopping the input process. Sent 216 lines for the profiler process.
2025/11/26 22:18:54.936156 [Input] Telling Profiler to stop because no more input is arriving.
2025/11/26 22:18:54.936221 [Input] Waiting for Profiler to stop.
2025/11/26 22:18:54.938301 [Profiler] Stopping. Total lines read: 216
2025/11/26 22:18:54.938448 [Profiler] Marking Profiler as done processing.
2025/11/26 22:18:54.938499 [Profiler] Profiler is done processing.
2025/11/26 22:18:54.938706 [Input] Input is done processing.
2025/11/26 22:18:54.938687 [Profiler] Profiler is done telling input.py that it's done processing.
2025/11/26 22:18:54.943823 [Input] Stopping. Total lines read: 216
2025/11/26 22:18:57.042129 [Main] 
---------------------------
2025/11/26 22:18:57.042286 [Main] Stopping Slips
2025/11/26 22:18:57.046959 [Main] Total flows read (without altflows): 8
2025/11/26 22:18:57.047629 [Main] Killing modules that took more than 0.0 mins to finish.
2025/11/26 22:19:00.054646 [Main] 	EvidenceHandler      	Stopped. 12 left.
2025/11/26 22:19:00.058666 [Main] 	Flow Alerts          	Stopped. 11 left.
2025/11/26 22:19:00.062203 [Main] 	Network Discovery    	Stopped. 10 left.
2025/11/26 22:19:00.065632 [Main] 	Timeline             	Stopped. 9 left.
2025/11/26 22:19:00.068987 [Main] 	HTTP Analyzer        	Stopped. 8 left.
2025/11/26 22:19:03.075984 [Main] 	Update Manager       	Stopped. 7 left.
2025/11/26 22:19:03.080074 [Main] 	Flow ML Detection    	Stopped. 6 left.
2025/11/26 22:19:06.087087 [Main] 	IP Info              	Stopped. 5 left.
2025/11/26 22:19:06.090515 [Main] 	Profiler             	Stopped. 4 left.
2025/11/26 22:19:06.093936 [Main] 	RNN C&C Detection    	Stopped. 3 left.
2025/11/26 22:19:06.097367 [Main] 	Threat Intelligence  	Stopped. 2 left.
2025/11/26 22:19:06.100820 [Main] 	ARP                  	Stopped. 1 left.
2025/11/26 22:19:06.104007 [Main] 	Input                	Stopped. 0 left.
2025/11/26 22:19:06.105017 [Main] Analysis of dataset/router_2025-11-26_22-18-11.pcap finished in 28.87 minutes
2025/11/26 22:19:06.106813 [Main] [Process Manager] Slips didn't shutdown gracefully - Killing modules that took more than 0.0 mins to finish.

