2025/11/27 15:53:47.736840 [Main] Storing Slips logs in output/router_2025-11-27_15-52-16.pcap_2025-11-27_15:53:47/
2025/11/27 15:53:48.778157 [Main] Using redis server on port: 6379
2025/11/27 15:53:48.778286 [Main] Started Main process [PID 1219]
2025/11/27 15:53:49.114292 [Main] Starting modules
2025/11/27 15:53:52.075641 [Main] 		Starting the module ARP (Detect ARP attacks) [PID 1240]
2025/11/27 15:53:52.433513 [Main] 		Starting the module Flow Alerts (Alerts about flows: long connection, successful ssh, password guessing, self-signed certificate, data exfiltration, etc.) [PID 1242]
2025/11/27 15:53:52.474740 [Main] 		Starting the module Flow ML Detection (Train or test a Machine Learning model to detect malicious flows) [PID 1244]
2025/11/27 15:53:52.517123 [Main] 		Starting the module HTTP Analyzer (Analyze HTTP flows) [PID 1245]
2025/11/27 15:53:52.782001 [Main] 		Starting the module IP Info (Get different info about an IP/MAC address) [PID 1246]
2025/11/27 15:53:52.800599 [Main] 		Starting the module Network Discovery (Detect Horizonal, Vertical, ICMP and DHCP Scans.) [PID 1247]
2025/11/27 15:53:52.841869 [Main] 		Starting the module Risk IQ (Module to get passive DNS info about IPs from RiskIQ) [PID 1248]
2025/11/27 15:53:52.883570 [Main] 		Starting the module RNN C&C Detection (Detect C&C channels based on behavioral letters) [PID 1249]
2025/11/27 15:53:52.931984 [Main] 		Starting the module Threat Intelligence (Check if the source IP or destination IP are in a malicious list of IPs) [PID 1259]
2025/11/27 15:53:52.974523 [Main] 		Starting the module Timeline (Creates kalipso timeline of what happened in the network based on flows and available data) [PID 1261]
2025/11/27 15:53:53.280922 [Main] 		Starting the module Update Manager (Update Threat Intelligence files) [PID 1268]
2025/11/27 15:53:53.291498 [Update Manager] Checking if we need to download TI files.
2025/11/27 15:53:53.324993 [Main] 		Starting the module Virustotal (IP, domain and file hash lookup on Virustotal) [PID 1270]
2025/11/27 15:53:53.826086 [Main] Disabled Modules: ['template', 'exporting_alerts', 'p2ptrust', 'fidesModule', 'irisModule', 'cesnet', 'blocking', 'arp_poisoner', 'leak_detector', 'cyst']
2025/11/27 15:53:54.107616 [Main] Started Evidence Process [PID 1271]
2025/11/27 15:53:54.114348 [EvidenceHandler] Using threshold: 0.25
2025/11/27 15:53:54.390297 [Main] Started Profiler Process [PID 1272]
2025/11/27 15:53:54.394728 [Main] Metadata added to output/router_2025-11-27_15-52-16.pcap_2025-11-27_15:53:47/metadata
2025/11/27 15:53:54.434451 [Main] Started Input Process [PID 1276]
2025/11/27 15:53:54.447790 [Input] Storing zeek log files in output/router_2025-11-27_15-52-16.pcap_2025-11-27_15:53:47/zeek_files
2025/11/27 15:53:54.450319 [Main] Warning: Slips may generate a large amount of traffic by querying TI sites.
2025/11/27 15:53:57.500858 [Profiler] Used local network: 172.16.0.0/12
2025/11/27 15:54:27.457163 [Input] Done reading all flows. Stopping the input process. Sent 123 lines for the profiler process.
2025/11/27 15:54:27.457464 [Input] Telling Profiler to stop because no more input is arriving.
2025/11/27 15:54:27.457798 [Input] Waiting for Profiler to stop.
2025/11/27 15:54:27.459679 [Profiler] Stopping. Total lines read: 123
2025/11/27 15:54:27.459801 [Profiler] Marking Profiler as done processing.
2025/11/27 15:54:27.459845 [Profiler] Profiler is done processing.
2025/11/27 15:54:27.460092 [Profiler] Profiler is done telling input.py that it's done processing.
2025/11/27 15:54:27.460098 [Input] Input is done processing.
2025/11/27 15:54:27.466136 [Input] Stopping. Total lines read: 123
2025/11/27 15:54:29.564413 [Main] 
---------------------------
2025/11/27 15:54:29.564554 [Main] Stopping Slips
2025/11/27 15:54:29.570562 [Main] Total flows read (without altflows): 6
2025/11/27 15:54:29.571365 [Main] Killing modules that took more than 0.0 mins to finish.
2025/11/27 15:54:29.598218 [Main] 	Network Discovery    	Stopped. 12 left.
2025/11/27 15:54:32.605584 [Main] 	IP Info              	Stopped. 11 left.
2025/11/27 15:54:32.609138 [Main] 	Profiler             	Stopped. 10 left.
2025/11/27 15:54:35.613900 [Main] 	Update Manager       	Stopped. 9 left.
2025/11/27 15:54:38.621082 [Main] 	EvidenceHandler      	Stopped. 8 left.
2025/11/27 15:54:38.624549 [Main] 	Input                	Stopped. 7 left.
2025/11/27 15:54:38.627844 [Main] 	ARP                  	Stopped. 6 left.
2025/11/27 15:54:38.631149 [Main] 	Flow ML Detection    	Stopped. 5 left.
2025/11/27 15:54:38.634230 [Main] 	Threat Intelligence  	Stopped. 4 left.
2025/11/27 15:54:38.637511 [Main] 	RNN C&C Detection    	Stopped. 3 left.
2025/11/27 15:54:38.640696 [Main] 	Timeline             	Stopped. 2 left.
2025/11/27 15:54:38.643742 [Main] 	Flow Alerts          	Stopped. 1 left.
2025/11/27 15:54:38.646994 [Main] 	HTTP Analyzer        	Stopped. 0 left.
2025/11/27 15:54:38.647901 [Main] Analysis of dataset/router_2025-11-27_15-52-16.pcap finished in 6.28 minutes
2025/11/27 15:54:38.649505 [Main] [Process Manager] Slips didn't shutdown gracefully - Killing modules that took more than 0.0 mins to finish.

