2025/11/27 15:50:08.087829 [Main] Storing Slips logs in output/router_2025-11-27_15-49-15.pcap_2025-11-27_15:50:08/
2025/11/27 15:50:09.133347 [Main] Using redis server on port: 6379
2025/11/27 15:50:09.133486 [Main] Started Main process [PID 505]
2025/11/27 15:50:09.464292 [Main] Starting modules
2025/11/27 15:50:12.380745 [Main] 		Starting the module ARP (Detect ARP attacks) [PID 526]
2025/11/27 15:50:12.739650 [Main] 		Starting the module Flow Alerts (Alerts about flows: long connection, successful ssh, password guessing, self-signed certificate, data exfiltration, etc.) [PID 528]
2025/11/27 15:50:12.778888 [Main] 		Starting the module Flow ML Detection (Train or test a Machine Learning model to detect malicious flows) [PID 530]
2025/11/27 15:50:12.820088 [Main] 		Starting the module HTTP Analyzer (Analyze HTTP flows) [PID 531]
2025/11/27 15:50:13.085841 [Main] 		Starting the module IP Info (Get different info about an IP/MAC address) [PID 532]
2025/11/27 15:50:13.102445 [Main] 		Starting the module Network Discovery (Detect Horizonal, Vertical, ICMP and DHCP Scans.) [PID 533]
2025/11/27 15:50:13.142604 [Main] 		Starting the module Risk IQ (Module to get passive DNS info about IPs from RiskIQ) [PID 534]
2025/11/27 15:50:13.182954 [Main] 		Starting the module RNN C&C Detection (Detect C&C channels based on behavioral letters) [PID 535]
2025/11/27 15:50:13.226980 [Main] 		Starting the module Threat Intelligence (Check if the source IP or destination IP are in a malicious list of IPs) [PID 545]
2025/11/27 15:50:13.268251 [Main] 		Starting the module Timeline (Creates kalipso timeline of what happened in the network based on flows and available data) [PID 547]
2025/11/27 15:50:13.572113 [Main] 		Starting the module Update Manager (Update Threat Intelligence files) [PID 548]
2025/11/27 15:50:13.580299 [Update Manager] Checking if we need to download TI files.
2025/11/27 15:50:13.613505 [Main] 		Starting the module Virustotal (IP, domain and file hash lookup on Virustotal) [PID 549]
2025/11/27 15:50:14.114457 [Main] Disabled Modules: ['template', 'exporting_alerts', 'p2ptrust', 'fidesModule', 'irisModule', 'cesnet', 'blocking', 'arp_poisoner', 'leak_detector', 'cyst']
2025/11/27 15:50:14.394499 [Main] Started Evidence Process [PID 550]
2025/11/27 15:50:14.401534 [EvidenceHandler] Using threshold: 0.25
2025/11/27 15:50:14.676018 [Main] Started Profiler Process [PID 551]
2025/11/27 15:50:14.680766 [Main] Metadata added to output/router_2025-11-27_15-49-15.pcap_2025-11-27_15:50:08/metadata
2025/11/27 15:50:14.718618 [Main] Started Input Process [PID 555]
2025/11/27 15:50:14.729001 [Input] Storing zeek log files in output/router_2025-11-27_15-49-15.pcap_2025-11-27_15:50:08/zeek_files
2025/11/27 15:50:14.733906 [Main] Warning: Slips may generate a large amount of traffic by querying TI sites.
2025/11/27 15:50:17.790269 [Profiler] Used local network: 172.16.0.0/12
2025/11/27 15:50:47.738506 [Input] Done reading all flows. Stopping the input process. Sent 90 lines for the profiler process.
2025/11/27 15:50:47.739084 [Input] Telling Profiler to stop because no more input is arriving.
2025/11/27 15:50:47.739212 [Input] Waiting for Profiler to stop.
2025/11/27 15:50:47.740735 [Profiler] Stopping. Total lines read: 90
2025/11/27 15:50:47.740863 [Profiler] Marking Profiler as done processing.
2025/11/27 15:50:47.740932 [Profiler] Profiler is done processing.
2025/11/27 15:50:47.741117 [Profiler] Profiler is done telling input.py that it's done processing.
2025/11/27 15:50:47.741125 [Input] Input is done processing.
2025/11/27 15:50:47.745702 [Input] Stopping. Total lines read: 90
2025/11/27 15:50:49.902854 [Main] 
---------------------------
2025/11/27 15:50:49.903021 [Main] Stopping Slips
2025/11/27 15:50:49.908772 [Main] Total flows read (without altflows): 6
2025/11/27 15:50:49.909557 [Main] Killing modules that took more than 0.0 mins to finish.
2025/11/27 15:50:49.948692 [Main] 	RNN C&C Detection    	Stopped. 12 left.
2025/11/27 15:50:49.952037 [Main] 	Flow ML Detection    	Stopped. 11 left.
2025/11/27 15:50:52.794729 [Main] 	Flow Alerts          	Stopped. 10 left.
2025/11/27 15:50:52.798125 [Main] 	Network Discovery    	Stopped. 9 left.
2025/11/27 15:50:52.801189 [Main] 	Timeline             	Stopped. 8 left.
2025/11/27 15:50:55.807824 [Main] 	EvidenceHandler      	Stopped. 7 left.
2025/11/27 15:50:55.812143 [Main] 	IP Info              	Stopped. 6 left.
2025/11/27 15:50:55.815552 [Main] 	ARP                  	Stopped. 5 left.
2025/11/27 15:50:55.818788 [Main] 	Profiler             	Stopped. 4 left.
2025/11/27 15:50:55.822091 [Main] 	Input                	Stopped. 3 left.
2025/11/27 15:50:55.825502 [Main] 	Threat Intelligence  	Stopped. 2 left.
2025/11/27 15:50:58.832410 [Main] 	Update Manager       	Stopped. 1 left.
2025/11/27 15:50:58.836071 [Main] 	HTTP Analyzer        	Stopped. 0 left.
2025/11/27 15:50:58.837285 [Main] Analysis of dataset/router_2025-11-27_15-49-15.pcap finished in 2.62 minutes
2025/11/27 15:50:58.838909 [Main] [Process Manager] Slips didn't shutdown gracefully - Killing modules that took more than 0.0 mins to finish.

