2025/11/27 16:01:10.456985 [Main] Storing Slips logs in output/router_2025-11-27_15-59-59.pcap_2025-11-27_16:01:10/
2025/11/27 16:01:11.498319 [Main] Using redis server on port: 6379
2025/11/27 16:01:11.498462 [Main] Started Main process [PID 3013]
2025/11/27 16:01:11.830947 [Main] Starting modules
2025/11/27 16:01:14.756856 [Main] 		Starting the module ARP (Detect ARP attacks) [PID 3034]
2025/11/27 16:01:15.111523 [Main] 		Starting the module Flow Alerts (Alerts about flows: long connection, successful ssh, password guessing, self-signed certificate, data exfiltration, etc.) [PID 3036]
2025/11/27 16:01:15.150717 [Main] 		Starting the module Flow ML Detection (Train or test a Machine Learning model to detect malicious flows) [PID 3038]
2025/11/27 16:01:15.191612 [Main] 		Starting the module HTTP Analyzer (Analyze HTTP flows) [PID 3039]
2025/11/27 16:01:15.454509 [Main] 		Starting the module IP Info (Get different info about an IP/MAC address) [PID 3040]
2025/11/27 16:01:15.472279 [Main] 		Starting the module Network Discovery (Detect Horizonal, Vertical, ICMP and DHCP Scans.) [PID 3041]
2025/11/27 16:01:15.512199 [Main] 		Starting the module Risk IQ (Module to get passive DNS info about IPs from RiskIQ) [PID 3042]
2025/11/27 16:01:15.553087 [Main] 		Starting the module RNN C&C Detection (Detect C&C channels based on behavioral letters) [PID 3043]
2025/11/27 16:01:15.600018 [Main] 		Starting the module Threat Intelligence (Check if the source IP or destination IP are in a malicious list of IPs) [PID 3053]
2025/11/27 16:01:15.640875 [Main] 		Starting the module Timeline (Creates kalipso timeline of what happened in the network based on flows and available data) [PID 3055]
2025/11/27 16:01:15.943245 [Main] 		Starting the module Update Manager (Update Threat Intelligence files) [PID 3056]
2025/11/27 16:01:15.951236 [Update Manager] Checking if we need to download TI files.
2025/11/27 16:01:15.985930 [Main] 		Starting the module Virustotal (IP, domain and file hash lookup on Virustotal) [PID 3057]
2025/11/27 16:01:16.486423 [Main] Disabled Modules: ['template', 'exporting_alerts', 'p2ptrust', 'fidesModule', 'irisModule', 'cesnet', 'blocking', 'arp_poisoner', 'leak_detector', 'cyst']
2025/11/27 16:01:16.766831 [Main] Started Evidence Process [PID 3058]
2025/11/27 16:01:16.773951 [EvidenceHandler] Using threshold: 0.25
2025/11/27 16:01:17.049715 [Main] Started Profiler Process [PID 3066]
2025/11/27 16:01:17.054611 [Main] Metadata added to output/router_2025-11-27_15-59-59.pcap_2025-11-27_16:01:10/metadata
2025/11/27 16:01:17.094710 [Main] Started Input Process [PID 3070]
2025/11/27 16:01:17.104576 [Input] Storing zeek log files in output/router_2025-11-27_15-59-59.pcap_2025-11-27_16:01:10/zeek_files
2025/11/27 16:01:17.109969 [Main] Warning: Slips may generate a large amount of traffic by querying TI sites.
2025/11/27 16:01:17.552913 [Input] Zeek error. return code: 0 error:b"1764259256.568409 warning in /opt/zeek/share/zeek/base/misc/find-filtered-trace.zeek, line 69: The analyzed trace file was determined to contain only TCP control packets, which may indicate it's been pre-filtered.  By default, Zeek reports the missing segments for this type of trace, but the 'detect_filtered_trace' option may be toggled if that's not desired."
2025/11/27 16:01:20.176429 [Profiler] Used local network: 172.16.0.0/12
2025/11/27 16:01:50.116521 [Input] Done reading all flows. Stopping the input process. Sent 189 lines for the profiler process.
2025/11/27 16:01:50.117549 [Input] Telling Profiler to stop because no more input is arriving.
2025/11/27 16:01:50.118169 [Input] Waiting for Profiler to stop.
2025/11/27 16:01:50.122034 [Profiler] Stopping. Total lines read: 189
2025/11/27 16:01:50.122162 [Profiler] Marking Profiler as done processing.
2025/11/27 16:01:50.122208 [Profiler] Profiler is done processing.
2025/11/27 16:01:50.122326 [Profiler] Profiler is done telling input.py that it's done processing.
2025/11/27 16:01:50.122334 [Input] Input is done processing.
2025/11/27 16:01:50.127598 [Input] Stopping. Total lines read: 189
2025/11/27 16:01:52.224361 [Main] 
---------------------------
2025/11/27 16:01:52.224556 [Main] Stopping Slips
2025/11/27 16:01:52.231304 [Main] Total flows read (without altflows): 9
2025/11/27 16:01:52.232191 [Main] Killing modules that took more than 0.0 mins to finish.
2025/11/27 16:01:55.238699 [Main] 	EvidenceHandler      	Stopped. 12 left.
2025/11/27 16:01:55.242480 [Main] 	Flow Alerts          	Stopped. 11 left.
2025/11/27 16:01:55.245923 [Main] 	Network Discovery    	Stopped. 10 left.
2025/11/27 16:01:55.249238 [Main] 	Timeline             	Stopped. 9 left.
2025/11/27 16:01:58.256136 [Main] 	Update Manager       	Stopped. 8 left.
2025/11/27 16:01:58.259642 [Main] 	HTTP Analyzer        	Stopped. 7 left.
2025/11/27 16:01:58.262956 [Main] 	Flow ML Detection    	Stopped. 6 left.
2025/11/27 16:02:01.270020 [Main] 	IP Info              	Stopped. 5 left.
2025/11/27 16:02:01.273786 [Main] 	Profiler             	Stopped. 4 left.
2025/11/27 16:02:01.277006 [Main] 	RNN C&C Detection    	Stopped. 3 left.
2025/11/27 16:02:01.280261 [Main] 	Threat Intelligence  	Stopped. 2 left.
2025/11/27 16:02:01.283232 [Main] 	ARP                  	Stopped. 1 left.
2025/11/27 16:02:01.286301 [Main] 	Input                	Stopped. 0 left.
2025/11/27 16:02:01.287237 [Main] Analysis of dataset/router_2025-11-27_15-59-59.pcap finished in 13.66 minutes
2025/11/27 16:02:01.289057 [Main] [Process Manager] Slips didn't shutdown gracefully - Killing modules that took more than 0.0 mins to finish.

