2025/11/26 22:02:55.473538 [Main] Storing Slips logs in output/router_2025-11-26_22-01-18.pcap_2025-11-26_22:02:55/
2025/11/26 22:02:56.515573 [Main] Using redis server on port: 6379
2025/11/26 22:02:56.515690 [Main] Started Main process [PID 2539]
2025/11/26 22:02:56.852116 [Main] Starting modules
2025/11/26 22:02:59.793324 [Main] 		Starting the module ARP (Detect ARP attacks) [PID 2553]
2025/11/26 22:03:00.150814 [Main] 		Starting the module Flow Alerts (Alerts about flows: long connection, successful ssh, password guessing, self-signed certificate, data exfiltration, etc.) [PID 2562]
2025/11/26 22:03:00.189612 [Main] 		Starting the module Flow ML Detection (Train or test a Machine Learning model to detect malicious flows) [PID 2564]
2025/11/26 22:03:00.229492 [Main] 		Starting the module HTTP Analyzer (Analyze HTTP flows) [PID 2565]
2025/11/26 22:03:00.491883 [Main] 		Starting the module IP Info (Get different info about an IP/MAC address) [PID 2566]
2025/11/26 22:03:00.509403 [Main] 		Starting the module Network Discovery (Detect Horizonal, Vertical, ICMP and DHCP Scans.) [PID 2567]
2025/11/26 22:03:00.550015 [Main] 		Starting the module Risk IQ (Module to get passive DNS info about IPs from RiskIQ) [PID 2568]
2025/11/26 22:03:00.589434 [Main] 		Starting the module RNN C&C Detection (Detect C&C channels based on behavioral letters) [PID 2569]
2025/11/26 22:03:00.632993 [Main] 		Starting the module Threat Intelligence (Check if the source IP or destination IP are in a malicious list of IPs) [PID 2579]
2025/11/26 22:03:00.674477 [Main] 		Starting the module Timeline (Creates kalipso timeline of what happened in the network based on flows and available data) [PID 2581]
2025/11/26 22:03:00.979656 [Main] 		Starting the module Update Manager (Update Threat Intelligence files) [PID 2582]
2025/11/26 22:03:00.986571 [Update Manager] Checking if we need to download TI files.
2025/11/26 22:03:01.021855 [Main] 		Starting the module Virustotal (IP, domain and file hash lookup on Virustotal) [PID 2583]
2025/11/26 22:03:01.522714 [Main] Disabled Modules: ['template', 'exporting_alerts', 'p2ptrust', 'fidesModule', 'irisModule', 'cesnet', 'blocking', 'arp_poisoner', 'leak_detector', 'cyst']
2025/11/26 22:03:01.805204 [Main] Started Evidence Process [PID 2584]
2025/11/26 22:03:01.811725 [EvidenceHandler] Using threshold: 0.25
2025/11/26 22:03:02.088167 [Main] Started Profiler Process [PID 2585]
2025/11/26 22:03:02.092690 [Main] Metadata added to output/router_2025-11-26_22-01-18.pcap_2025-11-26_22:02:55/metadata
2025/11/26 22:03:02.130634 [Main] Started Input Process [PID 2589]
2025/11/26 22:03:02.139235 [Input] Storing zeek log files in output/router_2025-11-26_22-01-18.pcap_2025-11-26_22:02:55/zeek_files
2025/11/26 22:03:02.144851 [Main] Warning: Slips may generate a large amount of traffic by querying TI sites.
2025/11/26 22:03:05.195223 [Profiler] Used local network: 172.16.0.0/12
2025/11/26 22:03:35.149946 [Input] Done reading all flows. Stopping the input process. Sent 107 lines for the profiler process.
2025/11/26 22:03:35.150094 [Input] Telling Profiler to stop because no more input is arriving.
2025/11/26 22:03:35.150156 [Input] Waiting for Profiler to stop.
2025/11/26 22:03:35.154018 [Profiler] Stopping. Total lines read: 107
2025/11/26 22:03:35.154148 [Profiler] Marking Profiler as done processing.
2025/11/26 22:03:35.154193 [Profiler] Profiler is done processing.
2025/11/26 22:03:35.154289 [Profiler] Profiler is done telling input.py that it's done processing.
2025/11/26 22:03:35.154294 [Input] Input is done processing.
2025/11/26 22:03:35.155188 [Input] Stopping. Total lines read: 107
2025/11/26 22:03:37.246791 [Main] 
---------------------------
2025/11/26 22:03:37.246970 [Main] Stopping Slips
2025/11/26 22:03:37.251497 [Main] Total flows read (without altflows): 5
2025/11/26 22:03:37.252171 [Main] Killing modules that took more than 0.0 mins to finish.
2025/11/26 22:03:37.259324 [Main] 	Input                	Stopped. 12 left.
2025/11/26 22:03:40.265986 [Main] 	EvidenceHandler      	Stopped. 11 left.
2025/11/26 22:03:40.269477 [Main] 	Flow Alerts          	Stopped. 10 left.
2025/11/26 22:03:40.272812 [Main] 	Network Discovery    	Stopped. 9 left.
2025/11/26 22:03:40.275998 [Main] 	Timeline             	Stopped. 8 left.
2025/11/26 22:03:40.279208 [Main] 	RNN C&C Detection    	Stopped. 7 left.
2025/11/26 22:03:40.282230 [Main] 	HTTP Analyzer        	Stopped. 6 left.
2025/11/26 22:03:40.285301 [Main] 	Flow ML Detection    	Stopped. 5 left.
2025/11/26 22:03:43.291625 [Main] 	Update Manager       	Stopped. 4 left.
2025/11/26 22:03:43.295462 [Main] 	ARP                  	Stopped. 3 left.
2025/11/26 22:03:43.298892 [Main] 	IP Info              	Stopped. 2 left.
2025/11/26 22:03:43.302239 [Main] 	Profiler             	Stopped. 1 left.
2025/11/26 22:03:43.305612 [Main] 	Threat Intelligence  	Stopped. 0 left.
2025/11/26 22:03:43.306506 [Main] Analysis of dataset/router_2025-11-26_22-01-18.pcap finished in 13.49 minutes
2025/11/26 22:03:43.308746 [Main] [Process Manager] Slips didn't shutdown gracefully - Killing modules that took more than 0.0 mins to finish.

