2025/11/27 16:10:26.718512 [Main] Storing Slips logs in output/router_2025-11-27_16-09-02.pcap_2025-11-27_16:10:26/
2025/11/27 16:10:27.760015 [Main] Using redis server on port: 6379
2025/11/27 16:10:27.760141 [Main] Started Main process [PID 5376]
2025/11/27 16:10:28.091312 [Main] Starting modules
2025/11/27 16:10:31.049822 [Main] 		Starting the module ARP (Detect ARP attacks) [PID 5417]
2025/11/27 16:10:31.407934 [Main] 		Starting the module Flow Alerts (Alerts about flows: long connection, successful ssh, password guessing, self-signed certificate, data exfiltration, etc.) [PID 5426]
2025/11/27 16:10:31.450481 [Main] 		Starting the module Flow ML Detection (Train or test a Machine Learning model to detect malicious flows) [PID 5428]
2025/11/27 16:10:31.494845 [Main] 		Starting the module HTTP Analyzer (Analyze HTTP flows) [PID 5429]
2025/11/27 16:10:31.759673 [Main] 		Starting the module IP Info (Get different info about an IP/MAC address) [PID 5430]
2025/11/27 16:10:31.778367 [Main] 		Starting the module Network Discovery (Detect Horizonal, Vertical, ICMP and DHCP Scans.) [PID 5431]
2025/11/27 16:10:31.820144 [Main] 		Starting the module Risk IQ (Module to get passive DNS info about IPs from RiskIQ) [PID 5432]
2025/11/27 16:10:31.862713 [Main] 		Starting the module RNN C&C Detection (Detect C&C channels based on behavioral letters) [PID 5433]
2025/11/27 16:10:31.908304 [Main] 		Starting the module Threat Intelligence (Check if the source IP or destination IP are in a malicious list of IPs) [PID 5443]
2025/11/27 16:10:31.953282 [Main] 		Starting the module Timeline (Creates kalipso timeline of what happened in the network based on flows and available data) [PID 5446]
2025/11/27 16:10:32.261481 [Main] 		Starting the module Update Manager (Update Threat Intelligence files) [PID 5454]
2025/11/27 16:10:32.269902 [Update Manager] Checking if we need to download TI files.
2025/11/27 16:10:32.306440 [Main] 		Starting the module Virustotal (IP, domain and file hash lookup on Virustotal) [PID 5455]
2025/11/27 16:10:32.807393 [Main] Disabled Modules: ['template', 'exporting_alerts', 'p2ptrust', 'fidesModule', 'irisModule', 'cesnet', 'blocking', 'arp_poisoner', 'leak_detector', 'cyst']
2025/11/27 16:10:33.086714 [Main] Started Evidence Process [PID 5456]
2025/11/27 16:10:33.093889 [EvidenceHandler] Using threshold: 0.25
2025/11/27 16:10:33.370454 [Main] Started Profiler Process [PID 5457]
2025/11/27 16:10:33.375150 [Main] Metadata added to output/router_2025-11-27_16-09-02.pcap_2025-11-27_16:10:26/metadata
2025/11/27 16:10:33.417348 [Main] Started Input Process [PID 5461]
2025/11/27 16:10:33.428972 [Input] Storing zeek log files in output/router_2025-11-27_16-09-02.pcap_2025-11-27_16:10:26/zeek_files
2025/11/27 16:10:33.439271 [Main] Warning: Slips may generate a large amount of traffic by querying TI sites.
2025/11/27 16:10:33.901126 [Input] Zeek error. return code: 0 error:b"1764259800.376644 warning in /opt/zeek/share/zeek/base/misc/find-filtered-trace.zeek, line 69: The analyzed trace file was determined to contain only TCP control packets, which may indicate it's been pre-filtered.  By default, Zeek reports the missing segments for this type of trace, but the 'detect_filtered_trace' option may be toggled if that's not desired."
2025/11/27 16:10:36.493753 [Profiler] Used local network: 172.16.0.0/12
2025/11/27 16:11:06.441939 [Input] Done reading all flows. Stopping the input process. Sent 231 lines for the profiler process.
2025/11/27 16:11:06.442610 [Input] Telling Profiler to stop because no more input is arriving.
2025/11/27 16:11:06.442819 [Input] Waiting for Profiler to stop.
2025/11/27 16:11:06.445137 [Profiler] Stopping. Total lines read: 231
2025/11/27 16:11:06.445522 [Profiler] Marking Profiler as done processing.
2025/11/27 16:11:06.445695 [Profiler] Profiler is done processing.
2025/11/27 16:11:06.445905 [Input] Input is done processing.
2025/11/27 16:11:06.445816 [Profiler] Profiler is done telling input.py that it's done processing.
2025/11/27 16:11:06.447431 [Input] Stopping. Total lines read: 231
2025/11/27 16:11:08.554902 [Main] 
---------------------------
2025/11/27 16:11:08.555062 [Main] Stopping Slips
2025/11/27 16:11:08.559802 [Main] Total flows read (without altflows): 10
2025/11/27 16:11:08.560570 [Main] Killing modules that took more than 0.0 mins to finish.
2025/11/27 16:11:08.595151 [Main] 	RNN C&C Detection    	Stopped. 12 left.
2025/11/27 16:11:11.602321 [Main] 	IP Info              	Stopped. 11 left.
2025/11/27 16:11:11.606109 [Main] 	Threat Intelligence  	Stopped. 10 left.
2025/11/27 16:11:11.609626 [Main] 	Timeline             	Stopped. 9 left.
2025/11/27 16:11:14.616453 [Main] 	EvidenceHandler      	Stopped. 8 left.
2025/11/27 16:11:14.620029 [Main] 	ARP                  	Stopped. 7 left.
2025/11/27 16:11:14.623243 [Main] 	HTTP Analyzer        	Stopped. 6 left.
2025/11/27 16:11:14.626520 [Main] 	Profiler             	Stopped. 5 left.
2025/11/27 16:11:14.629657 [Main] 	Network Discovery    	Stopped. 4 left.
2025/11/27 16:11:17.635592 [Main] 	Update Manager       	Stopped. 3 left.
2025/11/27 16:11:17.639299 [Main] 	Flow Alerts          	Stopped. 2 left.
2025/11/27 16:11:17.643025 [Main] 	Flow ML Detection    	Stopped. 1 left.
2025/11/27 16:11:17.646434 [Main] 	Input                	Stopped. 0 left.
2025/11/27 16:11:17.647768 [Main] Analysis of dataset/router_2025-11-27_16-09-02.pcap finished in 22.93 minutes
2025/11/27 16:11:17.649662 [Main] [Process Manager] Slips didn't shutdown gracefully - Killing modules that took more than 0.0 mins to finish.

