2025/11/27 16:16:00.786647 [Main] Storing Slips logs in output/router_2025-11-27_16-14-07.pcap_2025-11-27_16:16:00/
2025/11/27 16:16:01.830231 [Main] Using redis server on port: 6379
2025/11/27 16:16:01.830364 [Main] Started Main process [PID 6832]
2025/11/27 16:16:02.165612 [Main] Starting modules
2025/11/27 16:16:05.154840 [Main] 		Starting the module ARP (Detect ARP attacks) [PID 6853]
2025/11/27 16:16:05.509677 [Main] 		Starting the module Flow Alerts (Alerts about flows: long connection, successful ssh, password guessing, self-signed certificate, data exfiltration, etc.) [PID 6855]
2025/11/27 16:16:05.549213 [Main] 		Starting the module Flow ML Detection (Train or test a Machine Learning model to detect malicious flows) [PID 6857]
2025/11/27 16:16:05.590008 [Main] 		Starting the module HTTP Analyzer (Analyze HTTP flows) [PID 6858]
2025/11/27 16:16:05.852825 [Main] 		Starting the module IP Info (Get different info about an IP/MAC address) [PID 6859]
2025/11/27 16:16:05.870196 [Main] 		Starting the module Network Discovery (Detect Horizonal, Vertical, ICMP and DHCP Scans.) [PID 6860]
2025/11/27 16:16:05.910671 [Main] 		Starting the module Risk IQ (Module to get passive DNS info about IPs from RiskIQ) [PID 6861]
2025/11/27 16:16:05.952275 [Main] 		Starting the module RNN C&C Detection (Detect C&C channels based on behavioral letters) [PID 6862]
2025/11/27 16:16:05.995979 [Main] 		Starting the module Threat Intelligence (Check if the source IP or destination IP are in a malicious list of IPs) [PID 6872]
2025/11/27 16:16:06.036340 [Main] 		Starting the module Timeline (Creates kalipso timeline of what happened in the network based on flows and available data) [PID 6874]
2025/11/27 16:16:06.340445 [Main] 		Starting the module Update Manager (Update Threat Intelligence files) [PID 6875]
2025/11/27 16:16:06.348583 [Update Manager] Checking if we need to download TI files.
2025/11/27 16:16:06.383124 [Main] 		Starting the module Virustotal (IP, domain and file hash lookup on Virustotal) [PID 6876]
2025/11/27 16:16:06.884113 [Main] Disabled Modules: ['template', 'exporting_alerts', 'p2ptrust', 'fidesModule', 'irisModule', 'cesnet', 'blocking', 'arp_poisoner', 'leak_detector', 'cyst']
2025/11/27 16:16:07.163788 [Main] Started Evidence Process [PID 6877]
2025/11/27 16:16:07.170474 [EvidenceHandler] Using threshold: 0.25
2025/11/27 16:16:07.444806 [Main] Started Profiler Process [PID 6878]
2025/11/27 16:16:07.449818 [Main] Metadata added to output/router_2025-11-27_16-14-07.pcap_2025-11-27_16:16:00/metadata
2025/11/27 16:16:07.488491 [Main] Started Input Process [PID 6882]
2025/11/27 16:16:07.499050 [Input] Storing zeek log files in output/router_2025-11-27_16-14-07.pcap_2025-11-27_16:16:00/zeek_files
2025/11/27 16:16:07.503515 [Main] Warning: Slips may generate a large amount of traffic by querying TI sites.
2025/11/27 16:16:07.952575 [Input] Zeek error. return code: 0 error:b"1764260103.481414 warning in /opt/zeek/share/zeek/base/misc/find-filtered-trace.zeek, line 69: The analyzed trace file was determined to contain only TCP control packets, which may indicate it's been pre-filtered.  By default, Zeek reports the missing segments for this type of trace, but the 'detect_filtered_trace' option may be toggled if that's not desired."
2025/11/27 16:16:10.565880 [Profiler] Used local network: 172.16.0.0/12
2025/11/27 16:16:40.512868 [Input] Done reading all flows. Stopping the input process. Sent 229 lines for the profiler process.
2025/11/27 16:16:40.513592 [Input] Telling Profiler to stop because no more input is arriving.
2025/11/27 16:16:40.513901 [Input] Waiting for Profiler to stop.
2025/11/27 16:16:40.516215 [Profiler] Stopping. Total lines read: 229
2025/11/27 16:16:40.516453 [Profiler] Marking Profiler as done processing.
2025/11/27 16:16:40.516529 [Profiler] Profiler is done processing.
2025/11/27 16:16:40.516617 [Profiler] Profiler is done telling input.py that it's done processing.
2025/11/27 16:16:40.517418 [Input] Input is done processing.
2025/11/27 16:16:40.521839 [Input] Stopping. Total lines read: 229
2025/11/27 16:16:42.615125 [Main] 
---------------------------
2025/11/27 16:16:42.615306 [Main] Stopping Slips
2025/11/27 16:16:42.620022 [Main] Total flows read (without altflows): 10
2025/11/27 16:16:42.620673 [Main] Killing modules that took more than 0.0 mins to finish.
2025/11/27 16:16:42.624659 [Main] 	Input                	Stopped. 12 left.
2025/11/27 16:16:45.631655 [Main] 	EvidenceHandler      	Stopped. 11 left.
2025/11/27 16:16:45.635138 [Main] 	Flow Alerts          	Stopped. 10 left.
2025/11/27 16:16:45.638476 [Main] 	Network Discovery    	Stopped. 9 left.
2025/11/27 16:16:45.641607 [Main] 	Timeline             	Stopped. 8 left.
2025/11/27 16:16:45.644746 [Main] 	RNN C&C Detection    	Stopped. 7 left.
2025/11/27 16:16:45.647813 [Main] 	HTTP Analyzer        	Stopped. 6 left.
2025/11/27 16:16:45.650853 [Main] 	Flow ML Detection    	Stopped. 5 left.
2025/11/27 16:16:48.657757 [Main] 	Update Manager       	Stopped. 4 left.
2025/11/27 16:16:48.661486 [Main] 	ARP                  	Stopped. 3 left.
2025/11/27 16:16:51.668507 [Main] 	IP Info              	Stopped. 2 left.
2025/11/27 16:16:51.672045 [Main] 	Profiler             	Stopped. 1 left.
2025/11/27 16:16:51.675439 [Main] 	Threat Intelligence  	Stopped. 0 left.
2025/11/27 16:16:51.676635 [Main] Analysis of dataset/router_2025-11-27_16-14-07.pcap finished in 28.50 minutes
2025/11/27 16:16:51.678466 [Main] [Process Manager] Slips didn't shutdown gracefully - Killing modules that took more than 0.0 mins to finish.

