2025/11/27 16:05:46.946517 [Main] Storing Slips logs in output/router_2025-11-27_16-04-00.pcap_2025-11-27_16:05:46/
2025/11/27 16:05:47.988880 [Main] Using redis server on port: 6379
2025/11/27 16:05:47.989000 [Main] Started Main process [PID 4204]
2025/11/27 16:05:48.320725 [Main] Starting modules
2025/11/27 16:05:51.258065 [Main] 		Starting the module ARP (Detect ARP attacks) [PID 4231]
2025/11/27 16:05:51.616065 [Main] 		Starting the module Flow Alerts (Alerts about flows: long connection, successful ssh, password guessing, self-signed certificate, data exfiltration, etc.) [PID 4233]
2025/11/27 16:05:51.656085 [Main] 		Starting the module Flow ML Detection (Train or test a Machine Learning model to detect malicious flows) [PID 4235]
2025/11/27 16:05:51.698113 [Main] 		Starting the module HTTP Analyzer (Analyze HTTP flows) [PID 4236]
2025/11/27 16:05:51.968602 [Main] 		Starting the module IP Info (Get different info about an IP/MAC address) [PID 4244]
2025/11/27 16:05:51.985793 [Main] 		Starting the module Network Discovery (Detect Horizonal, Vertical, ICMP and DHCP Scans.) [PID 4245]
2025/11/27 16:05:52.025529 [Main] 		Starting the module Risk IQ (Module to get passive DNS info about IPs from RiskIQ) [PID 4246]
2025/11/27 16:05:52.065854 [Main] 		Starting the module RNN C&C Detection (Detect C&C channels based on behavioral letters) [PID 4247]
2025/11/27 16:05:52.108615 [Main] 		Starting the module Threat Intelligence (Check if the source IP or destination IP are in a malicious list of IPs) [PID 4257]
2025/11/27 16:05:52.149296 [Main] 		Starting the module Timeline (Creates kalipso timeline of what happened in the network based on flows and available data) [PID 4259]
2025/11/27 16:05:52.452092 [Main] 		Starting the module Update Manager (Update Threat Intelligence files) [PID 4260]
2025/11/27 16:05:52.459458 [Update Manager] Checking if we need to download TI files.
2025/11/27 16:05:52.494706 [Main] 		Starting the module Virustotal (IP, domain and file hash lookup on Virustotal) [PID 4261]
2025/11/27 16:05:52.995713 [Main] Disabled Modules: ['template', 'exporting_alerts', 'p2ptrust', 'fidesModule', 'irisModule', 'cesnet', 'blocking', 'arp_poisoner', 'leak_detector', 'cyst']
2025/11/27 16:05:53.275223 [Main] Started Evidence Process [PID 4263]
2025/11/27 16:05:53.281713 [EvidenceHandler] Using threshold: 0.25
2025/11/27 16:05:53.557620 [Main] Started Profiler Process [PID 4264]
2025/11/27 16:05:53.562230 [Main] Metadata added to output/router_2025-11-27_16-04-00.pcap_2025-11-27_16:05:46/metadata
2025/11/27 16:05:53.600178 [Main] Started Input Process [PID 4268]
2025/11/27 16:05:53.608610 [Input] Storing zeek log files in output/router_2025-11-27_16-04-00.pcap_2025-11-27_16:05:46/zeek_files
2025/11/27 16:05:53.615797 [Main] Warning: Slips may generate a large amount of traffic by querying TI sites.
2025/11/27 16:05:56.668522 [Profiler] Used local network: 172.16.0.0/12
2025/11/27 16:06:26.617445 [Input] Done reading all flows. Stopping the input process. Sent 222 lines for the profiler process.
2025/11/27 16:06:26.617831 [Input] Telling Profiler to stop because no more input is arriving.
2025/11/27 16:06:26.618025 [Input] Waiting for Profiler to stop.
2025/11/27 16:06:26.619653 [Profiler] Stopping. Total lines read: 222
2025/11/27 16:06:26.619780 [Profiler] Marking Profiler as done processing.
2025/11/27 16:06:26.619827 [Profiler] Profiler is done processing.
2025/11/27 16:06:26.620059 [Profiler] Profiler is done telling input.py that it's done processing.
2025/11/27 16:06:26.620076 [Input] Input is done processing.
2025/11/27 16:06:26.624655 [Input] Stopping. Total lines read: 222
2025/11/27 16:06:28.720430 [Main] 
---------------------------
2025/11/27 16:06:28.720625 [Main] Stopping Slips
2025/11/27 16:06:28.725408 [Main] Total flows read (without altflows): 9
2025/11/27 16:06:28.726398 [Main] Killing modules that took more than 0.0 mins to finish.
2025/11/27 16:06:28.766231 [Main] 	RNN C&C Detection    	Stopped. 12 left.
2025/11/27 16:06:28.769657 [Main] 	Flow ML Detection    	Stopped. 11 left.
2025/11/27 16:06:31.666062 [Main] 	Flow Alerts          	Stopped. 10 left.
2025/11/27 16:06:31.669738 [Main] 	Network Discovery    	Stopped. 9 left.
2025/11/27 16:06:31.672973 [Main] 	Timeline             	Stopped. 8 left.
2025/11/27 16:06:34.679800 [Main] 	Update Manager       	Stopped. 7 left.
2025/11/27 16:06:37.684499 [Main] 	EvidenceHandler      	Stopped. 6 left.
2025/11/27 16:06:40.690725 [Main] 	IP Info              	Stopped. 5 left.
2025/11/27 16:06:40.694167 [Main] 	ARP                  	Stopped. 4 left.
2025/11/27 16:06:40.697311 [Main] 	Profiler             	Stopped. 3 left.
2025/11/27 16:06:40.700437 [Main] 	Input                	Stopped. 2 left.
2025/11/27 16:06:40.703342 [Main] 	Threat Intelligence  	Stopped. 1 left.
2025/11/27 16:06:40.706439 [Main] 	HTTP Analyzer        	Stopped. 0 left.
2025/11/27 16:06:40.707308 [Main] Analysis of dataset/router_2025-11-27_16-04-00.pcap finished in 18.32 minutes
2025/11/27 16:06:40.709729 [Main] [Process Manager] Slips didn't shutdown gracefully - Killing modules that took more than 0.0 mins to finish.

