2025/11/27 16:27:13.235812 [Main] Storing Slips logs in output/router_2025-11-27_16-26-39.pcap_2025-11-27_16:27:13/
2025/11/27 16:27:14.275408 [Main] Using redis server on port: 6379
2025/11/27 16:27:14.275537 [Main] Started Main process [PID 9688]
2025/11/27 16:27:14.607550 [Main] Starting modules
2025/11/27 16:27:17.552744 [Main] 		Starting the module ARP (Detect ARP attacks) [PID 9709]
2025/11/27 16:27:17.910010 [Main] 		Starting the module Flow Alerts (Alerts about flows: long connection, successful ssh, password guessing, self-signed certificate, data exfiltration, etc.) [PID 9711]
2025/11/27 16:27:17.949747 [Main] 		Starting the module Flow ML Detection (Train or test a Machine Learning model to detect malicious flows) [PID 9713]
2025/11/27 16:27:17.990341 [Main] 		Starting the module HTTP Analyzer (Analyze HTTP flows) [PID 9714]
2025/11/27 16:27:18.254318 [Main] 		Starting the module IP Info (Get different info about an IP/MAC address) [PID 9715]
2025/11/27 16:27:18.271937 [Main] 		Starting the module Network Discovery (Detect Horizonal, Vertical, ICMP and DHCP Scans.) [PID 9716]
2025/11/27 16:27:18.312922 [Main] 		Starting the module Risk IQ (Module to get passive DNS info about IPs from RiskIQ) [PID 9717]
2025/11/27 16:27:18.354561 [Main] 		Starting the module RNN C&C Detection (Detect C&C channels based on behavioral letters) [PID 9718]
2025/11/27 16:27:18.397615 [Main] 		Starting the module Threat Intelligence (Check if the source IP or destination IP are in a malicious list of IPs) [PID 9728]
2025/11/27 16:27:18.439440 [Main] 		Starting the module Timeline (Creates kalipso timeline of what happened in the network based on flows and available data) [PID 9730]
2025/11/27 16:27:18.743011 [Main] 		Starting the module Update Manager (Update Threat Intelligence files) [PID 9731]
2025/11/27 16:27:18.750125 [Update Manager] Checking if we need to download TI files.
2025/11/27 16:27:18.785770 [Main] 		Starting the module Virustotal (IP, domain and file hash lookup on Virustotal) [PID 9732]
2025/11/27 16:27:19.286414 [Main] Disabled Modules: ['template', 'exporting_alerts', 'p2ptrust', 'fidesModule', 'irisModule', 'cesnet', 'blocking', 'arp_poisoner', 'leak_detector', 'cyst']
2025/11/27 16:27:19.568153 [Main] Started Evidence Process [PID 9733]
2025/11/27 16:27:19.574922 [EvidenceHandler] Using threshold: 0.25
2025/11/27 16:27:19.850881 [Main] Started Profiler Process [PID 9734]
2025/11/27 16:27:19.856292 [Main] Metadata added to output/router_2025-11-27_16-26-39.pcap_2025-11-27_16:27:13/metadata
2025/11/27 16:27:19.899761 [Main] Started Input Process [PID 9738]
2025/11/27 16:27:19.910118 [Input] Storing zeek log files in output/router_2025-11-27_16-26-39.pcap_2025-11-27_16:27:13/zeek_files
2025/11/27 16:27:19.916203 [Main] Warning: Slips may generate a large amount of traffic by querying TI sites.
2025/11/27 16:27:22.972261 [Profiler] Used local network: 172.16.0.0/12
2025/11/27 16:27:52.923393 [Input] Done reading all flows. Stopping the input process. Sent 256 lines for the profiler process.
2025/11/27 16:27:52.923904 [Input] Telling Profiler to stop because no more input is arriving.
2025/11/27 16:27:52.924240 [Input] Waiting for Profiler to stop.
2025/11/27 16:27:52.925236 [Profiler] Stopping. Total lines read: 256
2025/11/27 16:27:52.925367 [Profiler] Marking Profiler as done processing.
2025/11/27 16:27:52.925439 [Profiler] Profiler is done processing.
2025/11/27 16:27:52.925522 [Profiler] Profiler is done telling input.py that it's done processing.
2025/11/27 16:27:52.926012 [Input] Input is done processing.
2025/11/27 16:27:52.929779 [Input] Stopping. Total lines read: 256
2025/11/27 16:27:55.028174 [Main] 
---------------------------
2025/11/27 16:27:55.028333 [Main] Stopping Slips
2025/11/27 16:27:55.033129 [Main] Total flows read (without altflows): 12
2025/11/27 16:27:55.033851 [Main] Killing modules that took more than 0.0 mins to finish.
2025/11/27 16:27:55.038165 [Main] 	Input                	Stopped. 12 left.
2025/11/27 16:27:58.044591 [Main] 	EvidenceHandler      	Stopped. 11 left.
2025/11/27 16:27:58.048031 [Main] 	Flow Alerts          	Stopped. 10 left.
2025/11/27 16:27:58.051437 [Main] 	Network Discovery    	Stopped. 9 left.
2025/11/27 16:27:58.054876 [Main] 	Timeline             	Stopped. 8 left.
2025/11/27 16:27:58.058114 [Main] 	RNN C&C Detection    	Stopped. 7 left.
2025/11/27 16:27:58.061173 [Main] 	HTTP Analyzer        	Stopped. 6 left.
2025/11/27 16:27:58.064172 [Main] 	Flow ML Detection    	Stopped. 5 left.
2025/11/27 16:27:58.067164 [Main] 	ARP                  	Stopped. 4 left.
2025/11/27 16:28:01.073954 [Main] 	IP Info              	Stopped. 3 left.
2025/11/27 16:28:01.077469 [Main] 	Profiler             	Stopped. 2 left.
2025/11/27 16:28:04.084457 [Main] 	Update Manager       	Stopped. 1 left.
2025/11/27 16:28:04.088046 [Main] 	Threat Intelligence  	Stopped. 0 left.
2025/11/27 16:28:04.089594 [Main] Analysis of dataset/router_2025-11-27_16-26-39.pcap finished in 39.71 minutes
2025/11/27 16:28:04.091322 [Main] [Process Manager] Slips didn't shutdown gracefully - Killing modules that took more than 0.0 mins to finish.

