2025/11/26 21:47:47.561592 [Main] Storing Slips logs in output/router_2025-11-26_21-47-42.pcap_2025-11-26_21:47:47/
2025/11/26 21:47:48.601952 [Main] Using redis server on port: 6379
2025/11/26 21:47:48.602051 [Main] Started Main process [PID 99]
2025/11/26 21:47:52.512881 [Main] Starting modules
2025/11/26 21:47:55.825344 [Main] 		Starting the module ARP (Detect ARP attacks) [PID 137]
2025/11/26 21:47:56.186622 [Main] 		Starting the module Flow Alerts (Alerts about flows: long connection, successful ssh, password guessing, self-signed certificate, data exfiltration, etc.) [PID 139]
2025/11/26 21:47:56.228564 [Main] 		Starting the module Flow ML Detection (Train or test a Machine Learning model to detect malicious flows) [PID 141]
2025/11/26 21:47:56.271332 [Main] 		Starting the module HTTP Analyzer (Analyze HTTP flows) [PID 142]
2025/11/26 21:47:56.539058 [Main] 		Starting the module IP Info (Get different info about an IP/MAC address) [PID 143]
2025/11/26 21:47:56.557568 [Main] 		Starting the module Network Discovery (Detect Horizonal, Vertical, ICMP and DHCP Scans.) [PID 144]
2025/11/26 21:47:56.599240 [Main] 		Starting the module Risk IQ (Module to get passive DNS info about IPs from RiskIQ) [PID 145]
2025/11/26 21:47:56.641239 [Main] 		Starting the module RNN C&C Detection (Detect C&C channels based on behavioral letters) [PID 146]
2025/11/26 21:47:56.685869 [Main] 		Starting the module Threat Intelligence (Check if the source IP or destination IP are in a malicious list of IPs) [PID 156]
2025/11/26 21:47:56.727869 [Main] 		Starting the module Timeline (Creates kalipso timeline of what happened in the network based on flows and available data) [PID 157]
2025/11/26 21:47:57.041559 [Main] 		Starting the module Update Manager (Update Threat Intelligence files) [PID 159]
2025/11/26 21:47:57.049219 [Update Manager] Checking if we need to download TI files.
2025/11/26 21:47:57.086504 [Main] 		Starting the module Virustotal (IP, domain and file hash lookup on Virustotal) [PID 160]
2025/11/26 21:47:57.586935 [Main] Disabled Modules: ['template', 'exporting_alerts', 'p2ptrust', 'fidesModule', 'irisModule', 'cesnet', 'blocking', 'arp_poisoner', 'leak_detector', 'cyst']
2025/11/26 21:47:57.871366 [Main] Started Evidence Process [PID 161]
2025/11/26 21:47:57.878004 [EvidenceHandler] Using threshold: 0.25
2025/11/26 21:47:58.159129 [Main] Started Profiler Process [PID 162]
2025/11/26 21:47:58.163830 [Main] Metadata added to output/router_2025-11-26_21-47-42.pcap_2025-11-26_21:47:47/metadata
2025/11/26 21:47:58.204898 [Main] Started Input Process [PID 166]
2025/11/26 21:47:58.213638 [Input] Storing zeek log files in output/router_2025-11-26_21-47-42.pcap_2025-11-26_21:47:47/zeek_files
2025/11/26 21:47:58.221822 [Main] Warning: Slips may generate a large amount of traffic by querying TI sites.
2025/11/26 21:47:59.373326 [Update Manager] Updating the MAC database.
2025/11/26 21:48:01.266304 [Profiler] Used local network: 172.16.0.0/12
2025/11/26 21:48:31.221759 [Input] Done reading all flows. Stopping the input process. Sent 11 lines for the profiler process.
2025/11/26 21:48:31.222223 [Input] Telling Profiler to stop because no more input is arriving.
2025/11/26 21:48:31.222307 [Input] Waiting for Profiler to stop.
2025/11/26 21:48:31.224535 [Profiler] Stopping. Total lines read: 11
2025/11/26 21:48:31.224640 [Profiler] Marking Profiler as done processing.
2025/11/26 21:48:31.224683 [Profiler] Profiler is done processing.
2025/11/26 21:48:31.224844 [Profiler] Profiler is done telling input.py that it's done processing.
2025/11/26 21:48:31.224888 [Input] Input is done processing.
2025/11/26 21:48:31.233732 [Input] Stopping. Total lines read: 11
2025/11/26 21:48:33.326309 [Main] 
---------------------------
2025/11/26 21:48:33.326440 [Main] Stopping Slips
2025/11/26 21:48:33.329623 [Main] Total flows read (without altflows): 2
2025/11/26 21:48:33.330233 [Main] Killing modules that took more than 0.0 mins to finish.
2025/11/26 21:48:33.365120 [Main] 	Threat Intelligence  	Stopped. 12 left.
2025/11/26 21:48:33.368582 [Main] 	ARP                  	Stopped. 11 left.
2025/11/26 21:48:33.371642 [Main] 	Input                	Stopped. 10 left.
2025/11/26 21:48:33.374868 [Main] 	RNN C&C Detection    	Stopped. 9 left.
