2025/11/27 16:49:02.185089 [Main] Storing Slips logs in output/router_2025-11-27_16-47-20.pcap_2025-11-27_16:49:02/
2025/11/27 16:49:03.226511 [Main] Using redis server on port: 6379
2025/11/27 16:49:03.226636 [Main] Started Main process [PID 15228]
2025/11/27 16:49:03.557003 [Main] Starting modules
2025/11/27 16:49:06.462244 [Main] 		Starting the module ARP (Detect ARP attacks) [PID 15257]
2025/11/27 16:49:06.818226 [Main] 		Starting the module Flow Alerts (Alerts about flows: long connection, successful ssh, password guessing, self-signed certificate, data exfiltration, etc.) [PID 15259]
2025/11/27 16:49:06.858965 [Main] 		Starting the module Flow ML Detection (Train or test a Machine Learning model to detect malicious flows) [PID 15261]
2025/11/27 16:49:06.900398 [Main] 		Starting the module HTTP Analyzer (Analyze HTTP flows) [PID 15262]
2025/11/27 16:49:07.161970 [Main] 		Starting the module IP Info (Get different info about an IP/MAC address) [PID 15263]
2025/11/27 16:49:07.179366 [Main] 		Starting the module Network Discovery (Detect Horizonal, Vertical, ICMP and DHCP Scans.) [PID 15264]
2025/11/27 16:49:07.219546 [Main] 		Starting the module Risk IQ (Module to get passive DNS info about IPs from RiskIQ) [PID 15265]
2025/11/27 16:49:07.257830 [Main] 		Starting the module RNN C&C Detection (Detect C&C channels based on behavioral letters) [PID 15266]
2025/11/27 16:49:07.300015 [Main] 		Starting the module Threat Intelligence (Check if the source IP or destination IP are in a malicious list of IPs) [PID 15276]
2025/11/27 16:49:07.342568 [Main] 		Starting the module Timeline (Creates kalipso timeline of what happened in the network based on flows and available data) [PID 15278]
2025/11/27 16:49:07.648226 [Main] 		Starting the module Update Manager (Update Threat Intelligence files) [PID 15286]
2025/11/27 16:49:07.655294 [Update Manager] Checking if we need to download TI files.
2025/11/27 16:49:07.689701 [Main] 		Starting the module Virustotal (IP, domain and file hash lookup on Virustotal) [PID 15287]
2025/11/27 16:49:08.190410 [Main] Disabled Modules: ['template', 'exporting_alerts', 'p2ptrust', 'fidesModule', 'irisModule', 'cesnet', 'blocking', 'arp_poisoner', 'leak_detector', 'cyst']
2025/11/27 16:49:08.466774 [Main] Started Evidence Process [PID 15288]
2025/11/27 16:49:08.473845 [EvidenceHandler] Using threshold: 0.25
2025/11/27 16:49:08.745761 [Main] Started Profiler Process [PID 15289]
2025/11/27 16:49:08.750585 [Main] Metadata added to output/router_2025-11-27_16-47-20.pcap_2025-11-27_16:49:02/metadata
2025/11/27 16:49:08.789084 [Main] Started Input Process [PID 15293]
2025/11/27 16:49:08.797411 [Input] Storing zeek log files in output/router_2025-11-27_16-47-20.pcap_2025-11-27_16:49:02/zeek_files
2025/11/27 16:49:08.803411 [Main] Warning: Slips may generate a large amount of traffic by querying TI sites.
2025/11/27 16:49:11.885182 [Profiler] Used local network: 172.16.0.0/12
2025/11/27 16:49:41.809645 [Input] Done reading all flows. Stopping the input process. Sent 417 lines for the profiler process.
2025/11/27 16:49:41.809824 [Input] Telling Profiler to stop because no more input is arriving.
2025/11/27 16:49:41.809889 [Input] Waiting for Profiler to stop.
2025/11/27 16:49:41.812213 [Profiler] Stopping. Total lines read: 417
2025/11/27 16:49:41.812515 [Profiler] Marking Profiler as done processing.
2025/11/27 16:49:41.812764 [Profiler] Profiler is done processing.
2025/11/27 16:49:41.813027 [Profiler] Profiler is done telling input.py that it's done processing.
2025/11/27 16:49:41.813038 [Input] Input is done processing.
2025/11/27 16:49:41.817719 [Input] Stopping. Total lines read: 417
2025/11/27 16:49:43.909721 [Main] 
---------------------------
2025/11/27 16:49:43.910000 [Main] Stopping Slips
2025/11/27 16:49:43.915795 [Main] Total flows read (without altflows): 15
2025/11/27 16:49:43.916611 [Main] Killing modules that took more than 0.0 mins to finish.
2025/11/27 16:49:43.951489 [Main] 	RNN C&C Detection    	Stopped. 12 left.
2025/11/27 16:49:46.958752 [Main] 	Update Manager       	Stopped. 11 left.
2025/11/27 16:49:46.962508 [Main] 	Input                	Stopped. 10 left.
2025/11/27 16:49:46.966035 [Main] 	Flow Alerts          	Stopped. 9 left.
2025/11/27 16:49:46.969494 [Main] 	HTTP Analyzer        	Stopped. 8 left.
2025/11/27 16:49:46.973174 [Main] 	Network Discovery    	Stopped. 7 left.
2025/11/27 16:49:46.976827 [Main] 	Threat Intelligence  	Stopped. 6 left.
2025/11/27 16:49:46.980324 [Main] 	Profiler             	Stopped. 5 left.
2025/11/27 16:49:46.983683 [Main] 	Flow ML Detection    	Stopped. 4 left.
2025/11/27 16:49:46.987017 [Main] 	ARP                  	Stopped. 3 left.
2025/11/27 16:49:49.993888 [Main] 	IP Info              	Stopped. 2 left.
2025/11/27 16:49:53.000936 [Main] 	EvidenceHandler      	Stopped. 1 left.
2025/11/27 16:49:53.004412 [Main] 	Timeline             	Stopped. 0 left.
2025/11/27 16:49:53.005649 [Main] Analysis of dataset/router_2025-11-27_16-47-20.pcap finished in 61.52 minutes
2025/11/27 16:49:53.007081 [Main] [Process Manager] Slips didn't shutdown gracefully - Killing modules that took more than 0.0 mins to finish.

