2025/11/26 22:13:33.812567 [Main] Storing Slips logs in output/router_2025-11-26_22-11-47.pcap_2025-11-26_22:13:33/
2025/11/26 22:13:34.853658 [Main] Using redis server on port: 6379
2025/11/26 22:13:34.853799 [Main] Started Main process [PID 4498]
2025/11/26 22:13:35.191831 [Main] Starting modules
2025/11/26 22:13:38.113285 [Main] 		Starting the module ARP (Detect ARP attacks) [PID 4519]
2025/11/26 22:13:38.469567 [Main] 		Starting the module Flow Alerts (Alerts about flows: long connection, successful ssh, password guessing, self-signed certificate, data exfiltration, etc.) [PID 4521]
2025/11/26 22:13:38.509284 [Main] 		Starting the module Flow ML Detection (Train or test a Machine Learning model to detect malicious flows) [PID 4523]
2025/11/26 22:13:38.550883 [Main] 		Starting the module HTTP Analyzer (Analyze HTTP flows) [PID 4524]
2025/11/26 22:13:38.816218 [Main] 		Starting the module IP Info (Get different info about an IP/MAC address) [PID 4525]
2025/11/26 22:13:38.833700 [Main] 		Starting the module Network Discovery (Detect Horizonal, Vertical, ICMP and DHCP Scans.) [PID 4526]
2025/11/26 22:13:38.873406 [Main] 		Starting the module Risk IQ (Module to get passive DNS info about IPs from RiskIQ) [PID 4527]
2025/11/26 22:13:38.914456 [Main] 		Starting the module RNN C&C Detection (Detect C&C channels based on behavioral letters) [PID 4528]
2025/11/26 22:13:38.957987 [Main] 		Starting the module Threat Intelligence (Check if the source IP or destination IP are in a malicious list of IPs) [PID 4538]
2025/11/26 22:13:38.998839 [Main] 		Starting the module Timeline (Creates kalipso timeline of what happened in the network based on flows and available data) [PID 4540]
2025/11/26 22:13:39.305931 [Main] 		Starting the module Update Manager (Update Threat Intelligence files) [PID 4541]
2025/11/26 22:13:39.313345 [Update Manager] Checking if we need to download TI files.
2025/11/26 22:13:39.348713 [Main] 		Starting the module Virustotal (IP, domain and file hash lookup on Virustotal) [PID 4542]
2025/11/26 22:13:39.849741 [Main] Disabled Modules: ['template', 'exporting_alerts', 'p2ptrust', 'fidesModule', 'irisModule', 'cesnet', 'blocking', 'arp_poisoner', 'leak_detector', 'cyst']
2025/11/26 22:13:40.130636 [Main] Started Evidence Process [PID 4543]
2025/11/26 22:13:40.137547 [EvidenceHandler] Using threshold: 0.25
2025/11/26 22:13:40.415799 [Main] Started Profiler Process [PID 4551]
2025/11/26 22:13:40.421279 [Main] Metadata added to output/router_2025-11-26_22-11-47.pcap_2025-11-26_22:13:33/metadata
2025/11/26 22:13:40.460217 [Main] Started Input Process [PID 4555]
2025/11/26 22:13:40.469216 [Input] Storing zeek log files in output/router_2025-11-26_22-11-47.pcap_2025-11-26_22:13:33/zeek_files
2025/11/26 22:13:40.476780 [Main] Warning: Slips may generate a large amount of traffic by querying TI sites.
2025/11/26 22:13:43.526450 [Profiler] Used local network: 172.16.0.0/12
2025/11/26 22:14:13.481927 [Input] Done reading all flows. Stopping the input process. Sent 240 lines for the profiler process.
2025/11/26 22:14:13.482474 [Input] Telling Profiler to stop because no more input is arriving.
2025/11/26 22:14:13.482569 [Input] Waiting for Profiler to stop.
2025/11/26 22:14:13.483686 [Profiler] Stopping. Total lines read: 240
2025/11/26 22:14:13.483806 [Profiler] Marking Profiler as done processing.
2025/11/26 22:14:13.483852 [Profiler] Profiler is done processing.
2025/11/26 22:14:13.484059 [Input] Input is done processing.
2025/11/26 22:14:13.484061 [Profiler] Profiler is done telling input.py that it's done processing.
2025/11/26 22:14:13.488814 [Input] Stopping. Total lines read: 240
2025/11/26 22:14:15.582673 [Main] 
---------------------------
2025/11/26 22:14:15.583317 [Main] Stopping Slips
2025/11/26 22:14:15.588889 [Main] Total flows read (without altflows): 8
2025/11/26 22:14:15.589578 [Main] Killing modules that took more than 0.0 mins to finish.
2025/11/26 22:14:15.593592 [Main] 	Input                	Stopped. 12 left.
2025/11/26 22:14:18.603478 [Main] 	EvidenceHandler      	Stopped. 11 left.
2025/11/26 22:14:18.607434 [Main] 	Flow Alerts          	Stopped. 10 left.
2025/11/26 22:14:18.611152 [Main] 	Network Discovery    	Stopped. 9 left.
2025/11/26 22:14:18.615031 [Main] 	Timeline             	Stopped. 8 left.
2025/11/26 22:14:18.618600 [Main] 	RNN C&C Detection    	Stopped. 7 left.
2025/11/26 22:14:18.621978 [Main] 	HTTP Analyzer        	Stopped. 6 left.
2025/11/26 22:14:18.625249 [Main] 	Flow ML Detection    	Stopped. 5 left.
2025/11/26 22:14:18.628374 [Main] 	ARP                  	Stopped. 4 left.
2025/11/26 22:14:21.635070 [Main] 	IP Info              	Stopped. 3 left.
2025/11/26 22:14:21.638717 [Main] 	Profiler             	Stopped. 2 left.
2025/11/26 22:14:24.645513 [Main] 	Update Manager       	Stopped. 1 left.
2025/11/26 22:14:24.648942 [Main] 	Threat Intelligence  	Stopped. 0 left.
2025/11/26 22:14:24.650201 [Main] Analysis of dataset/router_2025-11-26_22-11-47.pcap finished in 24.18 minutes
2025/11/26 22:14:24.651914 [Main] [Process Manager] Slips didn't shutdown gracefully - Killing modules that took more than 0.0 mins to finish.

