2025/11/27 16:31:00.448930 [Main] Storing Slips logs in output/router_2025-11-27_16-30-51.pcap_2025-11-27_16:31:00/
2025/11/27 16:31:01.492598 [Main] Using redis server on port: 6379
2025/11/27 16:31:01.492727 [Main] Started Main process [PID 10644]
2025/11/27 16:31:01.827701 [Main] Starting modules
2025/11/27 16:31:04.771163 [Main] 		Starting the module ARP (Detect ARP attacks) [PID 10665]
2025/11/27 16:31:05.124199 [Main] 		Starting the module Flow Alerts (Alerts about flows: long connection, successful ssh, password guessing, self-signed certificate, data exfiltration, etc.) [PID 10667]
2025/11/27 16:31:05.164073 [Main] 		Starting the module Flow ML Detection (Train or test a Machine Learning model to detect malicious flows) [PID 10669]
2025/11/27 16:31:05.205775 [Main] 		Starting the module HTTP Analyzer (Analyze HTTP flows) [PID 10670]
2025/11/27 16:31:05.468368 [Main] 		Starting the module IP Info (Get different info about an IP/MAC address) [PID 10671]
2025/11/27 16:31:05.485772 [Main] 		Starting the module Network Discovery (Detect Horizonal, Vertical, ICMP and DHCP Scans.) [PID 10672]
2025/11/27 16:31:05.525535 [Main] 		Starting the module Risk IQ (Module to get passive DNS info about IPs from RiskIQ) [PID 10673]
2025/11/27 16:31:05.566057 [Main] 		Starting the module RNN C&C Detection (Detect C&C channels based on behavioral letters) [PID 10674]
2025/11/27 16:31:05.609210 [Main] 		Starting the module Threat Intelligence (Check if the source IP or destination IP are in a malicious list of IPs) [PID 10684]
2025/11/27 16:31:05.650776 [Main] 		Starting the module Timeline (Creates kalipso timeline of what happened in the network based on flows and available data) [PID 10686]
2025/11/27 16:31:05.955509 [Main] 		Starting the module Update Manager (Update Threat Intelligence files) [PID 10687]
2025/11/27 16:31:05.963663 [Update Manager] Checking if we need to download TI files.
2025/11/27 16:31:05.999794 [Main] 		Starting the module Virustotal (IP, domain and file hash lookup on Virustotal) [PID 10688]
2025/11/27 16:31:06.500843 [Main] Disabled Modules: ['template', 'exporting_alerts', 'p2ptrust', 'fidesModule', 'irisModule', 'cesnet', 'blocking', 'arp_poisoner', 'leak_detector', 'cyst']
2025/11/27 16:31:06.781961 [Main] Started Evidence Process [PID 10689]
2025/11/27 16:31:06.788205 [EvidenceHandler] Using threshold: 0.25
2025/11/27 16:31:07.064711 [Main] Started Profiler Process [PID 10690]
2025/11/27 16:31:07.069845 [Main] Metadata added to output/router_2025-11-27_16-30-51.pcap_2025-11-27_16:31:00/metadata
2025/11/27 16:31:07.109548 [Main] Started Input Process [PID 10694]
2025/11/27 16:31:07.118974 [Input] Storing zeek log files in output/router_2025-11-27_16-30-51.pcap_2025-11-27_16:31:00/zeek_files
2025/11/27 16:31:07.130692 [Main] Warning: Slips may generate a large amount of traffic by querying TI sites.
2025/11/27 16:31:07.574283 [Input] Zeek error. return code: 0 error:b"1764261066.001572 warning in /opt/zeek/share/zeek/base/misc/find-filtered-trace.zeek, line 69: The analyzed trace file was determined to contain only TCP control packets, which may indicate it's been pre-filtered.  By default, Zeek reports the missing segments for this type of trace, but the 'detect_filtered_trace' option may be toggled if that's not desired."
2025/11/27 16:31:10.179711 [Profiler] Used local network: 172.16.0.0/12
2025/11/27 16:31:40.129624 [Input] Done reading all flows. Stopping the input process. Sent 281 lines for the profiler process.
2025/11/27 16:31:40.130242 [Input] Telling Profiler to stop because no more input is arriving.
2025/11/27 16:31:40.130450 [Input] Waiting for Profiler to stop.
2025/11/27 16:31:40.131768 [Profiler] Stopping. Total lines read: 281
2025/11/27 16:31:40.131907 [Profiler] Marking Profiler as done processing.
2025/11/27 16:31:40.131954 [Profiler] Profiler is done processing.
2025/11/27 16:31:40.132160 [Profiler] Profiler is done telling input.py that it's done processing.
2025/11/27 16:31:40.132165 [Input] Input is done processing.
2025/11/27 16:31:40.138737 [Input] Stopping. Total lines read: 281
2025/11/27 16:31:42.235356 [Main] 
---------------------------
2025/11/27 16:31:42.235539 [Main] Stopping Slips
2025/11/27 16:31:42.240805 [Main] Total flows read (without altflows): 13
2025/11/27 16:31:42.241548 [Main] Killing modules that took more than 0.0 mins to finish.
2025/11/27 16:31:42.275052 [Main] 	RNN C&C Detection    	Stopped. 12 left.
2025/11/27 16:31:42.278789 [Main] 	Flow ML Detection    	Stopped. 11 left.
2025/11/27 16:31:45.181354 [Main] 	Flow Alerts          	Stopped. 10 left.
2025/11/27 16:31:45.185568 [Main] 	Network Discovery    	Stopped. 9 left.
2025/11/27 16:31:45.190035 [Main] 	Timeline             	Stopped. 8 left.
2025/11/27 16:31:48.196759 [Main] 	EvidenceHandler      	Stopped. 7 left.
2025/11/27 16:31:51.204166 [Main] 	IP Info              	Stopped. 6 left.
2025/11/27 16:31:51.207782 [Main] 	ARP                  	Stopped. 5 left.
2025/11/27 16:31:51.211325 [Main] 	Profiler             	Stopped. 4 left.
2025/11/27 16:31:51.214965 [Main] 	Input                	Stopped. 3 left.
2025/11/27 16:31:51.218826 [Main] 	Threat Intelligence  	Stopped. 2 left.
2025/11/27 16:31:54.225763 [Main] 	Update Manager       	Stopped. 1 left.
2025/11/27 16:31:54.229383 [Main] 	HTTP Analyzer        	Stopped. 0 left.
2025/11/27 16:31:54.230598 [Main] Analysis of dataset/router_2025-11-27_16-30-51.pcap finished in 43.54 minutes
2025/11/27 16:31:54.232155 [Main] [Process Manager] Slips didn't shutdown gracefully - Killing modules that took more than 0.0 mins to finish.

