2025/11/26 22:15:23.404648 [Main] Storing Slips logs in output/router_2025-11-26_22-13-50.pcap_2025-11-26_22:15:23/
2025/11/26 22:15:24.448282 [Main] Using redis server on port: 6379
2025/11/26 22:15:24.448427 [Main] Started Main process [PID 4845]
2025/11/26 22:15:24.784845 [Main] Starting modules
2025/11/26 22:15:27.686309 [Main] 		Starting the module ARP (Detect ARP attacks) [PID 4866]
2025/11/26 22:15:28.044949 [Main] 		Starting the module Flow Alerts (Alerts about flows: long connection, successful ssh, password guessing, self-signed certificate, data exfiltration, etc.) [PID 4868]
2025/11/26 22:15:28.084606 [Main] 		Starting the module Flow ML Detection (Train or test a Machine Learning model to detect malicious flows) [PID 4870]
2025/11/26 22:15:28.126036 [Main] 		Starting the module HTTP Analyzer (Analyze HTTP flows) [PID 4871]
2025/11/26 22:15:28.392922 [Main] 		Starting the module IP Info (Get different info about an IP/MAC address) [PID 4872]
2025/11/26 22:15:28.409944 [Main] 		Starting the module Network Discovery (Detect Horizonal, Vertical, ICMP and DHCP Scans.) [PID 4873]
2025/11/26 22:15:28.450177 [Main] 		Starting the module Risk IQ (Module to get passive DNS info about IPs from RiskIQ) [PID 4874]
2025/11/26 22:15:28.491973 [Main] 		Starting the module RNN C&C Detection (Detect C&C channels based on behavioral letters) [PID 4875]
2025/11/26 22:15:28.536441 [Main] 		Starting the module Threat Intelligence (Check if the source IP or destination IP are in a malicious list of IPs) [PID 4885]
2025/11/26 22:15:28.579754 [Main] 		Starting the module Timeline (Creates kalipso timeline of what happened in the network based on flows and available data) [PID 4887]
2025/11/26 22:15:28.889828 [Main] 		Starting the module Update Manager (Update Threat Intelligence files) [PID 4888]
2025/11/26 22:15:28.898340 [Update Manager] Checking if we need to download TI files.
2025/11/26 22:15:28.932877 [Main] 		Starting the module Virustotal (IP, domain and file hash lookup on Virustotal) [PID 4889]
2025/11/26 22:15:29.433423 [Main] Disabled Modules: ['template', 'exporting_alerts', 'p2ptrust', 'fidesModule', 'irisModule', 'cesnet', 'blocking', 'arp_poisoner', 'leak_detector', 'cyst']
2025/11/26 22:15:29.718099 [Main] Started Evidence Process [PID 4890]
2025/11/26 22:15:29.724794 [EvidenceHandler] Using threshold: 0.25
2025/11/26 22:15:30.003137 [Main] Started Profiler Process [PID 4891]
2025/11/26 22:15:30.007767 [Main] Metadata added to output/router_2025-11-26_22-13-50.pcap_2025-11-26_22:15:23/metadata
2025/11/26 22:15:30.045971 [Main] Started Input Process [PID 4895]
2025/11/26 22:15:30.054187 [Input] Storing zeek log files in output/router_2025-11-26_22-13-50.pcap_2025-11-26_22:15:23/zeek_files
2025/11/26 22:15:30.060828 [Main] Warning: Slips may generate a large amount of traffic by querying TI sites.
2025/11/26 22:15:33.109088 [Profiler] Used local network: 172.16.0.0/12
2025/11/26 22:16:03.065513 [Input] Done reading all flows. Stopping the input process. Sent 237 lines for the profiler process.
2025/11/26 22:16:03.065857 [Input] Telling Profiler to stop because no more input is arriving.
2025/11/26 22:16:03.065936 [Input] Waiting for Profiler to stop.
2025/11/26 22:16:03.068123 [Profiler] Stopping. Total lines read: 237
2025/11/26 22:16:03.068260 [Profiler] Marking Profiler as done processing.
2025/11/26 22:16:03.068516 [Profiler] Profiler is done processing.
2025/11/26 22:16:03.068644 [Profiler] Profiler is done telling input.py that it's done processing.
2025/11/26 22:16:03.068714 [Input] Input is done processing.
2025/11/26 22:16:03.069943 [Input] Stopping. Total lines read: 237
2025/11/26 22:16:05.166585 [Main] 
---------------------------
2025/11/26 22:16:05.166753 [Main] Stopping Slips
2025/11/26 22:16:05.172048 [Main] Total flows read (without altflows): 8
2025/11/26 22:16:05.172978 [Main] Killing modules that took more than 0.0 mins to finish.
2025/11/26 22:16:05.204424 [Main] 	Network Discovery    	Stopped. 12 left.
2025/11/26 22:16:08.211636 [Main] 	IP Info              	Stopped. 11 left.
2025/11/26 22:16:08.215418 [Main] 	Profiler             	Stopped. 10 left.
2025/11/26 22:16:11.221806 [Main] 	Update Manager       	Stopped. 9 left.
2025/11/26 22:16:14.228573 [Main] 	EvidenceHandler      	Stopped. 8 left.
2025/11/26 22:16:14.232145 [Main] 	Input                	Stopped. 7 left.
2025/11/26 22:16:14.235556 [Main] 	ARP                  	Stopped. 6 left.
2025/11/26 22:16:14.238935 [Main] 	Flow ML Detection    	Stopped. 5 left.
2025/11/26 22:16:14.242081 [Main] 	Threat Intelligence  	Stopped. 4 left.
2025/11/26 22:16:14.245071 [Main] 	RNN C&C Detection    	Stopped. 3 left.
2025/11/26 22:16:14.248163 [Main] 	Timeline             	Stopped. 2 left.
2025/11/26 22:16:14.251255 [Main] 	Flow Alerts          	Stopped. 1 left.
2025/11/26 22:16:14.254208 [Main] 	HTTP Analyzer        	Stopped. 0 left.
2025/11/26 22:16:14.255104 [Main] Analysis of dataset/router_2025-11-26_22-13-50.pcap finished in 26.01 minutes
2025/11/26 22:16:14.256971 [Main] [Process Manager] Slips didn't shutdown gracefully - Killing modules that took more than 0.0 mins to finish.

