2025/11/26 22:25:07.733182 [Main] Storing Slips logs in output/router_2025-11-26_22-24-30.pcap_2025-11-26_22:25:07/
2025/11/26 22:25:08.776131 [Main] Using redis server on port: 6379
2025/11/26 22:25:08.776260 [Main] Started Main process [PID 6626]
2025/11/26 22:25:09.109285 [Main] Starting modules
2025/11/26 22:25:12.088517 [Main] 		Starting the module ARP (Detect ARP attacks) [PID 6647]
2025/11/26 22:25:12.447762 [Main] 		Starting the module Flow Alerts (Alerts about flows: long connection, successful ssh, password guessing, self-signed certificate, data exfiltration, etc.) [PID 6649]
2025/11/26 22:25:12.487343 [Main] 		Starting the module Flow ML Detection (Train or test a Machine Learning model to detect malicious flows) [PID 6651]
2025/11/26 22:25:12.528733 [Main] 		Starting the module HTTP Analyzer (Analyze HTTP flows) [PID 6652]
2025/11/26 22:25:12.793419 [Main] 		Starting the module IP Info (Get different info about an IP/MAC address) [PID 6653]
2025/11/26 22:25:12.811553 [Main] 		Starting the module Network Discovery (Detect Horizonal, Vertical, ICMP and DHCP Scans.) [PID 6654]
2025/11/26 22:25:12.852131 [Main] 		Starting the module Risk IQ (Module to get passive DNS info about IPs from RiskIQ) [PID 6655]
2025/11/26 22:25:12.894326 [Main] 		Starting the module RNN C&C Detection (Detect C&C channels based on behavioral letters) [PID 6656]
2025/11/26 22:25:12.938292 [Main] 		Starting the module Threat Intelligence (Check if the source IP or destination IP are in a malicious list of IPs) [PID 6666]
2025/11/26 22:25:12.982285 [Main] 		Starting the module Timeline (Creates kalipso timeline of what happened in the network based on flows and available data) [PID 6668]
2025/11/26 22:25:13.289051 [Main] 		Starting the module Update Manager (Update Threat Intelligence files) [PID 6669]
2025/11/26 22:25:13.297881 [Update Manager] Checking if we need to download TI files.
2025/11/26 22:25:13.331821 [Main] 		Starting the module Virustotal (IP, domain and file hash lookup on Virustotal) [PID 6670]
2025/11/26 22:25:13.832487 [Main] Disabled Modules: ['template', 'exporting_alerts', 'p2ptrust', 'fidesModule', 'irisModule', 'cesnet', 'blocking', 'arp_poisoner', 'leak_detector', 'cyst']
2025/11/26 22:25:14.114993 [Main] Started Evidence Process [PID 6671]
2025/11/26 22:25:14.122215 [EvidenceHandler] Using threshold: 0.25
2025/11/26 22:25:14.399977 [Main] Started Profiler Process [PID 6672]
2025/11/26 22:25:14.405522 [Main] Metadata added to output/router_2025-11-26_22-24-30.pcap_2025-11-26_22:25:07/metadata
2025/11/26 22:25:14.445443 [Main] Started Input Process [PID 6676]
2025/11/26 22:25:14.469064 [Main] Warning: Slips may generate a large amount of traffic by querying TI sites.
2025/11/26 22:25:14.471756 [Input] Storing zeek log files in output/router_2025-11-26_22-24-30.pcap_2025-11-26_22:25:07/zeek_files
2025/11/26 22:25:17.525818 [Profiler] Used local network: 172.16.0.0/12
2025/11/26 22:25:47.482131 [Input] Done reading all flows. Stopping the input process. Sent 321 lines for the profiler process.
2025/11/26 22:25:47.482473 [Input] Telling Profiler to stop because no more input is arriving.
2025/11/26 22:25:47.482562 [Input] Waiting for Profiler to stop.
2025/11/26 22:25:47.484504 [Profiler] Stopping. Total lines read: 321
2025/11/26 22:25:47.484840 [Profiler] Marking Profiler as done processing.
2025/11/26 22:25:47.484910 [Profiler] Profiler is done processing.
2025/11/26 22:25:47.485244 [Profiler] Profiler is done telling input.py that it's done processing.
2025/11/26 22:25:47.485464 [Input] Input is done processing.
2025/11/26 22:25:47.488049 [Input] Stopping. Total lines read: 321
2025/11/26 22:25:49.598248 [Main] 
---------------------------
2025/11/26 22:25:49.598462 [Main] Stopping Slips
2025/11/26 22:25:49.604211 [Main] Total flows read (without altflows): 13
2025/11/26 22:25:49.605077 [Main] Killing modules that took more than 0.0 mins to finish.
2025/11/26 22:25:49.640741 [Main] 	RNN C&C Detection    	Stopped. 12 left.
2025/11/26 22:25:52.647258 [Main] 	IP Info              	Stopped. 11 left.
2025/11/26 22:25:52.651191 [Main] 	Threat Intelligence  	Stopped. 10 left.
2025/11/26 22:25:52.655008 [Main] 	Timeline             	Stopped. 9 left.
2025/11/26 22:25:55.661788 [Main] 	EvidenceHandler      	Stopped. 8 left.
2025/11/26 22:25:55.665669 [Main] 	ARP                  	Stopped. 7 left.
2025/11/26 22:25:55.669614 [Main] 	HTTP Analyzer        	Stopped. 6 left.
2025/11/26 22:25:58.676893 [Main] 	Update Manager       	Stopped. 5 left.
2025/11/26 22:25:58.680823 [Main] 	Profiler             	Stopped. 4 left.
2025/11/26 22:25:58.684562 [Main] 	Network Discovery    	Stopped. 3 left.
2025/11/26 22:25:58.688180 [Main] 	Input                	Stopped. 2 left.
2025/11/26 22:25:58.691777 [Main] 	Flow Alerts          	Stopped. 1 left.
2025/11/26 22:25:58.695339 [Main] 	Flow ML Detection    	Stopped. 0 left.
2025/11/26 22:25:58.696333 [Main] Analysis of dataset/router_2025-11-26_22-24-30.pcap finished in 35.75 minutes
2025/11/26 22:25:58.698107 [Main] [Process Manager] Slips didn't shutdown gracefully - Killing modules that took more than 0.0 mins to finish.

