2025/11/27 16:32:53.066352 [Main] Storing Slips logs in output/router_2025-11-27_16-31-52.pcap_2025-11-27_16:32:53/
2025/11/27 16:32:54.107181 [Main] Using redis server on port: 6379
2025/11/27 16:32:54.107307 [Main] Started Main process [PID 11118]
2025/11/27 16:32:54.436175 [Main] Starting modules
2025/11/27 16:32:57.377257 [Main] 		Starting the module ARP (Detect ARP attacks) [PID 11139]
2025/11/27 16:32:57.731024 [Main] 		Starting the module Flow Alerts (Alerts about flows: long connection, successful ssh, password guessing, self-signed certificate, data exfiltration, etc.) [PID 11141]
2025/11/27 16:32:57.770897 [Main] 		Starting the module Flow ML Detection (Train or test a Machine Learning model to detect malicious flows) [PID 11143]
2025/11/27 16:32:57.812662 [Main] 		Starting the module HTTP Analyzer (Analyze HTTP flows) [PID 11144]
2025/11/27 16:32:58.073639 [Main] 		Starting the module IP Info (Get different info about an IP/MAC address) [PID 11145]
2025/11/27 16:32:58.092192 [Main] 		Starting the module Network Discovery (Detect Horizonal, Vertical, ICMP and DHCP Scans.) [PID 11146]
2025/11/27 16:32:58.132960 [Main] 		Starting the module Risk IQ (Module to get passive DNS info about IPs from RiskIQ) [PID 11147]
2025/11/27 16:32:58.172662 [Main] 		Starting the module RNN C&C Detection (Detect C&C channels based on behavioral letters) [PID 11148]
2025/11/27 16:32:58.217452 [Main] 		Starting the module Threat Intelligence (Check if the source IP or destination IP are in a malicious list of IPs) [PID 11158]
2025/11/27 16:32:58.259280 [Main] 		Starting the module Timeline (Creates kalipso timeline of what happened in the network based on flows and available data) [PID 11160]
2025/11/27 16:32:58.561807 [Main] 		Starting the module Update Manager (Update Threat Intelligence files) [PID 11161]
2025/11/27 16:32:58.568791 [Update Manager] Checking if we need to download TI files.
2025/11/27 16:32:58.604294 [Main] 		Starting the module Virustotal (IP, domain and file hash lookup on Virustotal) [PID 11162]
2025/11/27 16:32:59.105201 [Main] Disabled Modules: ['template', 'exporting_alerts', 'p2ptrust', 'fidesModule', 'irisModule', 'cesnet', 'blocking', 'arp_poisoner', 'leak_detector', 'cyst']
2025/11/27 16:32:59.386316 [Main] Started Evidence Process [PID 11170]
2025/11/27 16:32:59.393362 [EvidenceHandler] Using threshold: 0.25
2025/11/27 16:32:59.668572 [Main] Started Profiler Process [PID 11171]
2025/11/27 16:32:59.673632 [Main] Metadata added to output/router_2025-11-27_16-31-52.pcap_2025-11-27_16:32:53/metadata
2025/11/27 16:32:59.713621 [Main] Started Input Process [PID 11175]
2025/11/27 16:32:59.722752 [Input] Storing zeek log files in output/router_2025-11-27_16-31-52.pcap_2025-11-27_16:32:53/zeek_files
2025/11/27 16:32:59.736144 [Main] Warning: Slips may generate a large amount of traffic by querying TI sites.
2025/11/27 16:33:00.177333 [Input] Zeek error. return code: 0 error:b"1764261170.424422 warning in /opt/zeek/share/zeek/base/misc/find-filtered-trace.zeek, line 69: The analyzed trace file was determined to contain only TCP control packets, which may indicate it's been pre-filtered.  By default, Zeek reports the missing segments for this type of trace, but the 'detect_filtered_trace' option may be toggled if that's not desired."
2025/11/27 16:33:02.782483 [Profiler] Used local network: 172.16.0.0/12
2025/11/27 16:33:32.734832 [Input] Done reading all flows. Stopping the input process. Sent 345 lines for the profiler process.
2025/11/27 16:33:32.735296 [Input] Telling Profiler to stop because no more input is arriving.
2025/11/27 16:33:32.735541 [Input] Waiting for Profiler to stop.
2025/11/27 16:33:32.737353 [Profiler] Stopping. Total lines read: 345
2025/11/27 16:33:32.737673 [Profiler] Marking Profiler as done processing.
2025/11/27 16:33:32.737869 [Profiler] Profiler is done processing.
2025/11/27 16:33:32.738096 [Profiler] Profiler is done telling input.py that it's done processing.
2025/11/27 16:33:32.738104 [Input] Input is done processing.
2025/11/27 16:33:32.741696 [Input] Stopping. Total lines read: 345
2025/11/27 16:33:34.854547 [Main] 
---------------------------
2025/11/27 16:33:34.854866 [Main] Stopping Slips
2025/11/27 16:33:34.860570 [Main] Total flows read (without altflows): 14
2025/11/27 16:33:34.861403 [Main] Killing modules that took more than 0.0 mins to finish.
2025/11/27 16:33:34.881746 [Main] 	HTTP Analyzer        	Stopped. 12 left.
2025/11/27 16:33:34.895865 [Main] 	Timeline             	Stopped. 11 left.
2025/11/27 16:33:34.899963 [Main] 	Input                	Stopped. 10 left.
2025/11/27 16:33:37.907056 [Main] 	IP Info              	Stopped. 9 left.
2025/11/27 16:33:40.912191 [Main] 	EvidenceHandler      	Stopped. 8 left.
2025/11/27 16:33:40.916142 [Main] 	RNN C&C Detection    	Stopped. 7 left.
2025/11/27 16:33:43.923304 [Main] 	Update Manager       	Stopped. 6 left.
2025/11/27 16:33:43.927010 [Main] 	Threat Intelligence  	Stopped. 5 left.
2025/11/27 16:33:43.930326 [Main] 	Flow ML Detection    	Stopped. 4 left.
2025/11/27 16:33:43.933544 [Main] 	Network Discovery    	Stopped. 3 left.
2025/11/27 16:33:43.937171 [Main] 	ARP                  	Stopped. 2 left.
2025/11/27 16:33:43.940467 [Main] 	Profiler             	Stopped. 1 left.
2025/11/27 16:33:43.943611 [Main] 	Flow Alerts          	Stopped. 0 left.
2025/11/27 16:33:43.944543 [Main] Analysis of dataset/router_2025-11-27_16-31-52.pcap finished in 45.37 minutes
2025/11/27 16:33:43.946229 [Main] [Process Manager] Slips didn't shutdown gracefully - Killing modules that took more than 0.0 mins to finish.

