2025/11/26 22:22:17.520528 [Main] Storing Slips logs in output/router_2025-11-26_22-21-52.pcap_2025-11-26_22:22:17/
2025/11/26 22:22:18.559744 [Main] Using redis server on port: 6379
2025/11/26 22:22:18.559866 [Main] Started Main process [PID 6100]
2025/11/26 22:22:18.895573 [Main] Starting modules
2025/11/26 22:22:21.852727 [Main] 		Starting the module ARP (Detect ARP attacks) [PID 6121]
2025/11/26 22:22:22.208423 [Main] 		Starting the module Flow Alerts (Alerts about flows: long connection, successful ssh, password guessing, self-signed certificate, data exfiltration, etc.) [PID 6123]
2025/11/26 22:22:22.248137 [Main] 		Starting the module Flow ML Detection (Train or test a Machine Learning model to detect malicious flows) [PID 6125]
2025/11/26 22:22:22.289211 [Main] 		Starting the module HTTP Analyzer (Analyze HTTP flows) [PID 6126]
2025/11/26 22:22:22.552518 [Main] 		Starting the module IP Info (Get different info about an IP/MAC address) [PID 6127]
2025/11/26 22:22:22.569490 [Main] 		Starting the module Network Discovery (Detect Horizonal, Vertical, ICMP and DHCP Scans.) [PID 6128]
2025/11/26 22:22:22.609999 [Main] 		Starting the module Risk IQ (Module to get passive DNS info about IPs from RiskIQ) [PID 6129]
2025/11/26 22:22:22.650762 [Main] 		Starting the module RNN C&C Detection (Detect C&C channels based on behavioral letters) [PID 6130]
2025/11/26 22:22:22.694547 [Main] 		Starting the module Threat Intelligence (Check if the source IP or destination IP are in a malicious list of IPs) [PID 6140]
2025/11/26 22:22:22.736198 [Main] 		Starting the module Timeline (Creates kalipso timeline of what happened in the network based on flows and available data) [PID 6142]
2025/11/26 22:22:23.044548 [Main] 		Starting the module Update Manager (Update Threat Intelligence files) [PID 6143]
2025/11/26 22:22:23.052865 [Update Manager] Checking if we need to download TI files.
2025/11/26 22:22:23.087676 [Main] 		Starting the module Virustotal (IP, domain and file hash lookup on Virustotal) [PID 6144]
2025/11/26 22:22:23.588611 [Main] Disabled Modules: ['template', 'exporting_alerts', 'p2ptrust', 'fidesModule', 'irisModule', 'cesnet', 'blocking', 'arp_poisoner', 'leak_detector', 'cyst']
2025/11/26 22:22:23.869643 [Main] Started Evidence Process [PID 6145]
2025/11/26 22:22:23.876166 [EvidenceHandler] Using threshold: 0.25
2025/11/26 22:22:24.151248 [Main] Started Profiler Process [PID 6146]
2025/11/26 22:22:24.155868 [Main] Metadata added to output/router_2025-11-26_22-21-52.pcap_2025-11-26_22:22:17/metadata
2025/11/26 22:22:24.194287 [Main] Started Input Process [PID 6150]
2025/11/26 22:22:24.207283 [Input] Storing zeek log files in output/router_2025-11-26_22-21-52.pcap_2025-11-26_22:22:17/zeek_files
2025/11/26 22:22:24.208163 [Main] Warning: Slips may generate a large amount of traffic by querying TI sites.
2025/11/26 22:22:27.265047 [Profiler] Used local network: 172.16.0.0/12
2025/11/26 22:22:57.219596 [Input] Done reading all flows. Stopping the input process. Sent 276 lines for the profiler process.
2025/11/26 22:22:57.219773 [Input] Telling Profiler to stop because no more input is arriving.
2025/11/26 22:22:57.219846 [Input] Waiting for Profiler to stop.
2025/11/26 22:22:57.222436 [Profiler] Stopping. Total lines read: 276
2025/11/26 22:22:57.222720 [Profiler] Marking Profiler as done processing.
2025/11/26 22:22:57.222795 [Profiler] Profiler is done processing.
2025/11/26 22:22:57.222889 [Profiler] Profiler is done telling input.py that it's done processing.
2025/11/26 22:22:57.223418 [Input] Input is done processing.
2025/11/26 22:22:57.228054 [Input] Stopping. Total lines read: 276
2025/11/26 22:22:59.319517 [Main] 
---------------------------
2025/11/26 22:22:59.319698 [Main] Stopping Slips
2025/11/26 22:22:59.324816 [Main] Total flows read (without altflows): 11
2025/11/26 22:22:59.325538 [Main] Killing modules that took more than 0.0 mins to finish.
2025/11/26 22:22:59.354162 [Main] 	ARP                  	Stopped. 12 left.
2025/11/26 22:23:02.263907 [Main] 	Flow Alerts          	Stopped. 11 left.
2025/11/26 22:23:02.267925 [Main] 	Network Discovery    	Stopped. 10 left.
2025/11/26 22:23:02.271889 [Main] 	Timeline             	Stopped. 9 left.
2025/11/26 22:23:02.275471 [Main] 	Threat Intelligence  	Stopped. 8 left.
2025/11/26 22:23:05.282099 [Main] 	Update Manager       	Stopped. 7 left.
2025/11/26 22:23:08.289227 [Main] 	IP Info              	Stopped. 6 left.
2025/11/26 22:23:11.296103 [Main] 	EvidenceHandler      	Stopped. 5 left.
2025/11/26 22:23:11.300053 [Main] 	Profiler             	Stopped. 4 left.
2025/11/26 22:23:11.303709 [Main] 	Input                	Stopped. 3 left.
2025/11/26 22:23:11.307484 [Main] 	RNN C&C Detection    	Stopped. 2 left.
2025/11/26 22:23:11.311061 [Main] 	Flow ML Detection    	Stopped. 1 left.
2025/11/26 22:23:11.314358 [Main] 	HTTP Analyzer        	Stopped. 0 left.
2025/11/26 22:23:11.315344 [Main] Analysis of dataset/router_2025-11-26_22-21-52.pcap finished in 32.96 minutes
2025/11/26 22:23:11.317338 [Main] [Process Manager] Slips didn't shutdown gracefully - Killing modules that took more than 0.0 mins to finish.

