2025/11/27 16:46:15.041771 [Main] Storing Slips logs in output/router_2025-11-27_16-45-18.pcap_2025-11-27_16:46:15/
2025/11/27 16:46:16.085087 [Main] Using redis server on port: 6379
2025/11/27 16:46:16.085323 [Main] Started Main process [PID 14506]
2025/11/27 16:46:16.416688 [Main] Starting modules
2025/11/27 16:46:19.393595 [Main] 		Starting the module ARP (Detect ARP attacks) [PID 14527]
2025/11/27 16:46:19.752080 [Main] 		Starting the module Flow Alerts (Alerts about flows: long connection, successful ssh, password guessing, self-signed certificate, data exfiltration, etc.) [PID 14529]
2025/11/27 16:46:19.793126 [Main] 		Starting the module Flow ML Detection (Train or test a Machine Learning model to detect malicious flows) [PID 14531]
2025/11/27 16:46:19.835655 [Main] 		Starting the module HTTP Analyzer (Analyze HTTP flows) [PID 14532]
2025/11/27 16:46:20.100469 [Main] 		Starting the module IP Info (Get different info about an IP/MAC address) [PID 14533]
2025/11/27 16:46:20.120581 [Main] 		Starting the module Network Discovery (Detect Horizonal, Vertical, ICMP and DHCP Scans.) [PID 14534]
2025/11/27 16:46:20.166338 [Main] 		Starting the module Risk IQ (Module to get passive DNS info about IPs from RiskIQ) [PID 14535]
2025/11/27 16:46:20.209586 [Main] 		Starting the module RNN C&C Detection (Detect C&C channels based on behavioral letters) [PID 14536]
2025/11/27 16:46:20.256560 [Main] 		Starting the module Threat Intelligence (Check if the source IP or destination IP are in a malicious list of IPs) [PID 14546]
2025/11/27 16:46:20.299584 [Main] 		Starting the module Timeline (Creates kalipso timeline of what happened in the network based on flows and available data) [PID 14548]
2025/11/27 16:46:20.603513 [Main] 		Starting the module Update Manager (Update Threat Intelligence files) [PID 14549]
2025/11/27 16:46:20.610512 [Update Manager] Checking if we need to download TI files.
2025/11/27 16:46:20.647373 [Main] 		Starting the module Virustotal (IP, domain and file hash lookup on Virustotal) [PID 14550]
2025/11/27 16:46:21.148225 [Main] Disabled Modules: ['template', 'exporting_alerts', 'p2ptrust', 'fidesModule', 'irisModule', 'cesnet', 'blocking', 'arp_poisoner', 'leak_detector', 'cyst']
2025/11/27 16:46:21.427607 [Main] Started Evidence Process [PID 14563]
2025/11/27 16:46:21.433992 [EvidenceHandler] Using threshold: 0.25
2025/11/27 16:46:21.712139 [Main] Started Profiler Process [PID 14564]
2025/11/27 16:46:21.716906 [Main] Metadata added to output/router_2025-11-27_16-45-18.pcap_2025-11-27_16:46:15/metadata
2025/11/27 16:46:21.757621 [Main] Started Input Process [PID 14568]
2025/11/27 16:46:21.772190 [Main] Warning: Slips may generate a large amount of traffic by querying TI sites.
2025/11/27 16:46:21.774848 [Input] Storing zeek log files in output/router_2025-11-27_16-45-18.pcap_2025-11-27_16:46:15/zeek_files
2025/11/27 16:46:22.270458 [Input] Zeek error. return code: 0 error:b"1764261976.346913 warning in /opt/zeek/share/zeek/base/misc/find-filtered-trace.zeek, line 69: The analyzed trace file was determined to contain only TCP control packets, which may indicate it's been pre-filtered.  By default, Zeek reports the missing segments for this type of trace, but the 'detect_filtered_trace' option may be toggled if that's not desired."
2025/11/27 16:46:24.842563 [Profiler] Used local network: 172.16.0.0/12
2025/11/27 16:46:54.790840 [Input] Done reading all flows. Stopping the input process. Sent 383 lines for the profiler process.
2025/11/27 16:46:54.791165 [Input] Telling Profiler to stop because no more input is arriving.
2025/11/27 16:46:54.791237 [Input] Waiting for Profiler to stop.
2025/11/27 16:46:54.794982 [Profiler] Stopping. Total lines read: 383
2025/11/27 16:46:54.795102 [Profiler] Marking Profiler as done processing.
2025/11/27 16:46:54.795145 [Profiler] Profiler is done processing.
2025/11/27 16:46:54.795227 [Profiler] Profiler is done telling input.py that it's done processing.
2025/11/27 16:46:54.796416 [Input] Input is done processing.
2025/11/27 16:46:54.802867 [Input] Stopping. Total lines read: 383
2025/11/27 16:46:56.889449 [Main] 
---------------------------
2025/11/27 16:46:56.889596 [Main] Stopping Slips
2025/11/27 16:46:56.895060 [Main] Total flows read (without altflows): 15
2025/11/27 16:46:56.895787 [Main] Killing modules that took more than 0.0 mins to finish.
2025/11/27 16:46:56.899749 [Main] 	Input                	Stopped. 12 left.
2025/11/27 16:46:59.904092 [Main] 	EvidenceHandler      	Stopped. 11 left.
2025/11/27 16:47:02.911411 [Main] 	Update Manager       	Stopped. 10 left.
2025/11/27 16:47:02.915123 [Main] 	Flow Alerts          	Stopped. 9 left.
2025/11/27 16:47:02.918618 [Main] 	Network Discovery    	Stopped. 8 left.
2025/11/27 16:47:02.922017 [Main] 	Timeline             	Stopped. 7 left.
2025/11/27 16:47:02.925663 [Main] 	RNN C&C Detection    	Stopped. 6 left.
2025/11/27 16:47:02.928869 [Main] 	HTTP Analyzer        	Stopped. 5 left.
2025/11/27 16:47:02.932097 [Main] 	Flow ML Detection    	Stopped. 4 left.
2025/11/27 16:47:02.935185 [Main] 	ARP                  	Stopped. 3 left.
2025/11/27 16:47:05.942125 [Main] 	IP Info              	Stopped. 2 left.
2025/11/27 16:47:05.945775 [Main] 	Profiler             	Stopped. 1 left.
2025/11/27 16:47:05.949298 [Main] 	Threat Intelligence  	Stopped. 0 left.
2025/11/27 16:47:05.950462 [Main] Analysis of dataset/router_2025-11-27_16-45-18.pcap finished in 58.74 minutes
2025/11/27 16:47:05.952149 [Main] [Process Manager] Slips didn't shutdown gracefully - Killing modules that took more than 0.0 mins to finish.

