2025/11/27 15:49:18.752016 [Main] Storing Slips logs in output/router_2025-11-27_15-48-15.pcap_2025-11-27_15:49:18/
2025/11/27 15:49:19.794822 [Main] Using redis server on port: 6379
2025/11/27 15:49:19.794942 [Main] Started Main process [PID 333]
2025/11/27 15:49:20.126849 [Main] Starting modules
2025/11/27 15:49:23.057445 [Main] 		Starting the module ARP (Detect ARP attacks) [PID 354]
2025/11/27 15:49:23.411717 [Main] 		Starting the module Flow Alerts (Alerts about flows: long connection, successful ssh, password guessing, self-signed certificate, data exfiltration, etc.) [PID 356]
2025/11/27 15:49:23.450227 [Main] 		Starting the module Flow ML Detection (Train or test a Machine Learning model to detect malicious flows) [PID 358]
2025/11/27 15:49:23.490253 [Main] 		Starting the module HTTP Analyzer (Analyze HTTP flows) [PID 359]
2025/11/27 15:49:23.751291 [Main] 		Starting the module IP Info (Get different info about an IP/MAC address) [PID 360]
2025/11/27 15:49:23.767743 [Main] 		Starting the module Network Discovery (Detect Horizonal, Vertical, ICMP and DHCP Scans.) [PID 361]
2025/11/27 15:49:23.806253 [Main] 		Starting the module Risk IQ (Module to get passive DNS info about IPs from RiskIQ) [PID 362]
2025/11/27 15:49:23.846140 [Main] 		Starting the module RNN C&C Detection (Detect C&C channels based on behavioral letters) [PID 363]
2025/11/27 15:49:23.888271 [Main] 		Starting the module Threat Intelligence (Check if the source IP or destination IP are in a malicious list of IPs) [PID 373]
2025/11/27 15:49:23.927471 [Main] 		Starting the module Timeline (Creates kalipso timeline of what happened in the network based on flows and available data) [PID 375]
2025/11/27 15:49:24.228372 [Main] 		Starting the module Update Manager (Update Threat Intelligence files) [PID 376]
2025/11/27 15:49:24.236086 [Update Manager] Checking if we need to download TI files.
2025/11/27 15:49:24.268883 [Main] 		Starting the module Virustotal (IP, domain and file hash lookup on Virustotal) [PID 377]
2025/11/27 15:49:24.769713 [Main] Disabled Modules: ['template', 'exporting_alerts', 'p2ptrust', 'fidesModule', 'irisModule', 'cesnet', 'blocking', 'arp_poisoner', 'leak_detector', 'cyst']
2025/11/27 15:49:25.046773 [Main] Started Evidence Process [PID 378]
2025/11/27 15:49:25.053623 [EvidenceHandler] Using threshold: 0.25
2025/11/27 15:49:25.326168 [Main] Started Profiler Process [PID 379]
2025/11/27 15:49:25.331591 [Main] Metadata added to output/router_2025-11-27_15-48-15.pcap_2025-11-27_15:49:18/metadata
2025/11/27 15:49:25.369154 [Main] Started Input Process [PID 383]
2025/11/27 15:49:25.378299 [Input] Storing zeek log files in output/router_2025-11-27_15-48-15.pcap_2025-11-27_15:49:18/zeek_files
2025/11/27 15:49:25.387116 [Main] Warning: Slips may generate a large amount of traffic by querying TI sites.
2025/11/27 15:49:28.431985 [Profiler] Used local network: 172.16.0.0/12
2025/11/27 15:49:58.389307 [Input] Done reading all flows. Stopping the input process. Sent 44 lines for the profiler process.
2025/11/27 15:49:58.390034 [Input] Telling Profiler to stop because no more input is arriving.
2025/11/27 15:49:58.390346 [Input] Waiting for Profiler to stop.
2025/11/27 15:49:58.391718 [Profiler] Stopping. Total lines read: 44
2025/11/27 15:49:58.391843 [Profiler] Marking Profiler as done processing.
2025/11/27 15:49:58.391930 [Profiler] Profiler is done processing.
2025/11/27 15:49:58.392150 [Profiler] Profiler is done telling input.py that it's done processing.
2025/11/27 15:49:58.392162 [Input] Input is done processing.
2025/11/27 15:49:58.393022 [Input] Stopping. Total lines read: 44
2025/11/27 15:50:00.489660 [Main] 
---------------------------
2025/11/27 15:50:00.489816 [Main] Stopping Slips
2025/11/27 15:50:00.495201 [Main] Total flows read (without altflows): 3
2025/11/27 15:50:00.496065 [Main] Killing modules that took more than 0.0 mins to finish.
2025/11/27 15:50:00.524676 [Main] 	Flow ML Detection    	Stopped. 12 left.
2025/11/27 15:50:00.528289 [Main] 	Timeline             	Stopped. 11 left.
2025/11/27 15:50:03.533438 [Main] 	EvidenceHandler      	Stopped. 10 left.
2025/11/27 15:50:03.536999 [Main] 	Network Discovery    	Stopped. 9 left.
2025/11/27 15:50:03.540390 [Main] 	ARP                  	Stopped. 8 left.
2025/11/27 15:50:03.543548 [Main] 	RNN C&C Detection    	Stopped. 7 left.
2025/11/27 15:50:03.546669 [Main] 	HTTP Analyzer        	Stopped. 6 left.
2025/11/27 15:50:03.549702 [Main] 	Flow Alerts          	Stopped. 5 left.
2025/11/27 15:50:03.552718 [Main] 	IP Info              	Stopped. 4 left.
2025/11/27 15:50:03.555959 [Main] 	Threat Intelligence  	Stopped. 3 left.
2025/11/27 15:50:03.559114 [Main] 	Input                	Stopped. 2 left.
2025/11/27 15:50:03.562373 [Main] 	Profiler             	Stopped. 1 left.
2025/11/27 15:50:06.569418 [Main] 	Update Manager       	Stopped. 0 left.
2025/11/27 15:50:06.570825 [Main] Analysis of dataset/router_2025-11-27_15-48-15.pcap finished in 1.75 minutes
2025/11/27 15:50:06.572478 [Main] [Process Manager] Slips didn't shutdown gracefully - Killing modules that took more than 0.0 mins to finish.

