2025/11/27 16:29:02.894523 [Main] Storing Slips logs in output/router_2025-11-27_16-27-40.pcap_2025-11-27_16:29:02/
2025/11/27 16:29:03.936839 [Main] Using redis server on port: 6379
2025/11/27 16:29:03.936970 [Main] Started Main process [PID 10165]
2025/11/27 16:29:04.266996 [Main] Starting modules
2025/11/27 16:29:07.194211 [Main] 		Starting the module ARP (Detect ARP attacks) [PID 10186]
2025/11/27 16:29:07.548716 [Main] 		Starting the module Flow Alerts (Alerts about flows: long connection, successful ssh, password guessing, self-signed certificate, data exfiltration, etc.) [PID 10188]
2025/11/27 16:29:07.589132 [Main] 		Starting the module Flow ML Detection (Train or test a Machine Learning model to detect malicious flows) [PID 10190]
2025/11/27 16:29:07.630587 [Main] 		Starting the module HTTP Analyzer (Analyze HTTP flows) [PID 10191]
2025/11/27 16:29:07.893467 [Main] 		Starting the module IP Info (Get different info about an IP/MAC address) [PID 10192]
2025/11/27 16:29:07.911260 [Main] 		Starting the module Network Discovery (Detect Horizonal, Vertical, ICMP and DHCP Scans.) [PID 10193]
2025/11/27 16:29:07.951092 [Main] 		Starting the module Risk IQ (Module to get passive DNS info about IPs from RiskIQ) [PID 10194]
2025/11/27 16:29:07.991956 [Main] 		Starting the module RNN C&C Detection (Detect C&C channels based on behavioral letters) [PID 10195]
2025/11/27 16:29:08.036471 [Main] 		Starting the module Threat Intelligence (Check if the source IP or destination IP are in a malicious list of IPs) [PID 10205]
2025/11/27 16:29:08.077717 [Main] 		Starting the module Timeline (Creates kalipso timeline of what happened in the network based on flows and available data) [PID 10207]
2025/11/27 16:29:08.382184 [Main] 		Starting the module Update Manager (Update Threat Intelligence files) [PID 10208]
2025/11/27 16:29:08.389209 [Update Manager] Checking if we need to download TI files.
2025/11/27 16:29:08.425441 [Main] 		Starting the module Virustotal (IP, domain and file hash lookup on Virustotal) [PID 10209]
2025/11/27 16:29:08.925908 [Main] Disabled Modules: ['template', 'exporting_alerts', 'p2ptrust', 'fidesModule', 'irisModule', 'cesnet', 'blocking', 'arp_poisoner', 'leak_detector', 'cyst']
2025/11/27 16:29:09.204353 [Main] Started Evidence Process [PID 10210]
2025/11/27 16:29:09.210436 [EvidenceHandler] Using threshold: 0.25
2025/11/27 16:29:09.486020 [Main] Started Profiler Process [PID 10211]
2025/11/27 16:29:09.491063 [Main] Metadata added to output/router_2025-11-27_16-27-40.pcap_2025-11-27_16:29:02/metadata
2025/11/27 16:29:09.530830 [Main] Started Input Process [PID 10215]
2025/11/27 16:29:09.541256 [Input] Storing zeek log files in output/router_2025-11-27_16-27-40.pcap_2025-11-27_16:29:02/zeek_files
2025/11/27 16:29:09.549275 [Main] Warning: Slips may generate a large amount of traffic by querying TI sites.
2025/11/27 16:29:10.015972 [Input] Zeek error. return code: 0 error:b"1764260919.545408 warning in /opt/zeek/share/zeek/base/misc/find-filtered-trace.zeek, line 69: The analyzed trace file was determined to contain only TCP control packets, which may indicate it's been pre-filtered.  By default, Zeek reports the missing segments for this type of trace, but the 'detect_filtered_trace' option may be toggled if that's not desired."
2025/11/27 16:29:12.602879 [Profiler] Used local network: 172.16.0.0/12
2025/11/27 16:29:42.557791 [Input] Done reading all flows. Stopping the input process. Sent 301 lines for the profiler process.
2025/11/27 16:29:42.558142 [Input] Telling Profiler to stop because no more input is arriving.
2025/11/27 16:29:42.558577 [Input] Waiting for Profiler to stop.
2025/11/27 16:29:42.560292 [Profiler] Stopping. Total lines read: 301
2025/11/27 16:29:42.560447 [Profiler] Marking Profiler as done processing.
2025/11/27 16:29:42.560519 [Profiler] Profiler is done processing.
2025/11/27 16:29:42.560723 [Profiler] Profiler is done telling input.py that it's done processing.
2025/11/27 16:29:42.560942 [Input] Input is done processing.
2025/11/27 16:29:42.561792 [Input] Stopping. Total lines read: 301
2025/11/27 16:29:44.661986 [Main] 
---------------------------
2025/11/27 16:29:44.662148 [Main] Stopping Slips
2025/11/27 16:29:44.667701 [Main] Total flows read (without altflows): 13
2025/11/27 16:29:44.668409 [Main] Killing modules that took more than 0.0 mins to finish.
2025/11/27 16:29:44.672369 [Main] 	Input                	Stopped. 12 left.
2025/11/27 16:29:47.679524 [Main] 	EvidenceHandler      	Stopped. 11 left.
2025/11/27 16:29:47.683197 [Main] 	Flow Alerts          	Stopped. 10 left.
2025/11/27 16:29:47.686573 [Main] 	Network Discovery    	Stopped. 9 left.
2025/11/27 16:29:47.689918 [Main] 	Timeline             	Stopped. 8 left.
2025/11/27 16:29:47.693158 [Main] 	RNN C&C Detection    	Stopped. 7 left.
2025/11/27 16:29:47.696586 [Main] 	HTTP Analyzer        	Stopped. 6 left.
2025/11/27 16:29:47.699815 [Main] 	Flow ML Detection    	Stopped. 5 left.
2025/11/27 16:29:47.702942 [Main] 	ARP                  	Stopped. 4 left.
2025/11/27 16:29:50.709778 [Main] 	IP Info              	Stopped. 3 left.
2025/11/27 16:29:50.713328 [Main] 	Profiler             	Stopped. 2 left.
2025/11/27 16:29:53.720293 [Main] 	Update Manager       	Stopped. 1 left.
2025/11/27 16:29:53.724109 [Main] 	Threat Intelligence  	Stopped. 0 left.
2025/11/27 16:29:53.725325 [Main] Analysis of dataset/router_2025-11-27_16-27-40.pcap finished in 41.54 minutes
2025/11/27 16:29:53.726867 [Main] [Process Manager] Slips didn't shutdown gracefully - Killing modules that took more than 0.0 mins to finish.

