2025/11/26 22:06:39.627641 [Main] Storing Slips logs in output/router_2025-11-26_22-05-29.pcap_2025-11-26_22:06:39/
2025/11/26 22:06:40.669167 [Main] Using redis server on port: 6379
2025/11/26 22:06:40.669292 [Main] Started Main process [PID 3235]
2025/11/26 22:06:41.001701 [Main] Starting modules
2025/11/26 22:06:43.930785 [Main] 		Starting the module ARP (Detect ARP attacks) [PID 3257]
2025/11/26 22:06:44.285482 [Main] 		Starting the module Flow Alerts (Alerts about flows: long connection, successful ssh, password guessing, self-signed certificate, data exfiltration, etc.) [PID 3259]
2025/11/26 22:06:44.326041 [Main] 		Starting the module Flow ML Detection (Train or test a Machine Learning model to detect malicious flows) [PID 3261]
2025/11/26 22:06:44.367001 [Main] 		Starting the module HTTP Analyzer (Analyze HTTP flows) [PID 3262]
2025/11/26 22:06:44.631264 [Main] 		Starting the module IP Info (Get different info about an IP/MAC address) [PID 3263]
2025/11/26 22:06:44.648445 [Main] 		Starting the module Network Discovery (Detect Horizonal, Vertical, ICMP and DHCP Scans.) [PID 3264]
2025/11/26 22:06:44.688886 [Main] 		Starting the module Risk IQ (Module to get passive DNS info about IPs from RiskIQ) [PID 3265]
2025/11/26 22:06:44.730106 [Main] 		Starting the module RNN C&C Detection (Detect C&C channels based on behavioral letters) [PID 3266]
2025/11/26 22:06:44.773426 [Main] 		Starting the module Threat Intelligence (Check if the source IP or destination IP are in a malicious list of IPs) [PID 3276]
2025/11/26 22:06:44.814657 [Main] 		Starting the module Timeline (Creates kalipso timeline of what happened in the network based on flows and available data) [PID 3278]
2025/11/26 22:06:45.119311 [Main] 		Starting the module Update Manager (Update Threat Intelligence files) [PID 3279]
2025/11/26 22:06:45.126554 [Update Manager] Checking if we need to download TI files.
2025/11/26 22:06:45.160987 [Main] 		Starting the module Virustotal (IP, domain and file hash lookup on Virustotal) [PID 3280]
2025/11/26 22:06:45.661938 [Main] Disabled Modules: ['template', 'exporting_alerts', 'p2ptrust', 'fidesModule', 'irisModule', 'cesnet', 'blocking', 'arp_poisoner', 'leak_detector', 'cyst']
2025/11/26 22:06:45.941950 [Main] Started Evidence Process [PID 3281]
2025/11/26 22:06:45.948514 [EvidenceHandler] Using threshold: 0.25
2025/11/26 22:06:46.222504 [Main] Started Profiler Process [PID 3282]
2025/11/26 22:06:46.227480 [Main] Metadata added to output/router_2025-11-26_22-05-29.pcap_2025-11-26_22:06:39/metadata
2025/11/26 22:06:46.264983 [Main] Started Input Process [PID 3286]
2025/11/26 22:06:46.274061 [Input] Storing zeek log files in output/router_2025-11-26_22-05-29.pcap_2025-11-26_22:06:39/zeek_files
2025/11/26 22:06:46.280758 [Main] Warning: Slips may generate a large amount of traffic by querying TI sites.
2025/11/26 22:06:49.332856 [Profiler] Used local network: 172.16.0.0/12
2025/11/26 22:07:19.285095 [Input] Done reading all flows. Stopping the input process. Sent 176 lines for the profiler process.
2025/11/26 22:07:19.285521 [Input] Telling Profiler to stop because no more input is arriving.
2025/11/26 22:07:19.285592 [Input] Waiting for Profiler to stop.
2025/11/26 22:07:19.287080 [Profiler] Stopping. Total lines read: 176
2025/11/26 22:07:19.287213 [Profiler] Marking Profiler as done processing.
2025/11/26 22:07:19.287259 [Profiler] Profiler is done processing.
2025/11/26 22:07:19.287344 [Profiler] Profiler is done telling input.py that it's done processing.
2025/11/26 22:07:19.287363 [Input] Input is done processing.
2025/11/26 22:07:19.288919 [Input] Stopping. Total lines read: 176
2025/11/26 22:07:21.384528 [Main] 
---------------------------
2025/11/26 22:07:21.384695 [Main] Stopping Slips
2025/11/26 22:07:21.389475 [Main] Total flows read (without altflows): 8
2025/11/26 22:07:21.390137 [Main] Killing modules that took more than 0.0 mins to finish.
2025/11/26 22:07:24.396130 [Main] 	EvidenceHandler      	Stopped. 12 left.
2025/11/26 22:07:24.399900 [Main] 	Flow Alerts          	Stopped. 11 left.
2025/11/26 22:07:24.403534 [Main] 	Network Discovery    	Stopped. 10 left.
2025/11/26 22:07:24.407120 [Main] 	Timeline             	Stopped. 9 left.
2025/11/26 22:07:27.413946 [Main] 	Update Manager       	Stopped. 8 left.
2025/11/26 22:07:27.417504 [Main] 	HTTP Analyzer        	Stopped. 7 left.
2025/11/26 22:07:27.421130 [Main] 	Flow ML Detection    	Stopped. 6 left.
2025/11/26 22:07:30.427830 [Main] 	IP Info              	Stopped. 5 left.
2025/11/26 22:07:30.431461 [Main] 	Profiler             	Stopped. 4 left.
2025/11/26 22:07:30.434953 [Main] 	RNN C&C Detection    	Stopped. 3 left.
2025/11/26 22:07:30.438511 [Main] 	Threat Intelligence  	Stopped. 2 left.
2025/11/26 22:07:30.441663 [Main] 	ARP                  	Stopped. 1 left.
2025/11/26 22:07:30.444880 [Main] 	Input                	Stopped. 0 left.
2025/11/26 22:07:30.445756 [Main] Analysis of dataset/router_2025-11-26_22-05-29.pcap finished in 17.28 minutes
2025/11/26 22:07:30.447354 [Main] [Process Manager] Slips didn't shutdown gracefully - Killing modules that took more than 0.0 mins to finish.

