2025/11/27 15:48:20.558893 [Main] Storing Slips logs in output/router_2025-11-27_15-48-15.pcap_2025-11-27_15:48:20/
2025/11/27 15:48:21.599513 [Main] Using redis server on port: 6379
2025/11/27 15:48:21.599640 [Main] Started Main process [PID 125]
2025/11/27 15:48:25.464177 [Main] Starting modules
2025/11/27 15:48:28.698678 [Main] 		Starting the module ARP (Detect ARP attacks) [PID 163]
2025/11/27 15:48:29.060045 [Main] 		Starting the module Flow Alerts (Alerts about flows: long connection, successful ssh, password guessing, self-signed certificate, data exfiltration, etc.) [PID 165]
2025/11/27 15:48:29.099499 [Main] 		Starting the module Flow ML Detection (Train or test a Machine Learning model to detect malicious flows) [PID 167]
2025/11/27 15:48:29.140616 [Main] 		Starting the module HTTP Analyzer (Analyze HTTP flows) [PID 168]
2025/11/27 15:48:29.411064 [Main] 		Starting the module IP Info (Get different info about an IP/MAC address) [PID 169]
2025/11/27 15:48:29.428274 [Main] 		Starting the module Network Discovery (Detect Horizonal, Vertical, ICMP and DHCP Scans.) [PID 170]
2025/11/27 15:48:29.469487 [Main] 		Starting the module Risk IQ (Module to get passive DNS info about IPs from RiskIQ) [PID 171]
2025/11/27 15:48:29.510178 [Main] 		Starting the module RNN C&C Detection (Detect C&C channels based on behavioral letters) [PID 172]
2025/11/27 15:48:29.554077 [Main] 		Starting the module Threat Intelligence (Check if the source IP or destination IP are in a malicious list of IPs) [PID 182]
2025/11/27 15:48:29.596562 [Main] 		Starting the module Timeline (Creates kalipso timeline of what happened in the network based on flows and available data) [PID 183]
2025/11/27 15:48:29.908699 [Main] 		Starting the module Update Manager (Update Threat Intelligence files) [PID 185]
2025/11/27 15:48:29.916650 [Update Manager] Checking if we need to download TI files.
2025/11/27 15:48:29.950535 [Main] 		Starting the module Virustotal (IP, domain and file hash lookup on Virustotal) [PID 186]
2025/11/27 15:48:30.451344 [Main] Disabled Modules: ['template', 'exporting_alerts', 'p2ptrust', 'fidesModule', 'irisModule', 'cesnet', 'blocking', 'arp_poisoner', 'leak_detector', 'cyst']
2025/11/27 15:48:30.734913 [Main] Started Evidence Process [PID 194]
2025/11/27 15:48:30.741870 [EvidenceHandler] Using threshold: 0.25
2025/11/27 15:48:31.018635 [Main] Started Profiler Process [PID 195]
2025/11/27 15:48:31.024068 [Main] Metadata added to output/router_2025-11-27_15-48-15.pcap_2025-11-27_15:48:20/metadata
2025/11/27 15:48:31.062589 [Main] Started Input Process [PID 199]
2025/11/27 15:48:31.070895 [Input] Storing zeek log files in output/router_2025-11-27_15-48-15.pcap_2025-11-27_15:48:20/zeek_files
2025/11/27 15:48:31.076827 [Main] Warning: Slips may generate a large amount of traffic by querying TI sites.
2025/11/27 15:48:32.214161 [Update Manager] Updating the MAC database.
2025/11/27 15:48:34.137332 [Profiler] Used local network: 172.16.0.0/12
2025/11/27 15:49:04.083301 [Input] Done reading all flows. Stopping the input process. Sent 12 lines for the profiler process.
2025/11/27 15:49:04.084393 [Input] Telling Profiler to stop because no more input is arriving.
2025/11/27 15:49:04.084592 [Input] Waiting for Profiler to stop.
2025/11/27 15:49:04.086468 [Profiler] Stopping. Total lines read: 12
2025/11/27 15:49:04.086614 [Profiler] Marking Profiler as done processing.
2025/11/27 15:49:04.086667 [Profiler] Profiler is done processing.
2025/11/27 15:49:04.087106 [Profiler] Profiler is done telling input.py that it's done processing.
2025/11/27 15:49:04.087119 [Input] Input is done processing.
2025/11/27 15:49:04.091687 [Input] Stopping. Total lines read: 12
2025/11/27 15:49:06.186214 [Main] 
---------------------------
2025/11/27 15:49:06.186391 [Main] Stopping Slips
2025/11/27 15:49:06.189434 [Main] Total flows read (without altflows): 2
2025/11/27 15:49:06.190283 [Main] Killing modules that took more than 0.0 mins to finish.
2025/11/27 15:49:06.222115 [Main] 	Network Discovery    	Stopped. 12 left.
2025/11/27 15:49:06.226500 [Main] 	Flow ML Detection    	Stopped. 11 left.
2025/11/27 15:49:06.229882 [Main] 	Threat Intelligence  	Stopped. 10 left.
2025/11/27 15:49:06.233075 [Main] 	Input                	Stopped. 9 left.
2025/11/27 15:49:09.239980 [Main] 	Update Manager       	Stopped. 8 left.
2025/11/27 15:49:12.247013 [Main] 	EvidenceHandler      	Stopped. 7 left.
2025/11/27 15:49:12.250533 [Main] 	RNN C&C Detection    	Stopped. 6 left.
2025/11/27 15:49:12.253904 [Main] 	Profiler             	Stopped. 5 left.
2025/11/27 15:49:12.256996 [Main] 	HTTP Analyzer        	Stopped. 4 left.
2025/11/27 15:49:12.260032 [Main] 	Timeline             	Stopped. 3 left.
2025/11/27 15:49:12.263005 [Main] 	Flow Alerts          	Stopped. 2 left.
2025/11/27 15:49:12.266105 [Main] 	ARP                  	Stopped. 1 left.
2025/11/27 15:49:12.269148 [Main] 	IP Info              	Stopped. 0 left.
2025/11/27 15:49:12.270087 [Main] Analysis of dataset/router_2025-11-27_15-48-15.pcap finished in 0.84 minutes
2025/11/27 15:49:12.272014 [Main] [Process Manager] Slips didn't shutdown gracefully - Killing modules that took more than 0.0 mins to finish.

