2025/11/27 16:17:50.455624 [Main] Storing Slips logs in output/router_2025-11-27_16-16-09.pcap_2025-11-27_16:17:50/
2025/11/27 16:17:51.496642 [Main] Using redis server on port: 6379
2025/11/27 16:17:51.496774 [Main] Started Main process [PID 7301]
2025/11/27 16:17:51.831178 [Main] Starting modules
2025/11/27 16:17:54.760434 [Main] 		Starting the module ARP (Detect ARP attacks) [PID 7322]
2025/11/27 16:17:55.113916 [Main] 		Starting the module Flow Alerts (Alerts about flows: long connection, successful ssh, password guessing, self-signed certificate, data exfiltration, etc.) [PID 7324]
2025/11/27 16:17:55.153373 [Main] 		Starting the module Flow ML Detection (Train or test a Machine Learning model to detect malicious flows) [PID 7326]
2025/11/27 16:17:55.193678 [Main] 		Starting the module HTTP Analyzer (Analyze HTTP flows) [PID 7327]
2025/11/27 16:17:55.455741 [Main] 		Starting the module IP Info (Get different info about an IP/MAC address) [PID 7328]
2025/11/27 16:17:55.472263 [Main] 		Starting the module Network Discovery (Detect Horizonal, Vertical, ICMP and DHCP Scans.) [PID 7329]
2025/11/27 16:17:55.511872 [Main] 		Starting the module Risk IQ (Module to get passive DNS info about IPs from RiskIQ) [PID 7330]
2025/11/27 16:17:55.552328 [Main] 		Starting the module RNN C&C Detection (Detect C&C channels based on behavioral letters) [PID 7331]
2025/11/27 16:17:55.596524 [Main] 		Starting the module Threat Intelligence (Check if the source IP or destination IP are in a malicious list of IPs) [PID 7341]
2025/11/27 16:17:55.637195 [Main] 		Starting the module Timeline (Creates kalipso timeline of what happened in the network based on flows and available data) [PID 7343]
2025/11/27 16:17:55.944262 [Main] 		Starting the module Update Manager (Update Threat Intelligence files) [PID 7351]
2025/11/27 16:17:55.952260 [Update Manager] Checking if we need to download TI files.
2025/11/27 16:17:55.986977 [Main] 		Starting the module Virustotal (IP, domain and file hash lookup on Virustotal) [PID 7352]
2025/11/27 16:17:56.487733 [Main] Disabled Modules: ['template', 'exporting_alerts', 'p2ptrust', 'fidesModule', 'irisModule', 'cesnet', 'blocking', 'arp_poisoner', 'leak_detector', 'cyst']
2025/11/27 16:17:56.768055 [Main] Started Evidence Process [PID 7353]
2025/11/27 16:17:56.774401 [EvidenceHandler] Using threshold: 0.25
2025/11/27 16:17:57.049768 [Main] Started Profiler Process [PID 7354]
2025/11/27 16:17:57.054629 [Main] Metadata added to output/router_2025-11-27_16-16-09.pcap_2025-11-27_16:17:50/metadata
2025/11/27 16:17:57.094317 [Main] Started Input Process [PID 7358]
2025/11/27 16:17:57.105818 [Input] Storing zeek log files in output/router_2025-11-27_16-16-09.pcap_2025-11-27_16:17:50/zeek_files
2025/11/27 16:17:57.109412 [Main] Warning: Slips may generate a large amount of traffic by querying TI sites.
2025/11/27 16:18:00.173174 [Profiler] Used local network: 172.16.0.0/12
2025/11/27 16:18:30.116992 [Input] Done reading all flows. Stopping the input process. Sent 264 lines for the profiler process.
2025/11/27 16:18:30.117795 [Input] Telling Profiler to stop because no more input is arriving.
2025/11/27 16:18:30.117933 [Input] Waiting for Profiler to stop.
2025/11/27 16:18:30.119468 [Profiler] Stopping. Total lines read: 264
2025/11/27 16:18:30.119613 [Profiler] Marking Profiler as done processing.
2025/11/27 16:18:30.119665 [Profiler] Profiler is done processing.
2025/11/27 16:18:30.119750 [Profiler] Profiler is done telling input.py that it's done processing.
2025/11/27 16:18:30.120706 [Input] Input is done processing.
2025/11/27 16:18:30.124722 [Input] Stopping. Total lines read: 264
2025/11/27 16:18:32.243729 [Main] 
---------------------------
2025/11/27 16:18:32.243901 [Main] Stopping Slips
2025/11/27 16:18:32.248845 [Main] Total flows read (without altflows): 10
2025/11/27 16:18:32.249759 [Main] Killing modules that took more than 0.0 mins to finish.
2025/11/27 16:18:32.286138 [Main] 	RNN C&C Detection    	Stopped. 12 left.
2025/11/27 16:18:32.289958 [Main] 	Flow ML Detection    	Stopped. 11 left.
2025/11/27 16:18:35.168144 [Main] 	Flow Alerts          	Stopped. 10 left.
2025/11/27 16:18:35.172003 [Main] 	Network Discovery    	Stopped. 9 left.
2025/11/27 16:18:35.175510 [Main] 	Timeline             	Stopped. 8 left.
2025/11/27 16:18:38.182581 [Main] 	Update Manager       	Stopped. 7 left.
2025/11/27 16:18:41.187412 [Main] 	EvidenceHandler      	Stopped. 6 left.
2025/11/27 16:18:44.194714 [Main] 	IP Info              	Stopped. 5 left.
2025/11/27 16:18:44.198233 [Main] 	ARP                  	Stopped. 4 left.
2025/11/27 16:18:44.201614 [Main] 	Profiler             	Stopped. 3 left.
2025/11/27 16:18:44.204896 [Main] 	Input                	Stopped. 2 left.
2025/11/27 16:18:44.208193 [Main] 	Threat Intelligence  	Stopped. 1 left.
2025/11/27 16:18:44.211198 [Main] 	HTTP Analyzer        	Stopped. 0 left.
2025/11/27 16:18:44.212173 [Main] Analysis of dataset/router_2025-11-27_16-16-09.pcap finished in 30.38 minutes
2025/11/27 16:18:44.213799 [Main] [Process Manager] Slips didn't shutdown gracefully - Killing modules that took more than 0.0 mins to finish.

