2025/11/27 16:44:17.345470 [Main] Storing Slips logs in output/router_2025-11-27_16-43-17.pcap_2025-11-27_16:44:17/
2025/11/27 16:44:18.387129 [Main] Using redis server on port: 6379
2025/11/27 16:44:18.387248 [Main] Started Main process [PID 14025]
2025/11/27 16:44:18.716706 [Main] Starting modules
2025/11/27 16:44:21.658833 [Main] 		Starting the module ARP (Detect ARP attacks) [PID 14046]
2025/11/27 16:44:22.015580 [Main] 		Starting the module Flow Alerts (Alerts about flows: long connection, successful ssh, password guessing, self-signed certificate, data exfiltration, etc.) [PID 14048]
2025/11/27 16:44:22.056856 [Main] 		Starting the module Flow ML Detection (Train or test a Machine Learning model to detect malicious flows) [PID 14050]
2025/11/27 16:44:22.099620 [Main] 		Starting the module HTTP Analyzer (Analyze HTTP flows) [PID 14051]
2025/11/27 16:44:22.363666 [Main] 		Starting the module IP Info (Get different info about an IP/MAC address) [PID 14052]
2025/11/27 16:44:22.383070 [Main] 		Starting the module Network Discovery (Detect Horizonal, Vertical, ICMP and DHCP Scans.) [PID 14053]
2025/11/27 16:44:22.424972 [Main] 		Starting the module Risk IQ (Module to get passive DNS info about IPs from RiskIQ) [PID 14054]
2025/11/27 16:44:22.467337 [Main] 		Starting the module RNN C&C Detection (Detect C&C channels based on behavioral letters) [PID 14055]
2025/11/27 16:44:22.512609 [Main] 		Starting the module Threat Intelligence (Check if the source IP or destination IP are in a malicious list of IPs) [PID 14065]
2025/11/27 16:44:22.555478 [Main] 		Starting the module Timeline (Creates kalipso timeline of what happened in the network based on flows and available data) [PID 14067]
2025/11/27 16:44:22.860214 [Main] 		Starting the module Update Manager (Update Threat Intelligence files) [PID 14068]
2025/11/27 16:44:22.867027 [Update Manager] Checking if we need to download TI files.
2025/11/27 16:44:22.903069 [Main] 		Starting the module Virustotal (IP, domain and file hash lookup on Virustotal) [PID 14069]
2025/11/27 16:44:23.403891 [Main] Disabled Modules: ['template', 'exporting_alerts', 'p2ptrust', 'fidesModule', 'irisModule', 'cesnet', 'blocking', 'arp_poisoner', 'leak_detector', 'cyst']
2025/11/27 16:44:23.683183 [Main] Started Evidence Process [PID 14070]
2025/11/27 16:44:23.689612 [EvidenceHandler] Using threshold: 0.25
2025/11/27 16:44:23.968230 [Main] Started Profiler Process [PID 14071]
2025/11/27 16:44:23.973677 [Main] Metadata added to output/router_2025-11-27_16-43-17.pcap_2025-11-27_16:44:17/metadata
2025/11/27 16:44:24.013774 [Main] Started Input Process [PID 14075]
2025/11/27 16:44:24.022789 [Input] Storing zeek log files in output/router_2025-11-27_16-43-17.pcap_2025-11-27_16:44:17/zeek_files
2025/11/27 16:44:24.031933 [Main] Warning: Slips may generate a large amount of traffic by querying TI sites.
2025/11/27 16:44:24.514659 [Input] Zeek error. return code: 0 error:b"1764261853.496433 warning in /opt/zeek/share/zeek/base/misc/find-filtered-trace.zeek, line 69: The analyzed trace file was determined to contain only TCP control packets, which may indicate it's been pre-filtered.  By default, Zeek reports the missing segments for this type of trace, but the 'detect_filtered_trace' option may be toggled if that's not desired."
2025/11/27 16:44:27.083907 [Profiler] Used local network: 172.16.0.0/12
2025/11/27 16:44:57.037905 [Input] Done reading all flows. Stopping the input process. Sent 381 lines for the profiler process.
2025/11/27 16:44:57.038255 [Input] Telling Profiler to stop because no more input is arriving.
2025/11/27 16:44:57.038470 [Input] Waiting for Profiler to stop.
2025/11/27 16:44:57.040475 [Profiler] Stopping. Total lines read: 381
2025/11/27 16:44:57.040606 [Profiler] Marking Profiler as done processing.
2025/11/27 16:44:57.040656 [Profiler] Profiler is done processing.
2025/11/27 16:44:57.040811 [Profiler] Profiler is done telling input.py that it's done processing.
2025/11/27 16:44:57.040821 [Input] Input is done processing.
2025/11/27 16:44:57.045702 [Input] Stopping. Total lines read: 381
2025/11/27 16:44:59.149807 [Main] 
---------------------------
2025/11/27 16:44:59.149967 [Main] Stopping Slips
2025/11/27 16:44:59.155531 [Main] Total flows read (without altflows): 15
2025/11/27 16:44:59.156363 [Main] Killing modules that took more than 0.0 mins to finish.
2025/11/27 16:44:59.190828 [Main] 	RNN C&C Detection    	Stopped. 12 left.
2025/11/27 16:44:59.194854 [Main] 	Flow ML Detection    	Stopped. 11 left.
2025/11/27 16:45:02.073129 [Main] 	Flow Alerts          	Stopped. 10 left.
2025/11/27 16:45:02.076759 [Main] 	Network Discovery    	Stopped. 9 left.
2025/11/27 16:45:02.079974 [Main] 	Timeline             	Stopped. 8 left.
2025/11/27 16:45:05.084621 [Main] 	Update Manager       	Stopped. 7 left.
2025/11/27 16:45:08.091354 [Main] 	EvidenceHandler      	Stopped. 6 left.
2025/11/27 16:45:11.098603 [Main] 	IP Info              	Stopped. 5 left.
2025/11/27 16:45:11.102471 [Main] 	ARP                  	Stopped. 4 left.
2025/11/27 16:45:11.106044 [Main] 	Profiler             	Stopped. 3 left.
2025/11/27 16:45:11.109469 [Main] 	Input                	Stopped. 2 left.
2025/11/27 16:45:11.112944 [Main] 	Threat Intelligence  	Stopped. 1 left.
2025/11/27 16:45:11.116308 [Main] 	HTTP Analyzer        	Stopped. 0 left.
2025/11/27 16:45:11.117234 [Main] Analysis of dataset/router_2025-11-27_16-43-17.pcap finished in 56.83 minutes
2025/11/27 16:45:11.119221 [Main] [Process Manager] Slips didn't shutdown gracefully - Killing modules that took more than 0.0 mins to finish.

