2025/11/26 22:10:43.933119 [Main] Storing Slips logs in output/router_2025-11-26_22-09-44.pcap_2025-11-26_22:10:43/
2025/11/26 22:10:44.973964 [Main] Using redis server on port: 6379
2025/11/26 22:10:44.974091 [Main] Started Main process [PID 3966]
2025/11/26 22:10:45.307226 [Main] Starting modules
2025/11/26 22:10:48.219669 [Main] 		Starting the module ARP (Detect ARP attacks) [PID 3987]
2025/11/26 22:10:48.576321 [Main] 		Starting the module Flow Alerts (Alerts about flows: long connection, successful ssh, password guessing, self-signed certificate, data exfiltration, etc.) [PID 3989]
2025/11/26 22:10:48.615102 [Main] 		Starting the module Flow ML Detection (Train or test a Machine Learning model to detect malicious flows) [PID 3991]
2025/11/26 22:10:48.655167 [Main] 		Starting the module HTTP Analyzer (Analyze HTTP flows) [PID 3992]
2025/11/26 22:10:48.918518 [Main] 		Starting the module IP Info (Get different info about an IP/MAC address) [PID 4000]
2025/11/26 22:10:48.935042 [Main] 		Starting the module Network Discovery (Detect Horizonal, Vertical, ICMP and DHCP Scans.) [PID 4001]
2025/11/26 22:10:48.974314 [Main] 		Starting the module Risk IQ (Module to get passive DNS info about IPs from RiskIQ) [PID 4002]
2025/11/26 22:10:49.015353 [Main] 		Starting the module RNN C&C Detection (Detect C&C channels based on behavioral letters) [PID 4003]
2025/11/26 22:10:49.059106 [Main] 		Starting the module Threat Intelligence (Check if the source IP or destination IP are in a malicious list of IPs) [PID 4013]
2025/11/26 22:10:49.101070 [Main] 		Starting the module Timeline (Creates kalipso timeline of what happened in the network based on flows and available data) [PID 4015]
2025/11/26 22:10:49.408469 [Main] 		Starting the module Update Manager (Update Threat Intelligence files) [PID 4016]
2025/11/26 22:10:49.417635 [Update Manager] Checking if we need to download TI files.
2025/11/26 22:10:49.451750 [Main] 		Starting the module Virustotal (IP, domain and file hash lookup on Virustotal) [PID 4017]
2025/11/26 22:10:49.952788 [Main] Disabled Modules: ['template', 'exporting_alerts', 'p2ptrust', 'fidesModule', 'irisModule', 'cesnet', 'blocking', 'arp_poisoner', 'leak_detector', 'cyst']
2025/11/26 22:10:50.232145 [Main] Started Evidence Process [PID 4018]
2025/11/26 22:10:50.238787 [EvidenceHandler] Using threshold: 0.25
2025/11/26 22:10:50.512889 [Main] Started Profiler Process [PID 4019]
2025/11/26 22:10:50.518185 [Main] Metadata added to output/router_2025-11-26_22-09-44.pcap_2025-11-26_22:10:43/metadata
2025/11/26 22:10:50.556873 [Main] Started Input Process [PID 4023]
2025/11/26 22:10:50.566409 [Input] Storing zeek log files in output/router_2025-11-26_22-09-44.pcap_2025-11-26_22:10:43/zeek_files
2025/11/26 22:10:50.571773 [Main] Warning: Slips may generate a large amount of traffic by querying TI sites.
2025/11/26 22:10:53.619783 [Profiler] Used local network: 172.16.0.0/12
2025/11/26 22:11:23.575965 [Input] Done reading all flows. Stopping the input process. Sent 197 lines for the profiler process.
2025/11/26 22:11:23.576263 [Input] Telling Profiler to stop because no more input is arriving.
2025/11/26 22:11:23.576331 [Input] Waiting for Profiler to stop.
2025/11/26 22:11:23.578175 [Profiler] Stopping. Total lines read: 197
2025/11/26 22:11:23.578305 [Profiler] Marking Profiler as done processing.
2025/11/26 22:11:23.578352 [Profiler] Profiler is done processing.
2025/11/26 22:11:23.578531 [Profiler] Profiler is done telling input.py that it's done processing.
2025/11/26 22:11:23.578607 [Input] Input is done processing.
2025/11/26 22:11:23.582831 [Input] Stopping. Total lines read: 197
2025/11/26 22:11:25.686477 [Main] 
---------------------------
2025/11/26 22:11:25.686650 [Main] Stopping Slips
2025/11/26 22:11:25.691372 [Main] Total flows read (without altflows): 7
2025/11/26 22:11:25.692197 [Main] Killing modules that took more than 0.0 mins to finish.
2025/11/26 22:11:25.725531 [Main] 	ARP                  	Stopped. 12 left.
2025/11/26 22:11:28.629906 [Main] 	Flow Alerts          	Stopped. 11 left.
2025/11/26 22:11:28.633474 [Main] 	Network Discovery    	Stopped. 10 left.
2025/11/26 22:11:28.636712 [Main] 	Timeline             	Stopped. 9 left.
2025/11/26 22:11:28.639809 [Main] 	Threat Intelligence  	Stopped. 8 left.
2025/11/26 22:11:31.646012 [Main] 	Update Manager       	Stopped. 7 left.
2025/11/26 22:11:34.652715 [Main] 	IP Info              	Stopped. 6 left.
2025/11/26 22:11:37.659700 [Main] 	EvidenceHandler      	Stopped. 5 left.
2025/11/26 22:11:37.663213 [Main] 	Profiler             	Stopped. 4 left.
2025/11/26 22:11:37.666647 [Main] 	Input                	Stopped. 3 left.
2025/11/26 22:11:37.670097 [Main] 	RNN C&C Detection    	Stopped. 2 left.
2025/11/26 22:11:37.673206 [Main] 	Flow ML Detection    	Stopped. 1 left.
2025/11/26 22:11:37.676320 [Main] 	HTTP Analyzer        	Stopped. 0 left.
2025/11/26 22:11:37.677211 [Main] Analysis of dataset/router_2025-11-26_22-09-44.pcap finished in 21.40 minutes
2025/11/26 22:11:37.678975 [Main] [Process Manager] Slips didn't shutdown gracefully - Killing modules that took more than 0.0 mins to finish.

