2025/11/26 22:23:17.764907 [Main] Storing Slips logs in output/router_2025-11-26_22-21-52.pcap_2025-11-26_22:23:17/
2025/11/26 22:23:18.808151 [Main] Using redis server on port: 6379
2025/11/26 22:23:18.808273 [Main] Started Main process [PID 6281]
2025/11/26 22:23:19.142195 [Main] Starting modules
2025/11/26 22:23:22.159583 [Main] 		Starting the module ARP (Detect ARP attacks) [PID 6302]
2025/11/26 22:23:22.514820 [Main] 		Starting the module Flow Alerts (Alerts about flows: long connection, successful ssh, password guessing, self-signed certificate, data exfiltration, etc.) [PID 6304]
2025/11/26 22:23:22.553446 [Main] 		Starting the module Flow ML Detection (Train or test a Machine Learning model to detect malicious flows) [PID 6306]
2025/11/26 22:23:22.593056 [Main] 		Starting the module HTTP Analyzer (Analyze HTTP flows) [PID 6307]
2025/11/26 22:23:22.855059 [Main] 		Starting the module IP Info (Get different info about an IP/MAC address) [PID 6308]
2025/11/26 22:23:22.871627 [Main] 		Starting the module Network Discovery (Detect Horizonal, Vertical, ICMP and DHCP Scans.) [PID 6309]
2025/11/26 22:23:22.913615 [Main] 		Starting the module Risk IQ (Module to get passive DNS info about IPs from RiskIQ) [PID 6310]
2025/11/26 22:23:22.956625 [Main] 		Starting the module RNN C&C Detection (Detect C&C channels based on behavioral letters) [PID 6311]
2025/11/26 22:23:22.999341 [Main] 		Starting the module Threat Intelligence (Check if the source IP or destination IP are in a malicious list of IPs) [PID 6321]
2025/11/26 22:23:23.039776 [Main] 		Starting the module Timeline (Creates kalipso timeline of what happened in the network based on flows and available data) [PID 6323]
2025/11/26 22:23:23.345047 [Main] 		Starting the module Update Manager (Update Threat Intelligence files) [PID 6324]
2025/11/26 22:23:23.352588 [Update Manager] Checking if we need to download TI files.
2025/11/26 22:23:23.386271 [Main] 		Starting the module Virustotal (IP, domain and file hash lookup on Virustotal) [PID 6325]
2025/11/26 22:23:23.887142 [Main] Disabled Modules: ['template', 'exporting_alerts', 'p2ptrust', 'fidesModule', 'irisModule', 'cesnet', 'blocking', 'arp_poisoner', 'leak_detector', 'cyst']
2025/11/26 22:23:24.168147 [Main] Started Evidence Process [PID 6326]
2025/11/26 22:23:24.174412 [EvidenceHandler] Using threshold: 0.25
2025/11/26 22:23:24.447849 [Main] Started Profiler Process [PID 6327]
2025/11/26 22:23:24.453359 [Main] Metadata added to output/router_2025-11-26_22-21-52.pcap_2025-11-26_22:23:17/metadata
2025/11/26 22:23:24.491275 [Main] Started Input Process [PID 6331]
2025/11/26 22:23:24.500154 [Input] Storing zeek log files in output/router_2025-11-26_22-21-52.pcap_2025-11-26_22:23:17/zeek_files
2025/11/26 22:23:24.508275 [Main] Warning: Slips may generate a large amount of traffic by querying TI sites.
2025/11/26 22:23:27.551433 [Profiler] Used local network: 172.16.0.0/12
2025/11/26 22:23:57.509872 [Input] Done reading all flows. Stopping the input process. Sent 300 lines for the profiler process.
2025/11/26 22:23:57.510232 [Input] Telling Profiler to stop because no more input is arriving.
2025/11/26 22:23:57.510325 [Input] Waiting for Profiler to stop.
2025/11/26 22:23:57.511616 [Profiler] Stopping. Total lines read: 300
2025/11/26 22:23:57.511741 [Profiler] Marking Profiler as done processing.
2025/11/26 22:23:57.511788 [Profiler] Profiler is done processing.
2025/11/26 22:23:57.512052 [Profiler] Profiler is done telling input.py that it's done processing.
2025/11/26 22:23:57.512051 [Input] Input is done processing.
2025/11/26 22:23:57.516863 [Input] Stopping. Total lines read: 300
2025/11/26 22:23:59.613894 [Main] 
---------------------------
2025/11/26 22:23:59.614073 [Main] Stopping Slips
2025/11/26 22:23:59.618443 [Main] Total flows read (without altflows): 11
2025/11/26 22:23:59.619343 [Main] Killing modules that took more than 0.0 mins to finish.
2025/11/26 22:23:59.655211 [Main] 	RNN C&C Detection    	Stopped. 12 left.
2025/11/26 22:24:02.660090 [Main] 	IP Info              	Stopped. 11 left.
2025/11/26 22:24:02.663981 [Main] 	Threat Intelligence  	Stopped. 10 left.
2025/11/26 22:24:02.667697 [Main] 	Timeline             	Stopped. 9 left.
2025/11/26 22:24:05.673803 [Main] 	EvidenceHandler      	Stopped. 8 left.
2025/11/26 22:24:05.677822 [Main] 	ARP                  	Stopped. 7 left.
2025/11/26 22:24:05.681271 [Main] 	HTTP Analyzer        	Stopped. 6 left.
2025/11/26 22:24:08.687815 [Main] 	Update Manager       	Stopped. 5 left.
2025/11/26 22:24:08.691754 [Main] 	Profiler             	Stopped. 4 left.
2025/11/26 22:24:08.696411 [Main] 	Network Discovery    	Stopped. 3 left.
2025/11/26 22:24:08.699996 [Main] 	Input                	Stopped. 2 left.
2025/11/26 22:24:08.703477 [Main] 	Flow Alerts          	Stopped. 1 left.
2025/11/26 22:24:08.706751 [Main] 	Flow ML Detection    	Stopped. 0 left.
2025/11/26 22:24:08.707687 [Main] Analysis of dataset/router_2025-11-26_22-21-52.pcap finished in 33.92 minutes
2025/11/26 22:24:08.709345 [Main] [Process Manager] Slips didn't shutdown gracefully - Killing modules that took more than 0.0 mins to finish.

