2025/11/26 22:29:42.921734 [Main] Storing Slips logs in output/router_2025-11-26_22-28-44.pcap_2025-11-26_22:29:42/
2025/11/26 22:29:43.967934 [Main] Using redis server on port: 6379
2025/11/26 22:29:43.968115 [Main] Started Main process [PID 7392]
2025/11/26 22:29:44.304652 [Main] Starting modules
2025/11/26 22:29:47.307193 [Main] 		Starting the module ARP (Detect ARP attacks) [PID 7413]
2025/11/26 22:29:47.667264 [Main] 		Starting the module Flow Alerts (Alerts about flows: long connection, successful ssh, password guessing, self-signed certificate, data exfiltration, etc.) [PID 7415]
2025/11/26 22:29:47.709650 [Main] 		Starting the module Flow ML Detection (Train or test a Machine Learning model to detect malicious flows) [PID 7417]
2025/11/26 22:29:47.753909 [Main] 		Starting the module HTTP Analyzer (Analyze HTTP flows) [PID 7418]
2025/11/26 22:29:48.021699 [Main] 		Starting the module IP Info (Get different info about an IP/MAC address) [PID 7419]
2025/11/26 22:29:48.042282 [Main] 		Starting the module Network Discovery (Detect Horizonal, Vertical, ICMP and DHCP Scans.) [PID 7420]
2025/11/26 22:29:48.085583 [Main] 		Starting the module Risk IQ (Module to get passive DNS info about IPs from RiskIQ) [PID 7421]
2025/11/26 22:29:48.129335 [Main] 		Starting the module RNN C&C Detection (Detect C&C channels based on behavioral letters) [PID 7422]
2025/11/26 22:29:48.175582 [Main] 		Starting the module Threat Intelligence (Check if the source IP or destination IP are in a malicious list of IPs) [PID 7432]
2025/11/26 22:29:48.218898 [Main] 		Starting the module Timeline (Creates kalipso timeline of what happened in the network based on flows and available data) [PID 7434]
2025/11/26 22:29:48.527968 [Main] 		Starting the module Update Manager (Update Threat Intelligence files) [PID 7435]
2025/11/26 22:29:48.535557 [Update Manager] Checking if we need to download TI files.
2025/11/26 22:29:48.572704 [Main] 		Starting the module Virustotal (IP, domain and file hash lookup on Virustotal) [PID 7436]
2025/11/26 22:29:49.073639 [Main] Disabled Modules: ['template', 'exporting_alerts', 'p2ptrust', 'fidesModule', 'irisModule', 'cesnet', 'blocking', 'arp_poisoner', 'leak_detector', 'cyst']
2025/11/26 22:29:49.361433 [Main] Started Evidence Process [PID 7444]
2025/11/26 22:29:49.368769 [EvidenceHandler] Using threshold: 0.25
2025/11/26 22:29:49.655110 [Main] Started Profiler Process [PID 7445]
2025/11/26 22:29:49.661080 [Main] Metadata added to output/router_2025-11-26_22-28-44.pcap_2025-11-26_22:29:42/metadata
2025/11/26 22:29:49.704146 [Main] Started Input Process [PID 7449]
2025/11/26 22:29:49.717040 [Input] Storing zeek log files in output/router_2025-11-26_22-28-44.pcap_2025-11-26_22:29:42/zeek_files
2025/11/26 22:29:49.726591 [Main] Warning: Slips may generate a large amount of traffic by querying TI sites.
2025/11/26 22:29:52.794827 [Profiler] Used local network: 172.16.0.0/12
2025/11/26 22:30:22.729035 [Input] Done reading all flows. Stopping the input process. Sent 383 lines for the profiler process.
2025/11/26 22:30:22.729957 [Input] Telling Profiler to stop because no more input is arriving.
2025/11/26 22:30:22.730248 [Input] Waiting for Profiler to stop.
2025/11/26 22:30:22.732414 [Profiler] Stopping. Total lines read: 383
2025/11/26 22:30:22.732791 [Profiler] Marking Profiler as done processing.
2025/11/26 22:30:22.733099 [Profiler] Profiler is done processing.
2025/11/26 22:30:22.733370 [Profiler] Profiler is done telling input.py that it's done processing.
2025/11/26 22:30:22.733385 [Input] Input is done processing.
2025/11/26 22:30:22.737852 [Input] Stopping. Total lines read: 383
2025/11/26 22:30:24.854342 [Main] 
---------------------------
2025/11/26 22:30:24.854634 [Main] Stopping Slips
2025/11/26 22:30:24.861553 [Main] Total flows read (without altflows): 13
2025/11/26 22:30:24.862290 [Main] Killing modules that took more than 0.0 mins to finish.
2025/11/26 22:30:24.890374 [Main] 	Network Discovery    	Stopped. 12 left.
2025/11/26 22:30:27.898511 [Main] 	IP Info              	Stopped. 11 left.
