2025/11/27 16:11:19.089799 [Main] Storing Slips logs in output/router_2025-11-27_16-10-04.pcap_2025-11-27_16:11:19/
2025/11/27 16:11:20.131591 [Main] Using redis server on port: 6379
2025/11/27 16:11:20.131709 [Main] Started Main process [PID 5625]
2025/11/27 16:11:20.460409 [Main] Starting modules
2025/11/27 16:11:23.406247 [Main] 		Starting the module ARP (Detect ARP attacks) [PID 5654]
2025/11/27 16:11:23.762903 [Main] 		Starting the module Flow Alerts (Alerts about flows: long connection, successful ssh, password guessing, self-signed certificate, data exfiltration, etc.) [PID 5656]
2025/11/27 16:11:23.803567 [Main] 		Starting the module Flow ML Detection (Train or test a Machine Learning model to detect malicious flows) [PID 5658]
2025/11/27 16:11:23.846943 [Main] 		Starting the module HTTP Analyzer (Analyze HTTP flows) [PID 5659]
2025/11/27 16:11:24.112111 [Main] 		Starting the module IP Info (Get different info about an IP/MAC address) [PID 5660]
2025/11/27 16:11:24.130770 [Main] 		Starting the module Network Discovery (Detect Horizonal, Vertical, ICMP and DHCP Scans.) [PID 5661]
2025/11/27 16:11:24.171991 [Main] 		Starting the module Risk IQ (Module to get passive DNS info about IPs from RiskIQ) [PID 5662]
2025/11/27 16:11:24.213437 [Main] 		Starting the module RNN C&C Detection (Detect C&C channels based on behavioral letters) [PID 5663]
2025/11/27 16:11:24.258099 [Main] 		Starting the module Threat Intelligence (Check if the source IP or destination IP are in a malicious list of IPs) [PID 5673]
2025/11/27 16:11:24.299826 [Main] 		Starting the module Timeline (Creates kalipso timeline of what happened in the network based on flows and available data) [PID 5675]
2025/11/27 16:11:24.602392 [Main] 		Starting the module Update Manager (Update Threat Intelligence files) [PID 5676]
2025/11/27 16:11:24.609569 [Update Manager] Checking if we need to download TI files.
2025/11/27 16:11:24.645674 [Main] 		Starting the module Virustotal (IP, domain and file hash lookup on Virustotal) [PID 5677]
2025/11/27 16:11:25.146552 [Main] Disabled Modules: ['template', 'exporting_alerts', 'p2ptrust', 'fidesModule', 'irisModule', 'cesnet', 'blocking', 'arp_poisoner', 'leak_detector', 'cyst']
2025/11/27 16:11:25.428279 [Main] Started Evidence Process [PID 5678]
2025/11/27 16:11:25.434778 [EvidenceHandler] Using threshold: 0.25
2025/11/27 16:11:25.709924 [Main] Started Profiler Process [PID 5679]
2025/11/27 16:11:25.714973 [Main] Metadata added to output/router_2025-11-27_16-10-04.pcap_2025-11-27_16:11:19/metadata
2025/11/27 16:11:25.754415 [Main] Started Input Process [PID 5683]
2025/11/27 16:11:25.761900 [Input] Storing zeek log files in output/router_2025-11-27_16-10-04.pcap_2025-11-27_16:11:19/zeek_files
2025/11/27 16:11:25.769366 [Main] Warning: Slips may generate a large amount of traffic by querying TI sites.
2025/11/27 16:11:28.812309 [Profiler] Used local network: 172.16.0.0/12
2025/11/27 16:11:58.770517 [Input] Done reading all flows. Stopping the input process. Sent 222 lines for the profiler process.
2025/11/27 16:11:58.770687 [Input] Telling Profiler to stop because no more input is arriving.
2025/11/27 16:11:58.770751 [Input] Waiting for Profiler to stop.
2025/11/27 16:11:58.774461 [Profiler] Stopping. Total lines read: 222
2025/11/27 16:11:58.774667 [Profiler] Marking Profiler as done processing.
2025/11/27 16:11:58.774744 [Profiler] Profiler is done processing.
2025/11/27 16:11:58.774920 [Input] Input is done processing.
2025/11/27 16:11:58.775146 [Profiler] Profiler is done telling input.py that it's done processing.
2025/11/27 16:11:58.796638 [Input] Stopping. Total lines read: 222
2025/11/27 16:12:00.875676 [Main] 
---------------------------
2025/11/27 16:12:00.875831 [Main] Stopping Slips
2025/11/27 16:12:00.880440 [Main] Total flows read (without altflows): 9
2025/11/27 16:12:00.881203 [Main] Killing modules that took more than 0.0 mins to finish.
2025/11/27 16:12:03.888354 [Main] 	Update Manager       	Stopped. 12 left.
2025/11/27 16:12:03.892136 [Main] 	Flow Alerts          	Stopped. 11 left.
2025/11/27 16:12:03.895521 [Main] 	Network Discovery    	Stopped. 10 left.
2025/11/27 16:12:03.898951 [Main] 	Timeline             	Stopped. 9 left.
2025/11/27 16:12:06.905836 [Main] 	EvidenceHandler      	Stopped. 8 left.
2025/11/27 16:12:06.909356 [Main] 	HTTP Analyzer        	Stopped. 7 left.
2025/11/27 16:12:06.912629 [Main] 	Flow ML Detection    	Stopped. 6 left.
2025/11/27 16:12:09.919469 [Main] 	IP Info              	Stopped. 5 left.
2025/11/27 16:12:09.922926 [Main] 	Profiler             	Stopped. 4 left.
2025/11/27 16:12:09.926196 [Main] 	RNN C&C Detection    	Stopped. 3 left.
2025/11/27 16:12:09.929667 [Main] 	Threat Intelligence  	Stopped. 2 left.
2025/11/27 16:12:09.933132 [Main] 	ARP                  	Stopped. 1 left.
2025/11/27 16:12:09.936277 [Main] 	Input                	Stopped. 0 left.
2025/11/27 16:12:09.937156 [Main] Analysis of dataset/router_2025-11-27_16-10-04.pcap finished in 23.81 minutes
2025/11/27 16:12:09.938933 [Main] [Process Manager] Slips didn't shutdown gracefully - Killing modules that took more than 0.0 mins to finish.

