2025/11/27 16:08:36.865646 [Main] Storing Slips logs in output/router_2025-11-27_16-07-01.pcap_2025-11-27_16:08:36/
2025/11/27 16:08:37.907715 [Main] Using redis server on port: 6379
2025/11/27 16:08:37.907835 [Main] Started Main process [PID 4910]
2025/11/27 16:08:38.243308 [Main] Starting modules
2025/11/27 16:08:41.205578 [Main] 		Starting the module ARP (Detect ARP attacks) [PID 4951]
2025/11/27 16:08:41.565291 [Main] 		Starting the module Flow Alerts (Alerts about flows: long connection, successful ssh, password guessing, self-signed certificate, data exfiltration, etc.) [PID 4953]
2025/11/27 16:08:41.606947 [Main] 		Starting the module Flow ML Detection (Train or test a Machine Learning model to detect malicious flows) [PID 4955]
2025/11/27 16:08:41.649484 [Main] 		Starting the module HTTP Analyzer (Analyze HTTP flows) [PID 4956]
2025/11/27 16:08:41.915950 [Main] 		Starting the module IP Info (Get different info about an IP/MAC address) [PID 4964]
2025/11/27 16:08:41.934285 [Main] 		Starting the module Network Discovery (Detect Horizonal, Vertical, ICMP and DHCP Scans.) [PID 4965]
2025/11/27 16:08:41.975676 [Main] 		Starting the module Risk IQ (Module to get passive DNS info about IPs from RiskIQ) [PID 4966]
2025/11/27 16:08:42.018869 [Main] 		Starting the module RNN C&C Detection (Detect C&C channels based on behavioral letters) [PID 4967]
2025/11/27 16:08:42.063310 [Main] 		Starting the module Threat Intelligence (Check if the source IP or destination IP are in a malicious list of IPs) [PID 4977]
2025/11/27 16:08:42.105145 [Main] 		Starting the module Timeline (Creates kalipso timeline of what happened in the network based on flows and available data) [PID 4979]
2025/11/27 16:08:42.412868 [Main] 		Starting the module Update Manager (Update Threat Intelligence files) [PID 4980]
2025/11/27 16:08:42.419783 [Update Manager] Checking if we need to download TI files.
2025/11/27 16:08:42.456419 [Main] 		Starting the module Virustotal (IP, domain and file hash lookup on Virustotal) [PID 4981]
2025/11/27 16:08:42.957338 [Main] Disabled Modules: ['template', 'exporting_alerts', 'p2ptrust', 'fidesModule', 'irisModule', 'cesnet', 'blocking', 'arp_poisoner', 'leak_detector', 'cyst']
2025/11/27 16:08:43.249078 [Main] Started Evidence Process [PID 4983]
2025/11/27 16:08:43.255967 [EvidenceHandler] Using threshold: 0.25
2025/11/27 16:08:43.535816 [Main] Started Profiler Process [PID 4984]
2025/11/27 16:08:43.540642 [Main] Metadata added to output/router_2025-11-27_16-07-01.pcap_2025-11-27_16:08:36/metadata
2025/11/27 16:08:43.585192 [Main] Started Input Process [PID 4988]
2025/11/27 16:08:43.598036 [Input] Storing zeek log files in output/router_2025-11-27_16-07-01.pcap_2025-11-27_16:08:36/zeek_files
2025/11/27 16:08:43.600283 [Main] Warning: Slips may generate a large amount of traffic by querying TI sites.
2025/11/27 16:08:46.657043 [Profiler] Used local network: 172.16.0.0/12
2025/11/27 16:09:16.607572 [Input] Done reading all flows. Stopping the input process. Sent 228 lines for the profiler process.
2025/11/27 16:09:16.607988 [Input] Telling Profiler to stop because no more input is arriving.
2025/11/27 16:09:16.608194 [Input] Waiting for Profiler to stop.
2025/11/27 16:09:16.609535 [Profiler] Stopping. Total lines read: 228
2025/11/27 16:09:16.609679 [Profiler] Marking Profiler as done processing.
2025/11/27 16:09:16.609727 [Profiler] Profiler is done processing.
2025/11/27 16:09:16.609845 [Profiler] Profiler is done telling input.py that it's done processing.
2025/11/27 16:09:16.609854 [Input] Input is done processing.
2025/11/27 16:09:16.616661 [Input] Stopping. Total lines read: 228
2025/11/27 16:09:18.711155 [Main] 
---------------------------
2025/11/27 16:09:18.711330 [Main] Stopping Slips
2025/11/27 16:09:18.715971 [Main] Total flows read (without altflows): 11
2025/11/27 16:09:18.716804 [Main] Killing modules that took more than 0.0 mins to finish.
2025/11/27 16:09:18.750979 [Main] 	RNN C&C Detection    	Stopped. 12 left.
2025/11/27 16:09:21.755562 [Main] 	Update Manager       	Stopped. 11 left.
2025/11/27 16:09:21.759325 [Main] 	Input                	Stopped. 10 left.
2025/11/27 16:09:21.762974 [Main] 	Flow Alerts          	Stopped. 9 left.
2025/11/27 16:09:21.766288 [Main] 	HTTP Analyzer        	Stopped. 8 left.
2025/11/27 16:09:21.769825 [Main] 	Network Discovery    	Stopped. 7 left.
2025/11/27 16:09:21.772870 [Main] 	Threat Intelligence  	Stopped. 6 left.
2025/11/27 16:09:21.775843 [Main] 	Profiler             	Stopped. 5 left.
2025/11/27 16:09:21.778766 [Main] 	Flow ML Detection    	Stopped. 4 left.
2025/11/27 16:09:21.781764 [Main] 	ARP                  	Stopped. 3 left.
2025/11/27 16:09:24.785521 [Main] 	IP Info              	Stopped. 2 left.
2025/11/27 16:09:27.792481 [Main] 	EvidenceHandler      	Stopped. 1 left.
2025/11/27 16:09:27.796683 [Main] 	Timeline             	Stopped. 0 left.
2025/11/27 16:09:27.798171 [Main] Analysis of dataset/router_2025-11-27_16-07-01.pcap finished in 21.10 minutes
2025/11/27 16:09:27.799932 [Main] [Process Manager] Slips didn't shutdown gracefully - Killing modules that took more than 0.0 mins to finish.

