2025/11/27 16:35:45.990163 [Main] Storing Slips logs in output/router_2025-11-27_16-33-54.pcap_2025-11-27_16:35:45/
2025/11/27 16:35:47.030886 [Main] Using redis server on port: 6379
2025/11/27 16:35:47.031018 [Main] Started Main process [PID 11866]
2025/11/27 16:35:47.365325 [Main] Starting modules
2025/11/27 16:35:50.374707 [Main] 		Starting the module ARP (Detect ARP attacks) [PID 11880]
2025/11/27 16:35:50.737527 [Main] 		Starting the module Flow Alerts (Alerts about flows: long connection, successful ssh, password guessing, self-signed certificate, data exfiltration, etc.) [PID 11889]
2025/11/27 16:35:50.778889 [Main] 		Starting the module Flow ML Detection (Train or test a Machine Learning model to detect malicious flows) [PID 11891]
2025/11/27 16:35:50.822034 [Main] 		Starting the module HTTP Analyzer (Analyze HTTP flows) [PID 11892]
2025/11/27 16:35:51.086641 [Main] 		Starting the module IP Info (Get different info about an IP/MAC address) [PID 11893]
2025/11/27 16:35:51.105925 [Main] 		Starting the module Network Discovery (Detect Horizonal, Vertical, ICMP and DHCP Scans.) [PID 11894]
2025/11/27 16:35:51.147844 [Main] 		Starting the module Risk IQ (Module to get passive DNS info about IPs from RiskIQ) [PID 11895]
2025/11/27 16:35:51.189572 [Main] 		Starting the module RNN C&C Detection (Detect C&C channels based on behavioral letters) [PID 11896]
2025/11/27 16:35:51.234472 [Main] 		Starting the module Threat Intelligence (Check if the source IP or destination IP are in a malicious list of IPs) [PID 11906]
2025/11/27 16:35:51.277046 [Main] 		Starting the module Timeline (Creates kalipso timeline of what happened in the network based on flows and available data) [PID 11908]
2025/11/27 16:35:51.592628 [Main] 		Starting the module Update Manager (Update Threat Intelligence files) [PID 11909]
2025/11/27 16:35:51.601177 [Update Manager] Checking if we need to download TI files.
2025/11/27 16:35:51.638926 [Main] 		Starting the module Virustotal (IP, domain and file hash lookup on Virustotal) [PID 11910]
2025/11/27 16:35:52.139793 [Main] Disabled Modules: ['template', 'exporting_alerts', 'p2ptrust', 'fidesModule', 'irisModule', 'cesnet', 'blocking', 'arp_poisoner', 'leak_detector', 'cyst']
2025/11/27 16:35:52.425306 [Main] Started Evidence Process [PID 11911]
2025/11/27 16:35:52.432594 [EvidenceHandler] Using threshold: 0.25
2025/11/27 16:35:52.712102 [Main] Started Profiler Process [PID 11912]
2025/11/27 16:35:52.718295 [Main] Metadata added to output/router_2025-11-27_16-33-54.pcap_2025-11-27_16:35:45/metadata
2025/11/27 16:35:52.758583 [Main] Started Input Process [PID 11916]
2025/11/27 16:35:52.767135 [Input] Storing zeek log files in output/router_2025-11-27_16-33-54.pcap_2025-11-27_16:35:45/zeek_files
2025/11/27 16:35:52.777078 [Main] Warning: Slips may generate a large amount of traffic by querying TI sites.
2025/11/27 16:35:53.213116 [Input] Zeek error. return code: 0 error:b"1764261290.296433 warning in /opt/zeek/share/zeek/base/misc/find-filtered-trace.zeek, line 69: The analyzed trace file was determined to contain only TCP control packets, which may indicate it's been pre-filtered.  By default, Zeek reports the missing segments for this type of trace, but the 'detect_filtered_trace' option may be toggled if that's not desired."
2025/11/27 16:35:55.831488 [Profiler] Used local network: 172.16.0.0/12
2025/11/27 16:36:25.780579 [Input] Done reading all flows. Stopping the input process. Sent 386 lines for the profiler process.
2025/11/27 16:36:25.780806 [Input] Telling Profiler to stop because no more input is arriving.
2025/11/27 16:36:25.780868 [Input] Waiting for Profiler to stop.
2025/11/27 16:36:25.782472 [Profiler] Stopping. Total lines read: 386
2025/11/27 16:36:25.782607 [Profiler] Marking Profiler as done processing.
2025/11/27 16:36:25.782658 [Profiler] Profiler is done processing.
2025/11/27 16:36:25.782874 [Profiler] Profiler is done telling input.py that it's done processing.
2025/11/27 16:36:25.782882 [Input] Input is done processing.
2025/11/27 16:36:25.784477 [Input] Stopping. Total lines read: 386
2025/11/27 16:36:27.893616 [Main] 
---------------------------
2025/11/27 16:36:27.893784 [Main] Stopping Slips
2025/11/27 16:36:27.898841 [Main] Total flows read (without altflows): 15
2025/11/27 16:36:27.899786 [Main] Killing modules that took more than 0.0 mins to finish.
2025/11/27 16:36:27.929072 [Main] 	ARP                  	Stopped. 12 left.
2025/11/27 16:36:30.795997 [Main] 	Flow Alerts          	Stopped. 11 left.
2025/11/27 16:36:30.799419 [Main] 	Network Discovery    	Stopped. 10 left.
2025/11/27 16:36:30.802725 [Main] 	Timeline             	Stopped. 9 left.
2025/11/27 16:36:30.805979 [Main] 	Threat Intelligence  	Stopped. 8 left.
2025/11/27 16:36:33.813200 [Main] 	Update Manager       	Stopped. 7 left.
2025/11/27 16:36:36.819689 [Main] 	IP Info              	Stopped. 6 left.
2025/11/27 16:36:39.824481 [Main] 	EvidenceHandler      	Stopped. 5 left.
2025/11/27 16:36:39.828232 [Main] 	Profiler             	Stopped. 4 left.
2025/11/27 16:36:39.831858 [Main] 	Input                	Stopped. 3 left.
2025/11/27 16:36:39.835528 [Main] 	RNN C&C Detection    	Stopped. 2 left.
2025/11/27 16:36:39.838946 [Main] 	Flow ML Detection    	Stopped. 1 left.
2025/11/27 16:36:39.842528 [Main] 	HTTP Analyzer        	Stopped. 0 left.
2025/11/27 16:36:39.843453 [Main] Analysis of dataset/router_2025-11-27_16-33-54.pcap finished in 48.30 minutes
2025/11/27 16:36:39.845144 [Main] [Process Manager] Slips didn't shutdown gracefully - Killing modules that took more than 0.0 mins to finish.

