2025/11/26 22:26:40.291572 [Main] Storing Slips logs in output/router_2025-11-26_22-26-37.pcap_2025-11-26_22:26:40/
2025/11/26 22:26:41.332807 [Main] Using redis server on port: 6379
2025/11/26 22:26:41.332935 [Main] Started Main process [PID 6849]
2025/11/26 22:26:41.666664 [Main] Starting modules
2025/11/26 22:26:44.683617 [Main] 		Starting the module ARP (Detect ARP attacks) [PID 6870]
2025/11/26 22:26:45.048476 [Main] 		Starting the module Flow Alerts (Alerts about flows: long connection, successful ssh, password guessing, self-signed certificate, data exfiltration, etc.) [PID 6872]
2025/11/26 22:26:45.093026 [Main] 		Starting the module Flow ML Detection (Train or test a Machine Learning model to detect malicious flows) [PID 6874]
2025/11/26 22:26:45.139920 [Main] 		Starting the module HTTP Analyzer (Analyze HTTP flows) [PID 6875]
2025/11/26 22:26:45.410630 [Main] 		Starting the module IP Info (Get different info about an IP/MAC address) [PID 6876]
2025/11/26 22:26:45.431288 [Main] 		Starting the module Network Discovery (Detect Horizonal, Vertical, ICMP and DHCP Scans.) [PID 6877]
2025/11/26 22:26:45.475492 [Main] 		Starting the module Risk IQ (Module to get passive DNS info about IPs from RiskIQ) [PID 6878]
2025/11/26 22:26:45.518665 [Main] 		Starting the module RNN C&C Detection (Detect C&C channels based on behavioral letters) [PID 6879]
2025/11/26 22:26:45.568345 [Main] 		Starting the module Threat Intelligence (Check if the source IP or destination IP are in a malicious list of IPs) [PID 6889]
2025/11/26 22:26:45.617159 [Main] 		Starting the module Timeline (Creates kalipso timeline of what happened in the network based on flows and available data) [PID 6891]
2025/11/26 22:26:45.938911 [Main] 		Starting the module Update Manager (Update Threat Intelligence files) [PID 6892]
2025/11/26 22:26:45.948073 [Update Manager] Checking if we need to download TI files.
2025/11/26 22:26:45.988979 [Main] 		Starting the module Virustotal (IP, domain and file hash lookup on Virustotal) [PID 6893]
2025/11/26 22:26:46.489825 [Main] Disabled Modules: ['template', 'exporting_alerts', 'p2ptrust', 'fidesModule', 'irisModule', 'cesnet', 'blocking', 'arp_poisoner', 'leak_detector', 'cyst']
2025/11/26 22:26:46.773061 [Main] Started Evidence Process [PID 6894]
2025/11/26 22:26:46.780898 [EvidenceHandler] Using threshold: 0.25
2025/11/26 22:26:47.058040 [Main] Started Profiler Process [PID 6895]
2025/11/26 22:26:47.063532 [Main] Metadata added to output/router_2025-11-26_22-26-37.pcap_2025-11-26_22:26:40/metadata
2025/11/26 22:26:47.112731 [Main] Started Input Process [PID 6906]
2025/11/26 22:26:47.127246 [Input] Storing zeek log files in output/router_2025-11-26_22-26-37.pcap_2025-11-26_22:26:40/zeek_files
2025/11/26 22:26:47.129297 [Main] Warning: Slips may generate a large amount of traffic by querying TI sites.
2025/11/26 22:26:50.199593 [Profiler] Used local network: 172.16.0.0/12
2025/11/26 22:27:20.140396 [Input] Done reading all flows. Stopping the input process. Sent 318 lines for the profiler process.
2025/11/26 22:27:20.140847 [Input] Telling Profiler to stop because no more input is arriving.
2025/11/26 22:27:20.141160 [Input] Waiting for Profiler to stop.
2025/11/26 22:27:20.142990 [Profiler] Stopping. Total lines read: 318
2025/11/26 22:27:20.143461 [Profiler] Marking Profiler as done processing.
2025/11/26 22:27:20.143698 [Profiler] Profiler is done processing.
2025/11/26 22:27:20.144069 [Profiler] Profiler is done telling input.py that it's done processing.
2025/11/26 22:27:20.144076 [Input] Input is done processing.
2025/11/26 22:27:20.148962 [Input] Stopping. Total lines read: 318
2025/11/26 22:27:22.263226 [Main] 
---------------------------
2025/11/26 22:27:22.263409 [Main] Stopping Slips
2025/11/26 22:27:22.268260 [Main] Total flows read (without altflows): 12
2025/11/26 22:27:22.270364 [Main] Killing modules that took more than 0.0 mins to finish.
2025/11/26 22:27:22.293208 [Main] 	Network Discovery    	Stopped. 12 left.
2025/11/26 22:27:25.300200 [Main] 	IP Info              	Stopped. 11 left.
2025/11/26 22:27:28.306389 [Main] 	Update Manager       	Stopped. 10 left.
2025/11/26 22:27:28.310151 [Main] 	Profiler             	Stopped. 9 left.
2025/11/26 22:27:31.316941 [Main] 	EvidenceHandler      	Stopped. 8 left.
2025/11/26 22:27:31.320815 [Main] 	Input                	Stopped. 7 left.
2025/11/26 22:27:31.324408 [Main] 	ARP                  	Stopped. 6 left.
2025/11/26 22:27:31.328116 [Main] 	Flow ML Detection    	Stopped. 5 left.
2025/11/26 22:27:31.331603 [Main] 	Threat Intelligence  	Stopped. 4 left.
2025/11/26 22:27:31.335180 [Main] 	RNN C&C Detection    	Stopped. 3 left.
2025/11/26 22:27:31.338658 [Main] 	Timeline             	Stopped. 2 left.
2025/11/26 22:27:31.341850 [Main] 	Flow Alerts          	Stopped. 1 left.
2025/11/26 22:27:31.345008 [Main] 	HTTP Analyzer        	Stopped. 0 left.
2025/11/26 22:27:31.346038 [Main] Analysis of dataset/router_2025-11-26_22-26-37.pcap finished in 37.30 minutes
2025/11/26 22:27:31.347491 [Main] [Process Manager] Slips didn't shutdown gracefully - Killing modules that took more than 0.0 mins to finish.

