2025/11/26 21:56:28.943590 [Main] Storing Slips logs in output/router_2025-11-26_21-55-11.pcap_2025-11-26_21:56:28/
2025/11/26 21:56:29.984568 [Main] Using redis server on port: 6379
2025/11/26 21:56:29.984685 [Main] Started Main process [PID 1314]
2025/11/26 21:56:30.316127 [Main] Starting modules
2025/11/26 21:56:33.261103 [Main] 		Starting the module ARP (Detect ARP attacks) [PID 1335]
2025/11/26 21:56:33.615339 [Main] 		Starting the module Flow Alerts (Alerts about flows: long connection, successful ssh, password guessing, self-signed certificate, data exfiltration, etc.) [PID 1337]
2025/11/26 21:56:33.654889 [Main] 		Starting the module Flow ML Detection (Train or test a Machine Learning model to detect malicious flows) [PID 1339]
2025/11/26 21:56:33.696735 [Main] 		Starting the module HTTP Analyzer (Analyze HTTP flows) [PID 1340]
2025/11/26 21:56:33.961091 [Main] 		Starting the module IP Info (Get different info about an IP/MAC address) [PID 1341]
2025/11/26 21:56:33.978071 [Main] 		Starting the module Network Discovery (Detect Horizonal, Vertical, ICMP and DHCP Scans.) [PID 1342]
2025/11/26 21:56:34.018150 [Main] 		Starting the module Risk IQ (Module to get passive DNS info about IPs from RiskIQ) [PID 1343]
2025/11/26 21:56:34.057597 [Main] 		Starting the module RNN C&C Detection (Detect C&C channels based on behavioral letters) [PID 1344]
2025/11/26 21:56:34.100414 [Main] 		Starting the module Threat Intelligence (Check if the source IP or destination IP are in a malicious list of IPs) [PID 1354]
2025/11/26 21:56:34.140609 [Main] 		Starting the module Timeline (Creates kalipso timeline of what happened in the network based on flows and available data) [PID 1356]
2025/11/26 21:56:34.442364 [Main] 		Starting the module Update Manager (Update Threat Intelligence files) [PID 1357]
2025/11/26 21:56:34.449567 [Update Manager] Checking if we need to download TI files.
2025/11/26 21:56:34.484515 [Main] 		Starting the module Virustotal (IP, domain and file hash lookup on Virustotal) [PID 1358]
2025/11/26 21:56:34.985480 [Main] Disabled Modules: ['template', 'exporting_alerts', 'p2ptrust', 'fidesModule', 'irisModule', 'cesnet', 'blocking', 'arp_poisoner', 'leak_detector', 'cyst']
2025/11/26 21:56:35.264658 [Main] Started Evidence Process [PID 1359]
2025/11/26 21:56:35.271351 [EvidenceHandler] Using threshold: 0.25
2025/11/26 21:56:35.545001 [Main] Started Profiler Process [PID 1360]
2025/11/26 21:56:35.549996 [Main] Metadata added to output/router_2025-11-26_21-55-11.pcap_2025-11-26_21:56:28/metadata
2025/11/26 21:56:35.588662 [Main] Started Input Process [PID 1364]
2025/11/26 21:56:35.597774 [Input] Storing zeek log files in output/router_2025-11-26_21-55-11.pcap_2025-11-26_21:56:28/zeek_files
2025/11/26 21:56:35.606901 [Main] Warning: Slips may generate a large amount of traffic by querying TI sites.
2025/11/26 21:56:38.650843 [Profiler] Used local network: 172.16.0.0/12
2025/11/26 21:56:38.651402 [Profiler] Used local network: 172.16.0.0/12
2025/11/26 21:57:08.608342 [Input] Done reading all flows. Stopping the input process. Sent 107 lines for the profiler process.
2025/11/26 21:57:08.608644 [Input] Telling Profiler to stop because no more input is arriving.
2025/11/26 21:57:08.608728 [Input] Waiting for Profiler to stop.
2025/11/26 21:57:08.609870 [Profiler] Stopping. Total lines read: 107
2025/11/26 21:57:08.610005 [Profiler] Marking Profiler as done processing.
2025/11/26 21:57:08.610063 [Profiler] Profiler is done processing.
2025/11/26 21:57:08.610160 [Profiler] Profiler is done telling input.py that it's done processing.
2025/11/26 21:57:08.611259 [Input] Input is done processing.
2025/11/26 21:57:08.615929 [Input] Stopping. Total lines read: 107
2025/11/26 21:57:10.711732 [Main] 
---------------------------
2025/11/26 21:57:10.711902 [Main] Stopping Slips
2025/11/26 21:57:10.716694 [Main] Total flows read (without altflows): 4
2025/11/26 21:57:10.717464 [Main] Killing modules that took more than 0.0 mins to finish.
2025/11/26 21:57:10.753013 [Main] 	Network Discovery    	Stopped. 12 left.
2025/11/26 21:57:10.756921 [Main] 	IP Info              	Stopped. 11 left.
2025/11/26 21:57:10.760220 [Main] 	Profiler             	Stopped. 10 left.
2025/11/26 21:57:13.765068 [Main] 	Update Manager       	Stopped. 9 left.
2025/11/26 21:57:16.772222 [Main] 	EvidenceHandler      	Stopped. 8 left.
2025/11/26 21:57:16.775985 [Main] 	Input                	Stopped. 7 left.
2025/11/26 21:57:16.779538 [Main] 	ARP                  	Stopped. 6 left.
2025/11/26 21:57:16.783186 [Main] 	Flow ML Detection    	Stopped. 5 left.
2025/11/26 21:57:16.786604 [Main] 	Threat Intelligence  	Stopped. 4 left.
2025/11/26 21:57:16.790102 [Main] 	RNN C&C Detection    	Stopped. 3 left.
2025/11/26 21:57:16.793454 [Main] 	Timeline             	Stopped. 2 left.
2025/11/26 21:57:16.796776 [Main] 	Flow Alerts          	Stopped. 1 left.
2025/11/26 21:57:16.800058 [Main] 	HTTP Analyzer        	Stopped. 0 left.
2025/11/26 21:57:16.801121 [Main] Analysis of dataset/router_2025-11-26_21-55-11.pcap finished in 7.05 minutes
2025/11/26 21:57:16.802739 [Main] [Process Manager] Slips didn't shutdown gracefully - Killing modules that took more than 0.0 mins to finish.

