2025/11/26 22:00:11.265432 [Main] Storing Slips logs in output/router_2025-11-26_21-59-11.pcap_2025-11-26_22:00:11/
2025/11/26 22:00:12.308858 [Main] Using redis server on port: 6379
2025/11/26 22:00:12.308982 [Main] Started Main process [PID 2013]
2025/11/26 22:00:12.642677 [Main] Starting modules
2025/11/26 22:00:15.609011 [Main] 		Starting the module ARP (Detect ARP attacks) [PID 2035]
2025/11/26 22:00:15.966796 [Main] 		Starting the module Flow Alerts (Alerts about flows: long connection, successful ssh, password guessing, self-signed certificate, data exfiltration, etc.) [PID 2037]
2025/11/26 22:00:16.007193 [Main] 		Starting the module Flow ML Detection (Train or test a Machine Learning model to detect malicious flows) [PID 2039]
2025/11/26 22:00:16.048975 [Main] 		Starting the module HTTP Analyzer (Analyze HTTP flows) [PID 2040]
2025/11/26 22:00:16.313656 [Main] 		Starting the module IP Info (Get different info about an IP/MAC address) [PID 2041]
2025/11/26 22:00:16.331925 [Main] 		Starting the module Network Discovery (Detect Horizonal, Vertical, ICMP and DHCP Scans.) [PID 2042]
2025/11/26 22:00:16.372643 [Main] 		Starting the module Risk IQ (Module to get passive DNS info about IPs from RiskIQ) [PID 2043]
2025/11/26 22:00:16.413834 [Main] 		Starting the module RNN C&C Detection (Detect C&C channels based on behavioral letters) [PID 2044]
2025/11/26 22:00:16.457277 [Main] 		Starting the module Threat Intelligence (Check if the source IP or destination IP are in a malicious list of IPs) [PID 2054]
2025/11/26 22:00:16.498453 [Main] 		Starting the module Timeline (Creates kalipso timeline of what happened in the network based on flows and available data) [PID 2056]
2025/11/26 22:00:16.804926 [Main] 		Starting the module Update Manager (Update Threat Intelligence files) [PID 2057]
2025/11/26 22:00:16.813163 [Update Manager] Checking if we need to download TI files.
2025/11/26 22:00:16.850232 [Main] 		Starting the module Virustotal (IP, domain and file hash lookup on Virustotal) [PID 2058]
2025/11/26 22:00:17.351284 [Main] Disabled Modules: ['template', 'exporting_alerts', 'p2ptrust', 'fidesModule', 'irisModule', 'cesnet', 'blocking', 'arp_poisoner', 'leak_detector', 'cyst']
2025/11/26 22:00:17.633031 [Main] Started Evidence Process [PID 2059]
2025/11/26 22:00:17.639249 [EvidenceHandler] Using threshold: 0.25
2025/11/26 22:00:17.915492 [Main] Started Profiler Process [PID 2060]
2025/11/26 22:00:17.921702 [Main] Metadata added to output/router_2025-11-26_21-59-11.pcap_2025-11-26_22:00:11/metadata
2025/11/26 22:00:17.960916 [Main] Started Input Process [PID 2064]
2025/11/26 22:00:17.969660 [Input] Storing zeek log files in output/router_2025-11-26_21-59-11.pcap_2025-11-26_22:00:11/zeek_files
2025/11/26 22:00:17.975352 [Main] Warning: Slips may generate a large amount of traffic by querying TI sites.
2025/11/26 22:00:21.023428 [Profiler] Used local network: 172.16.0.0/12
2025/11/26 22:00:50.976546 [Input] Done reading all flows. Stopping the input process. Sent 117 lines for the profiler process.
2025/11/26 22:00:50.976697 [Input] Telling Profiler to stop because no more input is arriving.
2025/11/26 22:00:50.976760 [Input] Waiting for Profiler to stop.
2025/11/26 22:00:50.979414 [Profiler] Stopping. Total lines read: 117
2025/11/26 22:00:50.979746 [Profiler] Marking Profiler as done processing.
2025/11/26 22:00:50.979986 [Profiler] Profiler is done processing.
2025/11/26 22:00:50.980405 [Profiler] Profiler is done telling input.py that it's done processing.
2025/11/26 22:00:50.980413 [Input] Input is done processing.
2025/11/26 22:00:50.985685 [Input] Stopping. Total lines read: 117
2025/11/26 22:00:53.080564 [Main] 
---------------------------
2025/11/26 22:00:53.080742 [Main] Stopping Slips
2025/11/26 22:00:53.085273 [Main] Total flows read (without altflows): 5
2025/11/26 22:00:53.085969 [Main] Killing modules that took more than 0.0 mins to finish.
2025/11/26 22:00:53.118686 [Main] 	RNN C&C Detection    	Stopped. 12 left.
2025/11/26 22:00:54.344949 [Main] 	IP Info              	Stopped. 11 left.
2025/11/26 22:00:54.348812 [Main] 	Threat Intelligence  	Stopped. 10 left.
2025/11/26 22:00:54.352300 [Main] 	Timeline             	Stopped. 9 left.
2025/11/26 22:00:57.358731 [Main] 	EvidenceHandler      	Stopped. 8 left.
2025/11/26 22:00:57.362441 [Main] 	ARP                  	Stopped. 7 left.
2025/11/26 22:00:57.365912 [Main] 	HTTP Analyzer        	Stopped. 6 left.
2025/11/26 22:00:57.369294 [Main] 	Profiler             	Stopped. 5 left.
2025/11/26 22:00:57.372868 [Main] 	Network Discovery    	Stopped. 4 left.
2025/11/26 22:00:57.376488 [Main] 	Input                	Stopped. 3 left.
2025/11/26 22:00:57.379781 [Main] 	Flow Alerts          	Stopped. 2 left.
2025/11/26 22:00:57.383281 [Main] 	Flow ML Detection    	Stopped. 1 left.
2025/11/26 22:01:00.389519 [Main] 	Update Manager       	Stopped. 0 left.
2025/11/26 22:01:00.390739 [Main] Analysis of dataset/router_2025-11-26_21-59-11.pcap finished in 10.78 minutes
2025/11/26 22:01:00.392280 [Main] [Process Manager] Slips didn't shutdown gracefully - Killing modules that took more than 0.0 mins to finish.

