2025/11/26 22:28:45.452471 [Main] Storing Slips logs in output/router_2025-11-26_22-28-44.pcap_2025-11-26_22:28:45/
2025/11/26 22:28:46.497693 [Main] Using redis server on port: 6379
2025/11/26 22:28:46.497833 [Main] Started Main process [PID 7217]
2025/11/26 22:28:46.833088 [Main] Starting modules
2025/11/26 22:28:49.828997 [Main] 		Starting the module ARP (Detect ARP attacks) [PID 7238]
2025/11/26 22:28:50.187679 [Main] 		Starting the module Flow Alerts (Alerts about flows: long connection, successful ssh, password guessing, self-signed certificate, data exfiltration, etc.) [PID 7240]
2025/11/26 22:28:50.229840 [Main] 		Starting the module Flow ML Detection (Train or test a Machine Learning model to detect malicious flows) [PID 7242]
2025/11/26 22:28:50.273348 [Main] 		Starting the module HTTP Analyzer (Analyze HTTP flows) [PID 7243]
2025/11/26 22:28:50.540772 [Main] 		Starting the module IP Info (Get different info about an IP/MAC address) [PID 7244]
2025/11/26 22:28:50.561432 [Main] 		Starting the module Network Discovery (Detect Horizonal, Vertical, ICMP and DHCP Scans.) [PID 7245]
2025/11/26 22:28:50.604966 [Main] 		Starting the module Risk IQ (Module to get passive DNS info about IPs from RiskIQ) [PID 7246]
2025/11/26 22:28:50.648729 [Main] 		Starting the module RNN C&C Detection (Detect C&C channels based on behavioral letters) [PID 7247]
2025/11/26 22:28:50.695390 [Main] 		Starting the module Threat Intelligence (Check if the source IP or destination IP are in a malicious list of IPs) [PID 7257]
2025/11/26 22:28:50.738659 [Main] 		Starting the module Timeline (Creates kalipso timeline of what happened in the network based on flows and available data) [PID 7259]
2025/11/26 22:28:51.048084 [Main] 		Starting the module Update Manager (Update Threat Intelligence files) [PID 7260]
2025/11/26 22:28:51.055576 [Update Manager] Checking if we need to download TI files.
2025/11/26 22:28:51.093712 [Main] 		Starting the module Virustotal (IP, domain and file hash lookup on Virustotal) [PID 7261]
2025/11/26 22:28:51.594791 [Main] Disabled Modules: ['template', 'exporting_alerts', 'p2ptrust', 'fidesModule', 'irisModule', 'cesnet', 'blocking', 'arp_poisoner', 'leak_detector', 'cyst']
2025/11/26 22:28:51.878252 [Main] Started Evidence Process [PID 7262]
2025/11/26 22:28:51.885808 [EvidenceHandler] Using threshold: 0.25
2025/11/26 22:28:52.162521 [Main] Started Profiler Process [PID 7263]
2025/11/26 22:28:52.167555 [Main] Metadata added to output/router_2025-11-26_22-28-44.pcap_2025-11-26_22:28:45/metadata
2025/11/26 22:28:52.209408 [Main] Started Input Process [PID 7267]
2025/11/26 22:28:52.221276 [Input] Storing zeek log files in output/router_2025-11-26_22-28-44.pcap_2025-11-26_22:28:45/zeek_files
2025/11/26 22:28:52.225700 [Main] Warning: Slips may generate a large amount of traffic by querying TI sites.
2025/11/26 22:28:55.282246 [Profiler] Used local network: 172.16.0.0/12
2025/11/26 22:29:25.234182 [Input] Done reading all flows. Stopping the input process. Sent 355 lines for the profiler process.
2025/11/26 22:29:25.234351 [Input] Telling Profiler to stop because no more input is arriving.
2025/11/26 22:29:25.234533 [Input] Waiting for Profiler to stop.
2025/11/26 22:29:25.236198 [Profiler] Stopping. Total lines read: 355
2025/11/26 22:29:25.236338 [Profiler] Marking Profiler as done processing.
2025/11/26 22:29:25.236412 [Profiler] Profiler is done processing.
2025/11/26 22:29:25.236503 [Profiler] Profiler is done telling input.py that it's done processing.
2025/11/26 22:29:25.237433 [Input] Input is done processing.
2025/11/26 22:29:25.241866 [Input] Stopping. Total lines read: 355
2025/11/26 22:29:27.339894 [Main] 
---------------------------
2025/11/26 22:29:27.340086 [Main] Stopping Slips
2025/11/26 22:29:27.348210 [Main] Total flows read (without altflows): 13
2025/11/26 22:29:27.349578 [Main] Killing modules that took more than 0.0 mins to finish.
2025/11/26 22:29:30.357227 [Main] 	Update Manager       	Stopped. 12 left.
2025/11/26 22:29:30.361411 [Main] 	Input                	Stopped. 11 left.
2025/11/26 22:29:33.368924 [Main] 	EvidenceHandler      	Stopped. 10 left.
2025/11/26 22:29:33.373049 [Main] 	Flow Alerts          	Stopped. 9 left.
2025/11/26 22:29:33.376647 [Main] 	Network Discovery    	Stopped. 8 left.
2025/11/26 22:29:33.380184 [Main] 	Timeline             	Stopped. 7 left.
2025/11/26 22:29:33.383514 [Main] 	RNN C&C Detection    	Stopped. 6 left.
2025/11/26 22:29:33.386915 [Main] 	HTTP Analyzer        	Stopped. 5 left.
2025/11/26 22:29:33.390352 [Main] 	Flow ML Detection    	Stopped. 4 left.
2025/11/26 22:29:33.393695 [Main] 	ARP                  	Stopped. 3 left.
2025/11/26 22:29:36.399856 [Main] 	IP Info              	Stopped. 2 left.
2025/11/26 22:29:36.403761 [Main] 	Profiler             	Stopped. 1 left.
2025/11/26 22:29:36.407505 [Main] 	Threat Intelligence  	Stopped. 0 left.
2025/11/26 22:29:36.408745 [Main] Analysis of dataset/router_2025-11-26_22-28-44.pcap finished in 39.38 minutes
2025/11/26 22:29:36.411123 [Main] [Process Manager] Slips didn't shutdown gracefully - Killing modules that took more than 0.0 mins to finish.

