2025/11/26 21:54:41.727036 [Main] Storing Slips logs in output/router_2025-11-26_21-53-11.pcap_2025-11-26_21:54:41/
2025/11/26 21:54:42.767652 [Main] Using redis server on port: 6379
2025/11/26 21:54:42.767774 [Main] Started Main process [PID 974]
2025/11/26 21:54:43.100941 [Main] Starting modules
2025/11/26 21:54:46.037712 [Main] 		Starting the module ARP (Detect ARP attacks) [PID 995]
2025/11/26 21:54:46.391554 [Main] 		Starting the module Flow Alerts (Alerts about flows: long connection, successful ssh, password guessing, self-signed certificate, data exfiltration, etc.) [PID 997]
2025/11/26 21:54:46.430976 [Main] 		Starting the module Flow ML Detection (Train or test a Machine Learning model to detect malicious flows) [PID 999]
2025/11/26 21:54:46.471520 [Main] 		Starting the module HTTP Analyzer (Analyze HTTP flows) [PID 1000]
2025/11/26 21:54:46.734183 [Main] 		Starting the module IP Info (Get different info about an IP/MAC address) [PID 1001]
2025/11/26 21:54:46.750963 [Main] 		Starting the module Network Discovery (Detect Horizonal, Vertical, ICMP and DHCP Scans.) [PID 1002]
2025/11/26 21:54:46.792842 [Main] 		Starting the module Risk IQ (Module to get passive DNS info about IPs from RiskIQ) [PID 1003]
2025/11/26 21:54:46.834105 [Main] 		Starting the module RNN C&C Detection (Detect C&C channels based on behavioral letters) [PID 1004]
2025/11/26 21:54:46.877366 [Main] 		Starting the module Threat Intelligence (Check if the source IP or destination IP are in a malicious list of IPs) [PID 1014]
2025/11/26 21:54:46.917938 [Main] 		Starting the module Timeline (Creates kalipso timeline of what happened in the network based on flows and available data) [PID 1016]
2025/11/26 21:54:47.222277 [Main] 		Starting the module Update Manager (Update Threat Intelligence files) [PID 1017]
2025/11/26 21:54:47.230077 [Update Manager] Checking if we need to download TI files.
2025/11/26 21:54:47.264111 [Main] 		Starting the module Virustotal (IP, domain and file hash lookup on Virustotal) [PID 1018]
2025/11/26 21:54:47.765016 [Main] Disabled Modules: ['template', 'exporting_alerts', 'p2ptrust', 'fidesModule', 'irisModule', 'cesnet', 'blocking', 'arp_poisoner', 'leak_detector', 'cyst']
2025/11/26 21:54:48.044482 [Main] Started Evidence Process [PID 1019]
2025/11/26 21:54:48.051197 [EvidenceHandler] Using threshold: 0.25
2025/11/26 21:54:48.327704 [Main] Started Profiler Process [PID 1020]
2025/11/26 21:54:48.333834 [Main] Metadata added to output/router_2025-11-26_21-53-11.pcap_2025-11-26_21:54:41/metadata
2025/11/26 21:54:48.373423 [Main] Started Input Process [PID 1024]
2025/11/26 21:54:48.384172 [Input] Storing zeek log files in output/router_2025-11-26_21-53-11.pcap_2025-11-26_21:54:41/zeek_files
2025/11/26 21:54:48.391418 [Main] Warning: Slips may generate a large amount of traffic by querying TI sites.
2025/11/26 21:54:51.428784 [Profiler] Used local network: 172.16.0.0/12
2025/11/26 21:55:21.393898 [Input] Done reading all flows. Stopping the input process. Sent 110 lines for the profiler process.
2025/11/26 21:55:21.394290 [Input] Telling Profiler to stop because no more input is arriving.
2025/11/26 21:55:21.394370 [Input] Waiting for Profiler to stop.
2025/11/26 21:55:21.395835 [Profiler] Stopping. Total lines read: 110
2025/11/26 21:55:21.396137 [Profiler] Marking Profiler as done processing.
2025/11/26 21:55:21.396324 [Profiler] Profiler is done processing.
2025/11/26 21:55:21.396581 [Profiler] Profiler is done telling input.py that it's done processing.
2025/11/26 21:55:21.396591 [Input] Input is done processing.
2025/11/26 21:55:21.401812 [Input] Stopping. Total lines read: 110
2025/11/26 21:55:23.493793 [Main] 
---------------------------
2025/11/26 21:55:23.493950 [Main] Stopping Slips
2025/11/26 21:55:23.498665 [Main] Total flows read (without altflows): 6
2025/11/26 21:55:23.499302 [Main] Killing modules that took more than 0.0 mins to finish.
2025/11/26 21:55:23.529919 [Main] 	ARP                  	Stopped. 12 left.
2025/11/26 21:55:26.449347 [Main] 	Flow Alerts          	Stopped. 11 left.
2025/11/26 21:55:26.452782 [Main] 	Network Discovery    	Stopped. 10 left.
2025/11/26 21:55:26.456012 [Main] 	Timeline             	Stopped. 9 left.
2025/11/26 21:55:26.459106 [Main] 	Threat Intelligence  	Stopped. 8 left.
2025/11/26 21:55:26.462188 [Main] 	IP Info              	Stopped. 7 left.
2025/11/26 21:55:29.467950 [Main] 	EvidenceHandler      	Stopped. 6 left.
2025/11/26 21:55:29.471510 [Main] 	Profiler             	Stopped. 5 left.
2025/11/26 21:55:29.474966 [Main] 	Input                	Stopped. 4 left.
2025/11/26 21:55:29.478193 [Main] 	RNN C&C Detection    	Stopped. 3 left.
2025/11/26 21:55:32.485181 [Main] 	Update Manager       	Stopped. 2 left.
2025/11/26 21:55:32.488783 [Main] 	Flow ML Detection    	Stopped. 1 left.
2025/11/26 21:55:32.492213 [Main] 	HTTP Analyzer        	Stopped. 0 left.
2025/11/26 21:55:32.493498 [Main] Analysis of dataset/router_2025-11-26_21-53-11.pcap finished in 5.31 minutes
2025/11/26 21:55:32.494975 [Main] [Process Manager] Slips didn't shutdown gracefully - Killing modules that took more than 0.0 mins to finish.

