2025/11/26 22:12:36.468693 [Main] Storing Slips logs in output/router_2025-11-26_22-10-44.pcap_2025-11-26_22:12:36/
2025/11/26 22:12:37.509165 [Main] Using redis server on port: 6379
2025/11/26 22:12:37.509287 [Main] Started Main process [PID 4324]
2025/11/26 22:12:37.841226 [Main] Starting modules
2025/11/26 22:12:40.816919 [Main] 		Starting the module ARP (Detect ARP attacks) [PID 4345]
2025/11/26 22:12:41.170714 [Main] 		Starting the module Flow Alerts (Alerts about flows: long connection, successful ssh, password guessing, self-signed certificate, data exfiltration, etc.) [PID 4347]
2025/11/26 22:12:41.210296 [Main] 		Starting the module Flow ML Detection (Train or test a Machine Learning model to detect malicious flows) [PID 4349]
2025/11/26 22:12:41.251218 [Main] 		Starting the module HTTP Analyzer (Analyze HTTP flows) [PID 4350]
2025/11/26 22:12:41.513427 [Main] 		Starting the module IP Info (Get different info about an IP/MAC address) [PID 4351]
2025/11/26 22:12:41.530690 [Main] 		Starting the module Network Discovery (Detect Horizonal, Vertical, ICMP and DHCP Scans.) [PID 4352]
2025/11/26 22:12:41.571079 [Main] 		Starting the module Risk IQ (Module to get passive DNS info about IPs from RiskIQ) [PID 4353]
2025/11/26 22:12:41.612694 [Main] 		Starting the module RNN C&C Detection (Detect C&C channels based on behavioral letters) [PID 4354]
2025/11/26 22:12:41.658209 [Main] 		Starting the module Threat Intelligence (Check if the source IP or destination IP are in a malicious list of IPs) [PID 4364]
2025/11/26 22:12:41.701088 [Main] 		Starting the module Timeline (Creates kalipso timeline of what happened in the network based on flows and available data) [PID 4366]
2025/11/26 22:12:42.005842 [Main] 		Starting the module Update Manager (Update Threat Intelligence files) [PID 4367]
2025/11/26 22:12:42.013228 [Update Manager] Checking if we need to download TI files.
2025/11/26 22:12:42.048240 [Main] 		Starting the module Virustotal (IP, domain and file hash lookup on Virustotal) [PID 4368]
2025/11/26 22:12:42.549275 [Main] Disabled Modules: ['template', 'exporting_alerts', 'p2ptrust', 'fidesModule', 'irisModule', 'cesnet', 'blocking', 'arp_poisoner', 'leak_detector', 'cyst']
2025/11/26 22:12:42.828781 [Main] Started Evidence Process [PID 4369]
2025/11/26 22:12:42.835623 [EvidenceHandler] Using threshold: 0.25
2025/11/26 22:12:43.113063 [Main] Started Profiler Process [PID 4370]
2025/11/26 22:12:43.117881 [Main] Metadata added to output/router_2025-11-26_22-10-44.pcap_2025-11-26_22:12:36/metadata
2025/11/26 22:12:43.156700 [Main] Started Input Process [PID 4374]
2025/11/26 22:12:43.171473 [Main] Warning: Slips may generate a large amount of traffic by querying TI sites.
2025/11/26 22:12:43.173108 [Input] Storing zeek log files in output/router_2025-11-26_22-10-44.pcap_2025-11-26_22:12:36/zeek_files
2025/11/26 22:12:46.226198 [Profiler] Used local network: 172.16.0.0/12
2025/11/26 22:13:16.183309 [Input] Done reading all flows. Stopping the input process. Sent 230 lines for the profiler process.
2025/11/26 22:13:16.183475 [Input] Telling Profiler to stop because no more input is arriving.
2025/11/26 22:13:16.183542 [Input] Waiting for Profiler to stop.
2025/11/26 22:13:16.185082 [Profiler] Stopping. Total lines read: 230
2025/11/26 22:13:16.185214 [Profiler] Marking Profiler as done processing.
2025/11/26 22:13:16.185262 [Profiler] Profiler is done processing.
2025/11/26 22:13:16.185465 [Profiler] Profiler is done telling input.py that it's done processing.
2025/11/26 22:13:16.185480 [Input] Input is done processing.
2025/11/26 22:13:16.189637 [Input] Stopping. Total lines read: 230
2025/11/26 22:13:18.280662 [Main] 
---------------------------
2025/11/26 22:13:18.280819 [Main] Stopping Slips
2025/11/26 22:13:18.285192 [Main] Total flows read (without altflows): 7
2025/11/26 22:13:18.285993 [Main] Killing modules that took more than 0.0 mins to finish.
2025/11/26 22:13:21.293229 [Main] 	Update Manager       	Stopped. 12 left.
2025/11/26 22:13:21.297000 [Main] 	ARP                  	Stopped. 11 left.
2025/11/26 22:13:21.300494 [Main] 	Threat Intelligence  	Stopped. 10 left.
2025/11/26 22:13:21.303781 [Main] 	Profiler             	Stopped. 9 left.
2025/11/26 22:13:21.307408 [Main] 	RNN C&C Detection    	Stopped. 8 left.
2025/11/26 22:13:21.310797 [Main] 	Flow Alerts          	Stopped. 7 left.
2025/11/26 22:13:21.314311 [Main] 	Network Discovery    	Stopped. 6 left.
2025/11/26 22:13:21.317699 [Main] 	Timeline             	Stopped. 5 left.
2025/11/26 22:13:21.321119 [Main] 	Input                	Stopped. 4 left.
2025/11/26 22:13:21.324436 [Main] 	Flow ML Detection    	Stopped. 3 left.
2025/11/26 22:13:24.331113 [Main] 	IP Info              	Stopped. 2 left.
2025/11/26 22:13:24.334746 [Main] 	HTTP Analyzer        	Stopped. 1 left.
2025/11/26 22:13:27.341498 [Main] 	EvidenceHandler      	Stopped. 0 left.
2025/11/26 22:13:27.342789 [Main] Analysis of dataset/router_2025-11-26_22-10-44.pcap finished in 23.23 minutes
2025/11/26 22:13:27.344183 [Main] [Process Manager] Slips didn't shutdown gracefully - Killing modules that took more than 0.0 mins to finish.

