2025/11/27 16:38:42.013779 [Main] Storing Slips logs in output/router_2025-11-27_16-36-56.pcap_2025-11-27_16:38:41/
2025/11/27 16:38:43.054586 [Main] Using redis server on port: 6379
2025/11/27 16:38:43.054725 [Main] Started Main process [PID 12590]
2025/11/27 16:38:43.391507 [Main] Starting modules
2025/11/27 16:38:46.484613 [Main] 		Starting the module ARP (Detect ARP attacks) [PID 12624]
2025/11/27 16:38:46.842178 [Main] 		Starting the module Flow Alerts (Alerts about flows: long connection, successful ssh, password guessing, self-signed certificate, data exfiltration, etc.) [PID 12626]
2025/11/27 16:38:46.882601 [Main] 		Starting the module Flow ML Detection (Train or test a Machine Learning model to detect malicious flows) [PID 12628]
2025/11/27 16:38:46.925035 [Main] 		Starting the module HTTP Analyzer (Analyze HTTP flows) [PID 12629]
2025/11/27 16:38:47.190602 [Main] 		Starting the module IP Info (Get different info about an IP/MAC address) [PID 12637]
2025/11/27 16:38:47.209598 [Main] 		Starting the module Network Discovery (Detect Horizonal, Vertical, ICMP and DHCP Scans.) [PID 12638]
2025/11/27 16:38:47.250043 [Main] 		Starting the module Risk IQ (Module to get passive DNS info about IPs from RiskIQ) [PID 12639]
2025/11/27 16:38:47.290835 [Main] 		Starting the module RNN C&C Detection (Detect C&C channels based on behavioral letters) [PID 12640]
2025/11/27 16:38:47.334607 [Main] 		Starting the module Threat Intelligence (Check if the source IP or destination IP are in a malicious list of IPs) [PID 12650]
2025/11/27 16:38:47.377426 [Main] 		Starting the module Timeline (Creates kalipso timeline of what happened in the network based on flows and available data) [PID 12652]
2025/11/27 16:38:47.681569 [Main] 		Starting the module Update Manager (Update Threat Intelligence files) [PID 12653]
2025/11/27 16:38:47.689208 [Update Manager] Checking if we need to download TI files.
2025/11/27 16:38:47.725243 [Main] 		Starting the module Virustotal (IP, domain and file hash lookup on Virustotal) [PID 12654]
2025/11/27 16:38:48.226220 [Main] Disabled Modules: ['template', 'exporting_alerts', 'p2ptrust', 'fidesModule', 'irisModule', 'cesnet', 'blocking', 'arp_poisoner', 'leak_detector', 'cyst']
2025/11/27 16:38:48.508202 [Main] Started Evidence Process [PID 12655]
2025/11/27 16:38:48.514964 [EvidenceHandler] Using threshold: 0.25
2025/11/27 16:38:48.792734 [Main] Started Profiler Process [PID 12656]
2025/11/27 16:38:48.798538 [Main] Metadata added to output/router_2025-11-27_16-36-56.pcap_2025-11-27_16:38:41/metadata
2025/11/27 16:38:48.843966 [Main] Started Input Process [PID 12660]
2025/11/27 16:38:48.851823 [Input] Storing zeek log files in output/router_2025-11-27_16-36-56.pcap_2025-11-27_16:38:41/zeek_files
2025/11/27 16:38:48.865201 [Main] Warning: Slips may generate a large amount of traffic by querying TI sites.
2025/11/27 16:38:49.307435 [Input] Zeek error. return code: 0 error:b"1764261473.592416 warning in /opt/zeek/share/zeek/base/misc/find-filtered-trace.zeek, line 69: The analyzed trace file was determined to contain only TCP control packets, which may indicate it's been pre-filtered.  By default, Zeek reports the missing segments for this type of trace, but the 'detect_filtered_trace' option may be toggled if that's not desired."
2025/11/27 16:38:51.908475 [Profiler] Used local network: 172.16.0.0/12
2025/11/27 16:39:21.865307 [Input] Done reading all flows. Stopping the input process. Sent 385 lines for the profiler process.
2025/11/27 16:39:21.865909 [Input] Telling Profiler to stop because no more input is arriving.
2025/11/27 16:39:21.866105 [Input] Waiting for Profiler to stop.
2025/11/27 16:39:21.868724 [Profiler] Stopping. Total lines read: 385
2025/11/27 16:39:21.868862 [Profiler] Marking Profiler as done processing.
2025/11/27 16:39:21.868910 [Profiler] Profiler is done processing.
2025/11/27 16:39:21.869009 [Profiler] Profiler is done telling input.py that it's done processing.
2025/11/27 16:39:21.869022 [Input] Input is done processing.
2025/11/27 16:39:21.869888 [Input] Stopping. Total lines read: 385
2025/11/27 16:39:23.978809 [Main] 
---------------------------
2025/11/27 16:39:23.978989 [Main] Stopping Slips
2025/11/27 16:39:23.983579 [Main] Total flows read (without altflows): 15
2025/11/27 16:39:23.984544 [Main] Killing modules that took more than 0.0 mins to finish.
2025/11/27 16:39:23.991969 [Main] 	Input                	Stopped. 12 left.
2025/11/27 16:39:26.996906 [Main] 	EvidenceHandler      	Stopped. 11 left.
2025/11/27 16:39:27.000570 [Main] 	Flow Alerts          	Stopped. 10 left.
2025/11/27 16:39:27.004134 [Main] 	Network Discovery    	Stopped. 9 left.
2025/11/27 16:39:27.007454 [Main] 	Timeline             	Stopped. 8 left.
2025/11/27 16:39:30.014540 [Main] 	Update Manager       	Stopped. 7 left.
2025/11/27 16:39:30.017996 [Main] 	RNN C&C Detection    	Stopped. 6 left.
2025/11/27 16:39:30.021614 [Main] 	HTTP Analyzer        	Stopped. 5 left.
2025/11/27 16:39:30.024933 [Main] 	Flow ML Detection    	Stopped. 4 left.
2025/11/27 16:39:30.028342 [Main] 	ARP                  	Stopped. 3 left.
2025/11/27 16:39:33.035315 [Main] 	IP Info              	Stopped. 2 left.
2025/11/27 16:39:33.039040 [Main] 	Profiler             	Stopped. 1 left.
2025/11/27 16:39:33.042457 [Main] 	Threat Intelligence  	Stopped. 0 left.
2025/11/27 16:39:33.043527 [Main] Analysis of dataset/router_2025-11-27_16-36-56.pcap finished in 51.19 minutes
2025/11/27 16:39:33.045015 [Main] [Process Manager] Slips didn't shutdown gracefully - Killing modules that took more than 0.0 mins to finish.

