2025/11/26 21:52:57.554173 [Main] Storing Slips logs in output/router_2025-11-26_21-51-09.pcap_2025-11-26_21:52:57/
2025/11/26 21:52:58.594622 [Main] Using redis server on port: 6379
2025/11/26 21:52:58.594756 [Main] Started Main process [PID 633]
2025/11/26 21:52:58.930161 [Main] Starting modules
2025/11/26 21:53:01.921526 [Main] 		Starting the module ARP (Detect ARP attacks) [PID 654]
2025/11/26 21:53:02.277221 [Main] 		Starting the module Flow Alerts (Alerts about flows: long connection, successful ssh, password guessing, self-signed certificate, data exfiltration, etc.) [PID 656]
2025/11/26 21:53:02.318405 [Main] 		Starting the module Flow ML Detection (Train or test a Machine Learning model to detect malicious flows) [PID 658]
2025/11/26 21:53:02.360962 [Main] 		Starting the module HTTP Analyzer (Analyze HTTP flows) [PID 659]
2025/11/26 21:53:02.625489 [Main] 		Starting the module IP Info (Get different info about an IP/MAC address) [PID 660]
2025/11/26 21:53:02.643696 [Main] 		Starting the module Network Discovery (Detect Horizonal, Vertical, ICMP and DHCP Scans.) [PID 661]
2025/11/26 21:53:02.685053 [Main] 		Starting the module Risk IQ (Module to get passive DNS info about IPs from RiskIQ) [PID 662]
2025/11/26 21:53:02.726631 [Main] 		Starting the module RNN C&C Detection (Detect C&C channels based on behavioral letters) [PID 663]
2025/11/26 21:53:02.770876 [Main] 		Starting the module Threat Intelligence (Check if the source IP or destination IP are in a malicious list of IPs) [PID 673]
2025/11/26 21:53:02.812609 [Main] 		Starting the module Timeline (Creates kalipso timeline of what happened in the network based on flows and available data) [PID 675]
2025/11/26 21:53:03.118533 [Main] 		Starting the module Update Manager (Update Threat Intelligence files) [PID 676]
2025/11/26 21:53:03.126475 [Update Manager] Checking if we need to download TI files.
2025/11/26 21:53:03.162805 [Main] 		Starting the module Virustotal (IP, domain and file hash lookup on Virustotal) [PID 677]
2025/11/26 21:53:03.663688 [Main] Disabled Modules: ['template', 'exporting_alerts', 'p2ptrust', 'fidesModule', 'irisModule', 'cesnet', 'blocking', 'arp_poisoner', 'leak_detector', 'cyst']
2025/11/26 21:53:03.945849 [Main] Started Evidence Process [PID 678]
2025/11/26 21:53:03.952648 [EvidenceHandler] Using threshold: 0.25
2025/11/26 21:53:04.229828 [Main] Started Profiler Process [PID 679]
2025/11/26 21:53:04.236157 [Main] Metadata added to output/router_2025-11-26_21-51-09.pcap_2025-11-26_21:52:57/metadata
2025/11/26 21:53:04.276691 [Main] Started Input Process [PID 683]
2025/11/26 21:53:04.284942 [Input] Storing zeek log files in output/router_2025-11-26_21-51-09.pcap_2025-11-26_21:52:57/zeek_files
2025/11/26 21:53:04.292122 [Main] Warning: Slips may generate a large amount of traffic by querying TI sites.
2025/11/26 21:53:07.342542 [Profiler] Used local network: 172.16.0.0/12
2025/11/26 21:53:07.344046 [Profiler] Used local network: 172.16.0.0/12
2025/11/26 21:53:37.296913 [Input] Done reading all flows. Stopping the input process. Sent 73 lines for the profiler process.
2025/11/26 21:53:37.297434 [Input] Telling Profiler to stop because no more input is arriving.
2025/11/26 21:53:37.297540 [Input] Waiting for Profiler to stop.
2025/11/26 21:53:37.298985 [Profiler] Stopping. Total lines read: 73
2025/11/26 21:53:37.299108 [Profiler] Marking Profiler as done processing.
2025/11/26 21:53:37.299154 [Profiler] Profiler is done processing.
2025/11/26 21:53:37.299374 [Profiler] Profiler is done telling input.py that it's done processing.
2025/11/26 21:53:37.299392 [Input] Input is done processing.
2025/11/26 21:53:37.303922 [Input] Stopping. Total lines read: 73
2025/11/26 21:53:39.394900 [Main] 
---------------------------
2025/11/26 21:53:39.395069 [Main] Stopping Slips
2025/11/26 21:53:39.399310 [Main] Total flows read (without altflows): 4
2025/11/26 21:53:39.400143 [Main] Killing modules that took more than 0.0 mins to finish.
2025/11/26 21:53:39.433389 [Main] 	Network Discovery    	Stopped. 12 left.
2025/11/26 21:53:39.437297 [Main] 	IP Info              	Stopped. 11 left.
2025/11/26 21:53:39.440488 [Main] 	Profiler             	Stopped. 10 left.
2025/11/26 21:53:42.447160 [Main] 	Update Manager       	Stopped. 9 left.
2025/11/26 21:53:45.453312 [Main] 	EvidenceHandler      	Stopped. 8 left.
2025/11/26 21:53:45.456726 [Main] 	Input                	Stopped. 7 left.
2025/11/26 21:53:45.459998 [Main] 	ARP                  	Stopped. 6 left.
2025/11/26 21:53:45.463318 [Main] 	Flow ML Detection    	Stopped. 5 left.
2025/11/26 21:53:45.466355 [Main] 	Threat Intelligence  	Stopped. 4 left.
2025/11/26 21:53:45.469324 [Main] 	RNN C&C Detection    	Stopped. 3 left.
2025/11/26 21:53:45.472302 [Main] 	Timeline             	Stopped. 2 left.
2025/11/26 21:53:45.475120 [Main] 	Flow Alerts          	Stopped. 1 left.
2025/11/26 21:53:45.478120 [Main] 	HTTP Analyzer        	Stopped. 0 left.
2025/11/26 21:53:45.479195 [Main] Analysis of dataset/router_2025-11-26_21-51-09.pcap finished in 3.53 minutes
2025/11/26 21:53:45.480704 [Main] [Process Manager] Slips didn't shutdown gracefully - Killing modules that took more than 0.0 mins to finish.

