2025/11/26 22:05:39.345583 [Main] Storing Slips logs in output/router_2025-11-26_22-04-25.pcap_2025-11-26_22:05:39/
2025/11/26 22:05:40.385773 [Main] Using redis server on port: 6379
2025/11/26 22:05:40.385893 [Main] Started Main process [PID 3056]
2025/11/26 22:05:40.721353 [Main] Starting modules
2025/11/26 22:05:43.695206 [Main] 		Starting the module ARP (Detect ARP attacks) [PID 3077]
2025/11/26 22:05:44.053079 [Main] 		Starting the module Flow Alerts (Alerts about flows: long connection, successful ssh, password guessing, self-signed certificate, data exfiltration, etc.) [PID 3079]
2025/11/26 22:05:44.091983 [Main] 		Starting the module Flow ML Detection (Train or test a Machine Learning model to detect malicious flows) [PID 3081]
2025/11/26 22:05:44.132678 [Main] 		Starting the module HTTP Analyzer (Analyze HTTP flows) [PID 3082]
2025/11/26 22:05:44.398023 [Main] 		Starting the module IP Info (Get different info about an IP/MAC address) [PID 3083]
2025/11/26 22:05:44.416152 [Main] 		Starting the module Network Discovery (Detect Horizonal, Vertical, ICMP and DHCP Scans.) [PID 3084]
2025/11/26 22:05:44.456150 [Main] 		Starting the module Risk IQ (Module to get passive DNS info about IPs from RiskIQ) [PID 3085]
2025/11/26 22:05:44.496289 [Main] 		Starting the module RNN C&C Detection (Detect C&C channels based on behavioral letters) [PID 3086]
2025/11/26 22:05:44.539512 [Main] 		Starting the module Threat Intelligence (Check if the source IP or destination IP are in a malicious list of IPs) [PID 3096]
2025/11/26 22:05:44.579136 [Main] 		Starting the module Timeline (Creates kalipso timeline of what happened in the network based on flows and available data) [PID 3098]
2025/11/26 22:05:44.883574 [Main] 		Starting the module Update Manager (Update Threat Intelligence files) [PID 3099]
2025/11/26 22:05:44.890411 [Update Manager] Checking if we need to download TI files.
2025/11/26 22:05:44.925349 [Main] 		Starting the module Virustotal (IP, domain and file hash lookup on Virustotal) [PID 3100]
2025/11/26 22:05:45.426013 [Main] Disabled Modules: ['template', 'exporting_alerts', 'p2ptrust', 'fidesModule', 'irisModule', 'cesnet', 'blocking', 'arp_poisoner', 'leak_detector', 'cyst']
2025/11/26 22:05:45.707962 [Main] Started Evidence Process [PID 3101]
2025/11/26 22:05:45.714928 [EvidenceHandler] Using threshold: 0.25
2025/11/26 22:05:45.991503 [Main] Started Profiler Process [PID 3102]
2025/11/26 22:05:45.997037 [Main] Metadata added to output/router_2025-11-26_22-04-25.pcap_2025-11-26_22:05:39/metadata
2025/11/26 22:05:46.035059 [Main] Started Input Process [PID 3106]
2025/11/26 22:05:46.043555 [Input] Storing zeek log files in output/router_2025-11-26_22-04-25.pcap_2025-11-26_22:05:39/zeek_files
2025/11/26 22:05:46.052526 [Main] Warning: Slips may generate a large amount of traffic by querying TI sites.
2025/11/26 22:05:49.095892 [Profiler] Used local network: 172.16.0.0/12
2025/11/26 22:06:19.053624 [Input] Done reading all flows. Stopping the input process. Sent 158 lines for the profiler process.
2025/11/26 22:06:19.054127 [Input] Telling Profiler to stop because no more input is arriving.
2025/11/26 22:06:19.054352 [Input] Waiting for Profiler to stop.
2025/11/26 22:06:19.055973 [Profiler] Stopping. Total lines read: 158
2025/11/26 22:06:19.056247 [Profiler] Marking Profiler as done processing.
2025/11/26 22:06:19.056449 [Profiler] Profiler is done processing.
2025/11/26 22:06:19.056738 [Input] Input is done processing.
2025/11/26 22:06:19.056734 [Profiler] Profiler is done telling input.py that it's done processing.
2025/11/26 22:06:19.062127 [Input] Stopping. Total lines read: 158
2025/11/26 22:06:21.163249 [Main] 
---------------------------
2025/11/26 22:06:21.163413 [Main] Stopping Slips
2025/11/26 22:06:21.167601 [Main] Total flows read (without altflows): 6
2025/11/26 22:06:21.168296 [Main] Killing modules that took more than 0.0 mins to finish.
2025/11/26 22:06:21.197814 [Main] 	ARP                  	Stopped. 12 left.
2025/11/26 22:06:24.107370 [Main] 	Flow Alerts          	Stopped. 11 left.
2025/11/26 22:06:24.110745 [Main] 	Network Discovery    	Stopped. 10 left.
2025/11/26 22:06:24.113827 [Main] 	Timeline             	Stopped. 9 left.
2025/11/26 22:06:24.116861 [Main] 	Threat Intelligence  	Stopped. 8 left.
2025/11/26 22:06:27.123646 [Main] 	Update Manager       	Stopped. 7 left.
2025/11/26 22:06:30.130734 [Main] 	IP Info              	Stopped. 6 left.
2025/11/26 22:06:33.137133 [Main] 	EvidenceHandler      	Stopped. 5 left.
2025/11/26 22:06:33.140799 [Main] 	Profiler             	Stopped. 4 left.
2025/11/26 22:06:33.144223 [Main] 	Input                	Stopped. 3 left.
2025/11/26 22:06:33.147401 [Main] 	RNN C&C Detection    	Stopped. 2 left.
2025/11/26 22:06:33.150357 [Main] 	Flow ML Detection    	Stopped. 1 left.
2025/11/26 22:06:33.153374 [Main] 	HTTP Analyzer        	Stopped. 0 left.
2025/11/26 22:06:33.154387 [Main] Analysis of dataset/router_2025-11-26_22-04-25.pcap finished in 16.33 minutes
2025/11/26 22:06:33.156204 [Main] [Process Manager] Slips didn't shutdown gracefully - Killing modules that took more than 0.0 mins to finish.

